Using pre-set license
Built from '2020.3/staging' branch; Version is '2020.3.4f1 (0abb6314276a) revision 703331'; Using compiler version '192528614'; Build Type 'Release'
OS: 'Windows 10 Home; OS build 19042.928; Version 2009; 64bit' Language: 'en' Physical Memory: 8140 MB
BatchMode: 1, IsHumanControllingUs: 0, StartBugReporterOnCrash: 0, Is64bit: 1, IsPro: 0

 COMMAND LINE ARGUMENTS:
C:\Program Files\Unity\Hub\Editor\2020.3.4f1\Editor\Unity.exe
-adb2
-batchMode
-noUpm
-name
AssetImportWorker3
-projectPath
D:/Games/New Project/LearnToLearn/LearnToLearn
-logFile
Logs/AssetImportWorker3.log
-srvPort
58668
Successfully changed project path to: D:/Games/New Project/LearnToLearn/LearnToLearn
D:/Games/New Project/LearnToLearn/LearnToLearn
Using Asset Import Pipeline V2.
Refreshing native plugins compatible for Editor in 66.14 ms, found 1 plugins.
Preloading 0 native plugins for Editor in 0.00 ms.
Initialize engine version: 2020.3.4f1 (0abb6314276a)
[Subsystems] Discovering subsystems at path C:/Program Files/Unity/Hub/Editor/2020.3.4f1/Editor/Data/Resources/UnitySubsystems
[Subsystems] Discovering subsystems at path D:/Games/New Project/LearnToLearn/LearnToLearn/Assets
GfxDevice: creating device client; threaded=0
Direct3D:
    Version:  Direct3D 11.0 [level 11.1]
    Renderer: NVIDIA GeForce GTX 1650 SUPER (ID=0x2187)
    Vendor:   
    VRAM:     3955 MB
    Driver:   27.21.14.6611
Shader 'Universal Render Pipeline/Particles/Lit': fallback shader 'Universal Render Pipeline/Particles/SimpleLit' not found
Initialize mono
Mono path[0] = 'C:/Program Files/Unity/Hub/Editor/2020.3.4f1/Editor/Data/Managed'
Mono path[1] = 'C:/Program Files/Unity/Hub/Editor/2020.3.4f1/Editor/Data/MonoBleedingEdge/lib/mono/unityjit'
Mono config path = 'C:/Program Files/Unity/Hub/Editor/2020.3.4f1/Editor/Data/MonoBleedingEdge/etc'
Using monoOptions --debugger-agent=transport=dt_socket,embedding=1,server=y,suspend=n,address=127.0.0.1:56284
Begin MonoManager ReloadAssembly
Registering precompiled unity dll's ...
Register platform support module: C:/Program Files/Unity/Hub/Editor/2020.3.4f1/Editor/Data/PlaybackEngines/WebGLSupport/UnityEditor.WebGL.Extensions.dll
Register platform support module: C:/Program Files/Unity/Hub/Editor/2020.3.4f1/Editor/Data/PlaybackEngines/WindowsStandaloneSupport/UnityEditor.WindowsStandalone.Extensions.dll
Registered in 0.002290 seconds.
Native extension for WindowsStandalone target not found
Native extension for WebGL target not found
Refreshing native plugins compatible for Editor in 68.84 ms, found 1 plugins.
Preloading 0 native plugins for Editor in 0.00 ms.
Mono: successfully reloaded assembly
- Completed reload, in  1.786 seconds
Platform modules already initialized, skipping
Registering precompiled user dll's ...
Registered in 0.001242 seconds.
Begin MonoManager ReloadAssembly
Native extension for WindowsStandalone target not found
Native extension for WebGL target not found
Refreshing native plugins compatible for Editor in 68.47 ms, found 1 plugins.
Preloading 0 native plugins for Editor in 0.00 ms.
Mono: successfully reloaded assembly
- Completed reload, in  0.919 seconds
Platform modules already initialized, skipping
========================================================================
Worker process is ready to serve import requests
Shader 'Universal Render Pipeline/Particles/Lit': fallback shader 'Universal Render Pipeline/Particles/SimpleLit' not found
Launched and connected shader compiler UnityShaderCompiler.exe after 0.15 seconds
Refreshing native plugins compatible for Editor in 0.81 ms, found 1 plugins.
Preloading 0 native plugins for Editor in 0.00 ms.
Unloading 3285 Unused Serialized files (Serialized files now loaded: 0)
System memory in use before: 158.0 MB.
System memory in use after: 158.2 MB.

Unloading 20 unused Assets to reduce memory usage. Loaded Objects now: 3750.
Total: 3.434100 ms (FindLiveObjects: 0.751400 ms CreateObjectMapping: 0.322100 ms MarkObjects: 2.238100 ms  DeleteObjects: 0.121500 ms)

========================================================================
Received Import Request.
  path: Assets/SCRIPTS/RAISETHEROOF/SwitchRR.cs
  artifactKey: Guid(0f8d202f64977784e93e242074522309) Importer(815301076,1909f56bfc062723c751e8b465ee728b)
Start importing Assets/SCRIPTS/RAISETHEROOF/SwitchRR.cs using Guid(0f8d202f64977784e93e242074522309) Importer(815301076,1909f56bfc062723c751e8b465ee728b)  -> (artifact id: 'd8f60746447ec5b19a9389ca13a58e8f') in 0.163766 seconds
  Import took 0.199831 seconds .

========================================================================
Received Import Request.
  Time since last request: 315.423585 seconds.
  path: Assets/SCRIPTS/MainMenu/MainMenu.cs
  artifactKey: Guid(e4d4cd5d029b7f947bcd35ef18fd2275) Importer(815301076,1909f56bfc062723c751e8b465ee728b)
Start importing Assets/SCRIPTS/MainMenu/MainMenu.cs using Guid(e4d4cd5d029b7f947bcd35ef18fd2275) Importer(815301076,1909f56bfc062723c751e8b465ee728b)  -> (artifact id: 'cdbe21745f6c9869514ef83a0c610e03') in 0.024116 seconds
  Import took 0.053477 seconds .

========================================================================
Received Import Request.
  Time since last request: 6.100876 seconds.
  path: Assets/SCRIPTS/MainMenu/MainMenu.cs
  artifactKey: Guid(e4d4cd5d029b7f947bcd35ef18fd2275) Importer(815301076,1909f56bfc062723c751e8b465ee728b)
Start importing Assets/SCRIPTS/MainMenu/MainMenu.cs using Guid(e4d4cd5d029b7f947bcd35ef18fd2275) Importer(815301076,1909f56bfc062723c751e8b465ee728b)  -> (artifact id: '5a1740fe82fae01b19782f77316f0ace') in 0.003413 seconds
  Import took 0.168198 seconds .

========================================================================
Received Import Request.
  Time since last request: 0.242432 seconds.
  path: Assets/SCRIPTS/MainMenu/MainMenu.cs
  artifactKey: Guid(e4d4cd5d029b7f947bcd35ef18fd2275) Importer(815301076,1909f56bfc062723c751e8b465ee728b)
Start importing Assets/SCRIPTS/MainMenu/MainMenu.cs using Guid(e4d4cd5d029b7f947bcd35ef18fd2275) Importer(815301076,1909f56bfc062723c751e8b465ee728b)  -> (artifact id: '5a1740fe82fae01b19782f77316f0ace') in 0.002570 seconds
  Import took 0.008523 seconds .

========================================================================
Received Prepare
Registering precompiled user dll's ...
Registered in 0.027172 seconds.
Begin MonoManager ReloadAssembly
Native extension for WindowsStandalone target not found
Native extension for WebGL target not found
Refreshing native plugins compatible for Editor in 0.77 ms, found 1 plugins.
Preloading 0 native plugins for Editor in 0.00 ms.
Mono: successfully reloaded assembly
- Completed reload, in  0.839 seconds
Platform modules already initialized, skipping
Shader 'Universal Render Pipeline/Particles/Lit': fallback shader 'Universal Render Pipeline/Particles/SimpleLit' not found
Refreshing native plugins compatible for Editor in 0.77 ms, found 1 plugins.
Preloading 0 native plugins for Editor in 0.00 ms.
Unloading 3153 Unused Serialized files (Serialized files now loaded: 0)
System memory in use before: 148.8 MB.
System memory in use after: 149.0 MB.

Unloading 9 unused Assets to reduce memory usage. Loaded Objects now: 3753.
Total: 2.760200 ms (FindLiveObjects: 0.556600 ms CreateObjectMapping: 0.186000 ms MarkObjects: 1.999100 ms  DeleteObjects: 0.017100 ms)

========================================================================
Received Prepare
Registering precompiled user dll's ...
Registered in 0.001187 seconds.
Begin MonoManager ReloadAssembly
Native extension for WindowsStandalone target not found
Native extension for WebGL target not found
Refreshing native plugins compatible for Editor in 0.78 ms, found 1 plugins.
Preloading 0 native plugins for Editor in 0.00 ms.
Mono: successfully reloaded assembly
- Completed reload, in  0.814 seconds
Platform modules already initialized, skipping
Shader 'Universal Render Pipeline/Particles/Lit': fallback shader 'Universal Render Pipeline/Particles/SimpleLit' not found
Refreshing native plugins compatible for Editor in 0.75 ms, found 1 plugins.
Preloading 0 native plugins for Editor in 0.00 ms.
Unloading 3153 Unused Serialized files (Serialized files now loaded: 0)
System memory in use before: 148.8 MB.
System memory in use after: 149.1 MB.

Unloading 9 unused Assets to reduce memory usage. Loaded Objects now: 3756.
Total: 2.736100 ms (FindLiveObjects: 0.417900 ms CreateObjectMapping: 0.110700 ms MarkObjects: 2.191100 ms  DeleteObjects: 0.015200 ms)

========================================================================
Received Prepare
Registering precompiled user dll's ...
Registered in 0.001351 seconds.
Begin MonoManager ReloadAssembly
Native extension for WindowsStandalone target not found
Native extension for WebGL target not found
Refreshing native plugins compatible for Editor in 0.75 ms, found 1 plugins.
Preloading 0 native plugins for Editor in 0.00 ms.
Mono: successfully reloaded assembly
- Completed reload, in  0.829 seconds
Platform modules already initialized, skipping
Shader 'Universal Render Pipeline/Particles/Lit': fallback shader 'Universal Render Pipeline/Particles/SimpleLit' not found
Refreshing native plugins compatible for Editor in 0.76 ms, found 1 plugins.
Preloading 0 native plugins for Editor in 0.00 ms.
Unloading 3153 Unused Serialized files (Serialized files now loaded: 0)
System memory in use before: 148.9 MB.
System memory in use after: 149.1 MB.

Unloading 9 unused Assets to reduce memory usage. Loaded Objects now: 3759.
Total: 2.253400 ms (FindLiveObjects: 0.377700 ms CreateObjectMapping: 0.087200 ms MarkObjects: 1.774700 ms  DeleteObjects: 0.012700 ms)

========================================================================
Received Import Request.
  Time since last request: 824.632733 seconds.
  path: Assets/PREFABS/RaiseTheRoof/Q 1.prefab
  artifactKey: Guid(c7c8681cabd244f4b8c077f2e0b45db8) Importer(815301076,1909f56bfc062723c751e8b465ee728b)
Start importing Assets/PREFABS/RaiseTheRoof/Q 1.prefab using Guid(c7c8681cabd244f4b8c077f2e0b45db8) Importer(815301076,1909f56bfc062723c751e8b465ee728b)  -> (artifact id: '203c95fa9bc6204a927b3a3716aca02a') in 0.201413 seconds
  Import took 0.257828 seconds .

========================================================================
Received Import Request.
  Time since last request: 0.755250 seconds.
  path: Assets/PREFABS/RaiseTheRoof/A 1.prefab
  artifactKey: Guid(c23a572d70da5cc45acf458784d251e1) Importer(815301076,1909f56bfc062723c751e8b465ee728b)
Start importing Assets/PREFABS/RaiseTheRoof/A 1.prefab using Guid(c23a572d70da5cc45acf458784d251e1) Importer(815301076,1909f56bfc062723c751e8b465ee728b)  -> (artifact id: 'f7bff27c15ce5df085972bf13c99f541') in 0.029614 seconds
  Import took 0.077277 seconds .

========================================================================
Received Prepare
Registering precompiled user dll's ...
Registered in 0.002002 seconds.
Begin MonoManager ReloadAssembly
Native extension for WindowsStandalone target not found
Native extension for WebGL target not found
Refreshing native plugins compatible for Editor in 0.91 ms, found 1 plugins.
Preloading 0 native plugins for Editor in 0.00 ms.
Mono: successfully reloaded assembly
- Completed reload, in  1.072 seconds
Platform modules already initialized, skipping
Shader 'Universal Render Pipeline/Particles/Lit': fallback shader 'Universal Render Pipeline/Particles/SimpleLit' not found
Refreshing native plugins compatible for Editor in 1.10 ms, found 1 plugins.
Preloading 0 native plugins for Editor in 0.00 ms.
Unloading 3153 Unused Serialized files (Serialized files now loaded: 0)
System memory in use before: 148.9 MB.
System memory in use after: 149.1 MB.

Unloading 9 unused Assets to reduce memory usage. Loaded Objects now: 3762.
Total: 2.392900 ms (FindLiveObjects: 0.396100 ms CreateObjectMapping: 0.085100 ms MarkObjects: 1.894700 ms  DeleteObjects: 0.015800 ms)

========================================================================
Received Import Request.
  Time since last request: 179.127437 seconds.
  path: Assets/PREFABS/RaiseTheRoof/Q 1.prefab
  artifactKey: Guid(c7c8681cabd244f4b8c077f2e0b45db8) Importer(815301076,1909f56bfc062723c751e8b465ee728b)
Start importing Assets/PREFABS/RaiseTheRoof/Q 1.prefab using Guid(c7c8681cabd244f4b8c077f2e0b45db8) Importer(815301076,1909f56bfc062723c751e8b465ee728b)  -> (artifact id: '1bfd22901dd8789340a2ec73a1cd6326') in 0.093186 seconds
  Import took 0.119054 seconds .

========================================================================
Received Import Request.
  Time since last request: 5.299446 seconds.
  path: Assets/PREFABS/RaiseTheRoof/Q 1.prefab
  artifactKey: Guid(c7c8681cabd244f4b8c077f2e0b45db8) Importer(815301076,1909f56bfc062723c751e8b465ee728b)
Start importing Assets/PREFABS/RaiseTheRoof/Q 1.prefab using Guid(c7c8681cabd244f4b8c077f2e0b45db8) Importer(815301076,1909f56bfc062723c751e8b465ee728b)  -> (artifact id: 'faa01221f80abd0833f5cd1c1f0d59e3') in 0.023622 seconds
  Import took 0.052654 seconds .

========================================================================
Received Import Request.
  Time since last request: 62.371372 seconds.
  path: Assets/PREFABS/RaiseTheRoof/Q 1.prefab
  artifactKey: Guid(c7c8681cabd244f4b8c077f2e0b45db8) Importer(815301076,1909f56bfc062723c751e8b465ee728b)
Start importing Assets/PREFABS/RaiseTheRoof/Q 1.prefab using Guid(c7c8681cabd244f4b8c077f2e0b45db8) Importer(815301076,1909f56bfc062723c751e8b465ee728b)  -> (artifact id: '91f369839d8d7e437968633f7d9cd0ba') in 0.023649 seconds
  Import took 0.035626 seconds .

========================================================================
Received Import Request.
  Time since last request: 1.300004 seconds.
  path: Assets/PREFABS/RaiseTheRoof/Q 1.prefab
  artifactKey: Guid(c7c8681cabd244f4b8c077f2e0b45db8) Importer(815301076,1909f56bfc062723c751e8b465ee728b)
Start importing Assets/PREFABS/RaiseTheRoof/Q 1.prefab using Guid(c7c8681cabd244f4b8c077f2e0b45db8) Importer(815301076,1909f56bfc062723c751e8b465ee728b)  -> (artifact id: '0b825ef858705cdf4d031fcd2c3b51ff') in 0.021177 seconds
  Import took 0.052040 seconds .

========================================================================
Received Prepare
Registering precompiled user dll's ...
Registered in 0.001165 seconds.
Begin MonoManager ReloadAssembly
Native extension for WindowsStandalone target not found
Native extension for WebGL target not found
Refreshing native plugins compatible for Editor in 0.91 ms, found 1 plugins.
Preloading 0 native plugins for Editor in 0.00 ms.
Mono: successfully reloaded assembly
- Completed reload, in  0.820 seconds
Platform modules already initialized, skipping
Shader 'Universal Render Pipeline/Particles/Lit': fallback shader 'Universal Render Pipeline/Particles/SimpleLit' not found
Refreshing native plugins compatible for Editor in 0.76 ms, found 1 plugins.
Preloading 0 native plugins for Editor in 0.00 ms.
Unloading 3153 Unused Serialized files (Serialized files now loaded: 0)
System memory in use before: 148.9 MB.
System memory in use after: 149.2 MB.

Unloading 9 unused Assets to reduce memory usage. Loaded Objects now: 3765.
Total: 2.295800 ms (FindLiveObjects: 0.382500 ms CreateObjectMapping: 0.085400 ms MarkObjects: 1.813100 ms  DeleteObjects: 0.013800 ms)

========================================================================
Received Prepare
Registering precompiled user dll's ...
Registered in 0.001333 seconds.
Begin MonoManager ReloadAssembly
Native extension for WindowsStandalone target not found
Native extension for WebGL target not found
Refreshing native plugins compatible for Editor in 0.76 ms, found 1 plugins.
Preloading 0 native plugins for Editor in 0.00 ms.
Mono: successfully reloaded assembly
- Completed reload, in  0.820 seconds
Platform modules already initialized, skipping
Shader 'Universal Render Pipeline/Particles/Lit': fallback shader 'Universal Render Pipeline/Particles/SimpleLit' not found
Refreshing native plugins compatible for Editor in 0.76 ms, found 1 plugins.
Preloading 0 native plugins for Editor in 0.00 ms.
Unloading 3153 Unused Serialized files (Serialized files now loaded: 0)
System memory in use before: 148.9 MB.
System memory in use after: 149.2 MB.

Unloading 9 unused Assets to reduce memory usage. Loaded Objects now: 3768.
Total: 2.324500 ms (FindLiveObjects: 0.381400 ms CreateObjectMapping: 0.100200 ms MarkObjects: 1.826800 ms  DeleteObjects: 0.014500 ms)

========================================================================
Received Import Request.
  Time since last request: 109.581391 seconds.
  path: Assets/PREFABS/RaiseTheRoof/A 1.prefab
  artifactKey: Guid(c23a572d70da5cc45acf458784d251e1) Importer(815301076,1909f56bfc062723c751e8b465ee728b)
Start importing Assets/PREFABS/RaiseTheRoof/A 1.prefab using Guid(c23a572d70da5cc45acf458784d251e1) Importer(815301076,1909f56bfc062723c751e8b465ee728b)  -> (artifact id: '58958958afd39eb568937cf488da0c54') in 0.083837 seconds
  Import took 0.126038 seconds .

========================================================================
Received Prepare
Registering precompiled user dll's ...
Registered in 0.001357 seconds.
Begin MonoManager ReloadAssembly
Native extension for WindowsStandalone target not found
Native extension for WebGL target not found
Refreshing native plugins compatible for Editor in 0.78 ms, found 1 plugins.
Preloading 0 native plugins for Editor in 0.00 ms.
Mono: successfully reloaded assembly
- Completed reload, in  0.879 seconds
Platform modules already initialized, skipping
Shader 'Universal Render Pipeline/Particles/Lit': fallback shader 'Universal Render Pipeline/Particles/SimpleLit' not found
Refreshing native plugins compatible for Editor in 0.75 ms, found 1 plugins.
Preloading 0 native plugins for Editor in 0.00 ms.
Unloading 3153 Unused Serialized files (Serialized files now loaded: 0)
System memory in use before: 149.0 MB.
System memory in use after: 149.2 MB.

Unloading 9 unused Assets to reduce memory usage. Loaded Objects now: 3771.
Total: 2.437000 ms (FindLiveObjects: 0.440800 ms CreateObjectMapping: 0.085600 ms MarkObjects: 1.893900 ms  DeleteObjects: 0.015500 ms)

========================================================================
Received Prepare
Registering precompiled user dll's ...
Registered in 0.001540 seconds.
Begin MonoManager ReloadAssembly
Native extension for WindowsStandalone target not found
Native extension for WebGL target not found
Refreshing native plugins compatible for Editor in 0.77 ms, found 1 plugins.
Preloading 0 native plugins for Editor in 0.00 ms.
Mono: successfully reloaded assembly
- Completed reload, in  0.798 seconds
Platform modules already initialized, skipping
Shader 'Universal Render Pipeline/Particles/Lit': fallback shader 'Universal Render Pipeline/Particles/SimpleLit' not found
Refreshing native plugins compatible for Editor in 0.78 ms, found 1 plugins.
Preloading 0 native plugins for Editor in 0.00 ms.
Unloading 3153 Unused Serialized files (Serialized files now loaded: 0)
System memory in use before: 149.0 MB.
System memory in use after: 149.2 MB.

Unloading 9 unused Assets to reduce memory usage. Loaded Objects now: 3774.
Total: 3.012900 ms (FindLiveObjects: 0.670600 ms CreateObjectMapping: 0.217700 ms MarkObjects: 2.099400 ms  DeleteObjects: 0.024100 ms)

========================================================================
Received Prepare
Registering precompiled user dll's ...
Registered in 0.001317 seconds.
Begin MonoManager ReloadAssembly
Native extension for WindowsStandalone target not found
Native extension for WebGL target not found
Refreshing native plugins compatible for Editor in 0.77 ms, found 1 plugins.
Preloading 0 native plugins for Editor in 0.00 ms.
Mono: successfully reloaded assembly
- Completed reload, in  0.820 seconds
Platform modules already initialized, skipping
Shader 'Universal Render Pipeline/Particles/Lit': fallback shader 'Universal Render Pipeline/Particles/SimpleLit' not found
Refreshing native plugins compatible for Editor in 1.49 ms, found 1 plugins.
Preloading 0 native plugins for Editor in 0.00 ms.
Unloading 3153 Unused Serialized files (Serialized files now loaded: 0)
System memory in use before: 149.0 MB.
System memory in use after: 149.2 MB.

Unloading 9 unused Assets to reduce memory usage. Loaded Objects now: 3777.
Total: 2.603100 ms (FindLiveObjects: 0.503000 ms CreateObjectMapping: 0.091200 ms MarkObjects: 1.991600 ms  DeleteObjects: 0.016500 ms)

========================================================================
Received Prepare
Registering precompiled user dll's ...
Registered in 0.001287 seconds.
Begin MonoManager ReloadAssembly
Native extension for WindowsStandalone target not found
Native extension for WebGL target not found
Refreshing native plugins compatible for Editor in 0.77 ms, found 1 plugins.
Preloading 0 native plugins for Editor in 0.00 ms.
Mono: successfully reloaded assembly
- Completed reload, in  0.813 seconds
Platform modules already initialized, skipping
Shader 'Universal Render Pipeline/Particles/Lit': fallback shader 'Universal Render Pipeline/Particles/SimpleLit' not found
Refreshing native plugins compatible for Editor in 0.80 ms, found 1 plugins.
Preloading 0 native plugins for Editor in 0.00 ms.
Unloading 3153 Unused Serialized files (Serialized files now loaded: 0)
System memory in use before: 149.0 MB.
System memory in use after: 149.2 MB.

Unloading 9 unused Assets to reduce memory usage. Loaded Objects now: 3780.
Total: 2.379600 ms (FindLiveObjects: 0.468100 ms CreateObjectMapping: 0.087600 ms MarkObjects: 1.808200 ms  DeleteObjects: 0.014200 ms)

========================================================================
Received Import Request.
  Time since last request: 414.543371 seconds.
  path: Assets/PREFABS/RaiseTheRoof/A 1.prefab
  artifactKey: Guid(c23a572d70da5cc45acf458784d251e1) Importer(815301076,1909f56bfc062723c751e8b465ee728b)
Start importing Assets/PREFABS/RaiseTheRoof/A 1.prefab using Guid(c23a572d70da5cc45acf458784d251e1) Importer(815301076,1909f56bfc062723c751e8b465ee728b)  -> (artifact id: 'de3a19d0e6166d678b0e1ffee7b169f6') in 0.079231 seconds
  Import took 0.125722 seconds .

========================================================================
Received Import Request.
  Time since last request: 0.028146 seconds.
  path: Assets/PREFABS/RaiseTheRoof/A 1.prefab
  artifactKey: Guid(c23a572d70da5cc45acf458784d251e1) Importer(815301076,1909f56bfc062723c751e8b465ee728b)
Start importing Assets/PREFABS/RaiseTheRoof/A 1.prefab using Guid(c23a572d70da5cc45acf458784d251e1) Importer(815301076,1909f56bfc062723c751e8b465ee728b)  -> (artifact id: 'f58b4a95e86c5fcf775186b1431f63ec') in 0.022413 seconds
  Import took 0.061252 seconds .

========================================================================
Received Import Request.
  Time since last request: 3.043414 seconds.
  path: Assets/PREFABS/RaiseTheRoof/A 1.prefab
  artifactKey: Guid(c23a572d70da5cc45acf458784d251e1) Importer(815301076,1909f56bfc062723c751e8b465ee728b)
Start importing Assets/PREFABS/RaiseTheRoof/A 1.prefab using Guid(c23a572d70da5cc45acf458784d251e1) Importer(815301076,1909f56bfc062723c751e8b465ee728b)  -> (artifact id: '87dd98a50738b0d445d120641e33e5ab') in 0.023887 seconds
  Import took 0.049047 seconds .

========================================================================
Received Prepare
Registering precompiled user dll's ...
Registered in 0.001238 seconds.
Begin MonoManager ReloadAssembly
Native extension for WindowsStandalone target not found
Native extension for WebGL target not found
Refreshing native plugins compatible for Editor in 0.77 ms, found 1 plugins.
Preloading 0 native plugins for Editor in 0.00 ms.
Mono: successfully reloaded assembly
- Completed reload, in  0.826 seconds
Platform modules already initialized, skipping
Shader 'Universal Render Pipeline/Particles/Lit': fallback shader 'Universal Render Pipeline/Particles/SimpleLit' not found
Refreshing native plugins compatible for Editor in 0.76 ms, found 1 plugins.
Preloading 0 native plugins for Editor in 0.00 ms.
Unloading 3153 Unused Serialized files (Serialized files now loaded: 0)
System memory in use before: 149.0 MB.
System memory in use after: 149.2 MB.

Unloading 9 unused Assets to reduce memory usage. Loaded Objects now: 3783.
Total: 2.615300 ms (FindLiveObjects: 0.402300 ms CreateObjectMapping: 0.084700 ms MarkObjects: 2.106900 ms  DeleteObjects: 0.020400 ms)

========================================================================
Received Prepare
Registering precompiled user dll's ...
Registered in 0.001269 seconds.
Begin MonoManager ReloadAssembly
Native extension for WindowsStandalone target not found
Native extension for WebGL target not found
Refreshing native plugins compatible for Editor in 0.84 ms, found 1 plugins.
Preloading 0 native plugins for Editor in 0.00 ms.
Mono: successfully reloaded assembly
- Completed reload, in  0.807 seconds
Platform modules already initialized, skipping
Shader 'Universal Render Pipeline/Particles/Lit': fallback shader 'Universal Render Pipeline/Particles/SimpleLit' not found
Refreshing native plugins compatible for Editor in 0.75 ms, found 1 plugins.
Preloading 0 native plugins for Editor in 0.00 ms.
Unloading 3153 Unused Serialized files (Serialized files now loaded: 0)
System memory in use before: 149.0 MB.
System memory in use after: 149.2 MB.

Unloading 9 unused Assets to reduce memory usage. Loaded Objects now: 3786.
Total: 3.069300 ms (FindLiveObjects: 0.436400 ms CreateObjectMapping: 0.130500 ms MarkObjects: 2.480700 ms  DeleteObjects: 0.019700 ms)

========================================================================
Received Import Request.
  Time since last request: 33.723796 seconds.
  path: Assets/PREFABS/RaiseTheRoof/Q 1.prefab
  artifactKey: Guid(c7c8681cabd244f4b8c077f2e0b45db8) Importer(815301076,1909f56bfc062723c751e8b465ee728b)
Start importing Assets/PREFABS/RaiseTheRoof/Q 1.prefab using Guid(c7c8681cabd244f4b8c077f2e0b45db8) Importer(815301076,1909f56bfc062723c751e8b465ee728b)  -> (artifact id: '3206bfe8a5697d310b327c8b3654dfcf') in 0.069836 seconds
  Import took 0.111371 seconds .

========================================================================
Received Prepare
Registering precompiled user dll's ...
Registered in 0.001224 seconds.
Begin MonoManager ReloadAssembly
Native extension for WindowsStandalone target not found
Native extension for WebGL target not found
Refreshing native plugins compatible for Editor in 0.77 ms, found 1 plugins.
Preloading 0 native plugins for Editor in 0.00 ms.
Mono: successfully reloaded assembly
- Completed reload, in  0.796 seconds
Platform modules already initialized, skipping
Shader 'Universal Render Pipeline/Particles/Lit': fallback shader 'Universal Render Pipeline/Particles/SimpleLit' not found
Refreshing native plugins compatible for Editor in 0.75 ms, found 1 plugins.
Preloading 0 native plugins for Editor in 0.00 ms.
Unloading 3153 Unused Serialized files (Serialized files now loaded: 0)
System memory in use before: 149.0 MB.
System memory in use after: 149.2 MB.

Unloading 9 unused Assets to reduce memory usage. Loaded Objects now: 3789.
Total: 2.605100 ms (FindLiveObjects: 0.359700 ms CreateObjectMapping: 0.095900 ms MarkObjects: 2.126900 ms  DeleteObjects: 0.021700 ms)

========================================================================
Received Prepare
Registering precompiled user dll's ...
Registered in 0.001231 seconds.
Begin MonoManager ReloadAssembly
Native extension for WindowsStandalone target not found
Native extension for WebGL target not found
Refreshing native plugins compatible for Editor in 0.95 ms, found 1 plugins.
Preloading 0 native plugins for Editor in 0.00 ms.
Mono: successfully reloaded assembly
- Completed reload, in  0.841 seconds
Platform modules already initialized, skipping
Shader 'Universal Render Pipeline/Particles/Lit': fallback shader 'Universal Render Pipeline/Particles/SimpleLit' not found
Refreshing native plugins compatible for Editor in 0.78 ms, found 1 plugins.
Preloading 0 native plugins for Editor in 0.00 ms.
Unloading 3153 Unused Serialized files (Serialized files now loaded: 0)
System memory in use before: 149.0 MB.
System memory in use after: 149.2 MB.

Unloading 9 unused Assets to reduce memory usage. Loaded Objects now: 3792.
Total: 4.879700 ms (FindLiveObjects: 0.484200 ms CreateObjectMapping: 0.099600 ms MarkObjects: 4.252300 ms  DeleteObjects: 0.041800 ms)

========================================================================
Received Prepare
Registering precompiled user dll's ...
Registered in 0.001276 seconds.
Begin MonoManager ReloadAssembly
Native extension for WindowsStandalone target not found
Native extension for WebGL target not found
Refreshing native plugins compatible for Editor in 0.79 ms, found 1 plugins.
Preloading 0 native plugins for Editor in 0.00 ms.
Mono: successfully reloaded assembly
- Completed reload, in  0.832 seconds
Platform modules already initialized, skipping
Shader 'Universal Render Pipeline/Particles/Lit': fallback shader 'Universal Render Pipeline/Particles/SimpleLit' not found
Refreshing native plugins compatible for Editor in 0.75 ms, found 1 plugins.
Preloading 0 native plugins for Editor in 0.00 ms.
Unloading 3153 Unused Serialized files (Serialized files now loaded: 0)
System memory in use before: 149.0 MB.
System memory in use after: 149.2 MB.

Unloading 9 unused Assets to reduce memory usage. Loaded Objects now: 3795.
Total: 2.677400 ms (FindLiveObjects: 0.444500 ms CreateObjectMapping: 0.090500 ms MarkObjects: 2.122300 ms  DeleteObjects: 0.018700 ms)

========================================================================
Received Prepare
Registering precompiled user dll's ...
Registered in 0.001313 seconds.
Begin MonoManager ReloadAssembly
Native extension for WindowsStandalone target not found
Native extension for WebGL target not found
Refreshing native plugins compatible for Editor in 0.88 ms, found 1 plugins.
Preloading 0 native plugins for Editor in 0.00 ms.
Mono: successfully reloaded assembly
- Completed reload, in  0.816 seconds
Platform modules already initialized, skipping
Shader 'Universal Render Pipeline/Particles/Lit': fallback shader 'Universal Render Pipeline/Particles/SimpleLit' not found
Refreshing native plugins compatible for Editor in 0.80 ms, found 1 plugins.
Preloading 0 native plugins for Editor in 0.00 ms.
Unloading 3153 Unused Serialized files (Serialized files now loaded: 0)
System memory in use before: 149.0 MB.
System memory in use after: 149.3 MB.

Unloading 9 unused Assets to reduce memory usage. Loaded Objects now: 3798.
Total: 2.505500 ms (FindLiveObjects: 0.419900 ms CreateObjectMapping: 0.086500 ms MarkObjects: 1.982800 ms  DeleteObjects: 0.015200 ms)

========================================================================
Received Prepare
Registering precompiled user dll's ...
Registered in 0.001314 seconds.
Begin MonoManager ReloadAssembly
Native extension for WindowsStandalone target not found
Native extension for WebGL target not found
Refreshing native plugins compatible for Editor in 0.82 ms, found 1 plugins.
Preloading 0 native plugins for Editor in 0.00 ms.
Mono: successfully reloaded assembly
- Completed reload, in  0.865 seconds
Platform modules already initialized, skipping
Shader 'Universal Render Pipeline/Particles/Lit': fallback shader 'Universal Render Pipeline/Particles/SimpleLit' not found
Refreshing native plugins compatible for Editor in 0.77 ms, found 1 plugins.
Preloading 0 native plugins for Editor in 0.00 ms.
Unloading 3153 Unused Serialized files (Serialized files now loaded: 0)
System memory in use before: 149.0 MB.
System memory in use after: 149.3 MB.

Unloading 9 unused Assets to reduce memory usage. Loaded Objects now: 3801.
Total: 2.819700 ms (FindLiveObjects: 0.416700 ms CreateObjectMapping: 0.088100 ms MarkObjects: 2.295200 ms  DeleteObjects: 0.018700 ms)

========================================================================
Received Prepare
Registering precompiled user dll's ...
Registered in 0.001186 seconds.
Begin MonoManager ReloadAssembly
Native extension for WindowsStandalone target not found
Native extension for WebGL target not found
Refreshing native plugins compatible for Editor in 0.84 ms, found 1 plugins.
Preloading 0 native plugins for Editor in 0.00 ms.
Mono: successfully reloaded assembly
- Completed reload, in  0.844 seconds
Platform modules already initialized, skipping
Shader 'Universal Render Pipeline/Particles/Lit': fallback shader 'Universal Render Pipeline/Particles/SimpleLit' not found
Refreshing native plugins compatible for Editor in 0.74 ms, found 1 plugins.
Preloading 0 native plugins for Editor in 0.00 ms.
Unloading 3153 Unused Serialized files (Serialized files now loaded: 0)
System memory in use before: 149.0 MB.
System memory in use after: 149.3 MB.

Unloading 9 unused Assets to reduce memory usage. Loaded Objects now: 3804.
Total: 2.694300 ms (FindLiveObjects: 0.414100 ms CreateObjectMapping: 0.092400 ms MarkObjects: 2.170400 ms  DeleteObjects: 0.016300 ms)

========================================================================
Received Prepare
Registering precompiled user dll's ...
Registered in 0.001169 seconds.
Begin MonoManager ReloadAssembly
Native extension for WindowsStandalone target not found
Native extension for WebGL target not found
Refreshing native plugins compatible for Editor in 0.76 ms, found 1 plugins.
Preloading 0 native plugins for Editor in 0.00 ms.
Mono: successfully reloaded assembly
- Completed reload, in  0.809 seconds
Platform modules already initialized, skipping
Shader 'Universal Render Pipeline/Particles/Lit': fallback shader 'Universal Render Pipeline/Particles/SimpleLit' not found
Refreshing native plugins compatible for Editor in 1.11 ms, found 1 plugins.
Preloading 0 native plugins for Editor in 0.00 ms.
Unloading 3153 Unused Serialized files (Serialized files now loaded: 0)
System memory in use before: 149.0 MB.
System memory in use after: 149.3 MB.

Unloading 9 unused Assets to reduce memory usage. Loaded Objects now: 3807.
Total: 3.895300 ms (FindLiveObjects: 0.710000 ms CreateObjectMapping: 0.126000 ms MarkObjects: 3.033800 ms  DeleteObjects: 0.024000 ms)

========================================================================
Received Prepare
Registering precompiled user dll's ...
Registered in 0.001198 seconds.
Begin MonoManager ReloadAssembly
Native extension for WindowsStandalone target not found
Native extension for WebGL target not found
Refreshing native plugins compatible for Editor in 0.77 ms, found 1 plugins.
Preloading 0 native plugins for Editor in 0.00 ms.
Mono: successfully reloaded assembly
- Completed reload, in  0.818 seconds
Platform modules already initialized, skipping
Shader 'Universal Render Pipeline/Particles/Lit': fallback shader 'Universal Render Pipeline/Particles/SimpleLit' not found
Refreshing native plugins compatible for Editor in 0.88 ms, found 1 plugins.
Preloading 0 native plugins for Editor in 0.00 ms.
Unloading 3153 Unused Serialized files (Serialized files now loaded: 0)
System memory in use before: 149.0 MB.
System memory in use after: 149.3 MB.

Unloading 9 unused Assets to reduce memory usage. Loaded Objects now: 3810.
Total: 2.886000 ms (FindLiveObjects: 0.547200 ms CreateObjectMapping: 0.115600 ms MarkObjects: 2.205000 ms  DeleteObjects: 0.017000 ms)

========================================================================
Received Prepare
Registering precompiled user dll's ...
Registered in 0.001239 seconds.
Begin MonoManager ReloadAssembly
Native extension for WindowsStandalone target not found
Native extension for WebGL target not found
Refreshing native plugins compatible for Editor in 0.81 ms, found 1 plugins.
Preloading 0 native plugins for Editor in 0.00 ms.
Mono: successfully reloaded assembly
- Completed reload, in  0.811 seconds
Platform modules already initialized, skipping
Shader 'Universal Render Pipeline/Particles/Lit': fallback shader 'Universal Render Pipeline/Particles/SimpleLit' not found
Refreshing native plugins compatible for Editor in 0.99 ms, found 1 plugins.
Preloading 0 native plugins for Editor in 0.00 ms.
Unloading 3153 Unused Serialized files (Serialized files now loaded: 0)
System memory in use before: 149.1 MB.
System memory in use after: 149.3 MB.

Unloading 9 unused Assets to reduce memory usage. Loaded Objects now: 3813.
Total: 3.405100 ms (FindLiveObjects: 0.594800 ms CreateObjectMapping: 0.086800 ms MarkObjects: 2.704000 ms  DeleteObjects: 0.017900 ms)

========================================================================
Received Prepare
Registering precompiled user dll's ...
Registered in 0.001396 seconds.
Begin MonoManager ReloadAssembly
Native extension for WindowsStandalone target not found
Native extension for WebGL target not found
Refreshing native plugins compatible for Editor in 0.84 ms, found 1 plugins.
Preloading 0 native plugins for Editor in 0.00 ms.
Mono: successfully reloaded assembly
- Completed reload, in  0.829 seconds
Platform modules already initialized, skipping
Shader 'Universal Render Pipeline/Particles/Lit': fallback shader 'Universal Render Pipeline/Particles/SimpleLit' not found
Refreshing native plugins compatible for Editor in 0.84 ms, found 1 plugins.
Preloading 0 native plugins for Editor in 0.00 ms.
Unloading 3153 Unused Serialized files (Serialized files now loaded: 0)
System memory in use before: 149.1 MB.
System memory in use after: 149.3 MB.

Unloading 9 unused Assets to reduce memory usage. Loaded Objects now: 3816.
Total: 3.292600 ms (FindLiveObjects: 0.517800 ms CreateObjectMapping: 0.092200 ms MarkObjects: 2.663800 ms  DeleteObjects: 0.017600 ms)

========================================================================
Received Prepare
Registering precompiled user dll's ...
Registered in 0.001415 seconds.
Begin MonoManager ReloadAssembly
Native extension for WindowsStandalone target not found
Native extension for WebGL target not found
Refreshing native plugins compatible for Editor in 0.75 ms, found 1 plugins.
Preloading 0 native plugins for Editor in 0.00 ms.
Mono: successfully reloaded assembly
- Completed reload, in  0.823 seconds
Platform modules already initialized, skipping
Shader 'Universal Render Pipeline/Particles/Lit': fallback shader 'Universal Render Pipeline/Particles/SimpleLit' not found
Refreshing native plugins compatible for Editor in 0.89 ms, found 1 plugins.
Preloading 0 native plugins for Editor in 0.00 ms.
Unloading 3153 Unused Serialized files (Serialized files now loaded: 0)
System memory in use before: 149.1 MB.
System memory in use after: 149.3 MB.

Unloading 9 unused Assets to reduce memory usage. Loaded Objects now: 3819.
Total: 2.502800 ms (FindLiveObjects: 0.390500 ms CreateObjectMapping: 0.087500 ms MarkObjects: 2.010300 ms  DeleteObjects: 0.013600 ms)

========================================================================
Received Import Request.
  Time since last request: 204.913760 seconds.
  path: Assets/PREFABS/RaiseTheRoof/Q 1.prefab
  artifactKey: Guid(c7c8681cabd244f4b8c077f2e0b45db8) Importer(815301076,1909f56bfc062723c751e8b465ee728b)
Start importing Assets/PREFABS/RaiseTheRoof/Q 1.prefab using Guid(c7c8681cabd244f4b8c077f2e0b45db8) Importer(815301076,1909f56bfc062723c751e8b465ee728b)  -> (artifact id: '90edf0a5aa27ef108efd13df03d2285b') in 0.074211 seconds
  Import took 0.092684 seconds .

========================================================================
Received Prepare
Registering precompiled user dll's ...
Registered in 0.001259 seconds.
Begin MonoManager ReloadAssembly
Native extension for WindowsStandalone target not found
Native extension for WebGL target not found
Refreshing native plugins compatible for Editor in 0.74 ms, found 1 plugins.
Preloading 0 native plugins for Editor in 0.00 ms.
Mono: successfully reloaded assembly
- Completed reload, in  0.829 seconds
Platform modules already initialized, skipping
Shader 'Universal Render Pipeline/Particles/Lit': fallback shader 'Universal Render Pipeline/Particles/SimpleLit' not found
Refreshing native plugins compatible for Editor in 0.84 ms, found 1 plugins.
Preloading 0 native plugins for Editor in 0.00 ms.
Unloading 3153 Unused Serialized files (Serialized files now loaded: 0)
System memory in use before: 149.1 MB.
System memory in use after: 149.3 MB.

Unloading 9 unused Assets to reduce memory usage. Loaded Objects now: 3822.
Total: 2.742500 ms (FindLiveObjects: 0.523700 ms CreateObjectMapping: 0.088300 ms MarkObjects: 2.112400 ms  DeleteObjects: 0.017000 ms)

========================================================================
Received Import Request.
  Time since last request: 17.626627 seconds.
  path: Assets/PREFABS/RaiseTheRoof/Q 1.prefab
  artifactKey: Guid(c7c8681cabd244f4b8c077f2e0b45db8) Importer(815301076,1909f56bfc062723c751e8b465ee728b)
Start importing Assets/PREFABS/RaiseTheRoof/Q 1.prefab using Guid(c7c8681cabd244f4b8c077f2e0b45db8) Importer(815301076,1909f56bfc062723c751e8b465ee728b)  -> (artifact id: 'b9f8dbe5d57fe95b7d98b39e82d33b90') in 0.069859 seconds
  Import took 0.085847 seconds .

========================================================================
Received Import Request.
  Time since last request: 2.471869 seconds.
  path: Assets/PREFABS/RaiseTheRoof/Q 1.prefab
  artifactKey: Guid(c7c8681cabd244f4b8c077f2e0b45db8) Importer(815301076,1909f56bfc062723c751e8b465ee728b)
Start importing Assets/PREFABS/RaiseTheRoof/Q 1.prefab using Guid(c7c8681cabd244f4b8c077f2e0b45db8) Importer(815301076,1909f56bfc062723c751e8b465ee728b)  -> (artifact id: '20e1bb729178ff4e79475dab7e7f34af') in 0.022134 seconds
  Import took 0.060868 seconds .

========================================================================
Received Import Request.
  Time since last request: 1.916636 seconds.
  path: Assets/PREFABS/RaiseTheRoof/Q 1.prefab
  artifactKey: Guid(c7c8681cabd244f4b8c077f2e0b45db8) Importer(815301076,1909f56bfc062723c751e8b465ee728b)
Start importing Assets/PREFABS/RaiseTheRoof/Q 1.prefab using Guid(c7c8681cabd244f4b8c077f2e0b45db8) Importer(815301076,1909f56bfc062723c751e8b465ee728b)  -> (artifact id: '7571c36d572ade43b623da5edd34db7a') in 0.022180 seconds
  Import took 0.041927 seconds .

========================================================================
Received Import Request.
  Time since last request: 8.655815 seconds.
  path: Assets/PREFABS/RaiseTheRoof/A 1.prefab
  artifactKey: Guid(c23a572d70da5cc45acf458784d251e1) Importer(815301076,1909f56bfc062723c751e8b465ee728b)
Start importing Assets/PREFABS/RaiseTheRoof/A 1.prefab using Guid(c23a572d70da5cc45acf458784d251e1) Importer(815301076,1909f56bfc062723c751e8b465ee728b)  -> (artifact id: 'e6d79908f26b9f3de6967653c112c625') in 0.024780 seconds
  Import took 0.061611 seconds .

========================================================================
Received Import Request.
  Time since last request: 2.347313 seconds.
  path: Assets/PREFABS/RaiseTheRoof/A 1.prefab
  artifactKey: Guid(c23a572d70da5cc45acf458784d251e1) Importer(815301076,1909f56bfc062723c751e8b465ee728b)
Start importing Assets/PREFABS/RaiseTheRoof/A 1.prefab using Guid(c23a572d70da5cc45acf458784d251e1) Importer(815301076,1909f56bfc062723c751e8b465ee728b)  -> (artifact id: '0861daa13331662b525c7519a84b8daf') in 0.022302 seconds
  Import took 0.049587 seconds .

========================================================================
Received Import Request.
  Time since last request: 3.184291 seconds.
  path: Assets/PREFABS/RaiseTheRoof/A 1.prefab
  artifactKey: Guid(c23a572d70da5cc45acf458784d251e1) Importer(815301076,1909f56bfc062723c751e8b465ee728b)
Start importing Assets/PREFABS/RaiseTheRoof/A 1.prefab using Guid(c23a572d70da5cc45acf458784d251e1) Importer(815301076,1909f56bfc062723c751e8b465ee728b)  -> (artifact id: '52f0c0f895be2f22abcc2c0a3aee5d88') in 0.022692 seconds
  Import took 0.070894 seconds .

========================================================================
Received Import Request.
  Time since last request: 2.768377 seconds.
  path: Assets/PREFABS/RaiseTheRoof/A 1.prefab
  artifactKey: Guid(c23a572d70da5cc45acf458784d251e1) Importer(815301076,1909f56bfc062723c751e8b465ee728b)
Start importing Assets/PREFABS/RaiseTheRoof/A 1.prefab using Guid(c23a572d70da5cc45acf458784d251e1) Importer(815301076,1909f56bfc062723c751e8b465ee728b)  -> (artifact id: '836c18bbfbe02b00c7dc33345c9418a3') in 0.021877 seconds
  Import took 0.040607 seconds .

========================================================================
Received Prepare
Registering precompiled user dll's ...
Registered in 0.001925 seconds.
Begin MonoManager ReloadAssembly
Native extension for WindowsStandalone target not found
Native extension for WebGL target not found
Refreshing native plugins compatible for Editor in 0.82 ms, found 1 plugins.
Preloading 0 native plugins for Editor in 0.00 ms.
Mono: successfully reloaded assembly
- Completed reload, in  0.833 seconds
Platform modules already initialized, skipping
Shader 'Universal Render Pipeline/Particles/Lit': fallback shader 'Universal Render Pipeline/Particles/SimpleLit' not found
Refreshing native plugins compatible for Editor in 0.75 ms, found 1 plugins.
Preloading 0 native plugins for Editor in 0.00 ms.
Unloading 3153 Unused Serialized files (Serialized files now loaded: 0)
System memory in use before: 149.1 MB.
System memory in use after: 149.3 MB.

Unloading 9 unused Assets to reduce memory usage. Loaded Objects now: 3825.
Total: 2.834300 ms (FindLiveObjects: 0.592500 ms CreateObjectMapping: 0.105600 ms MarkObjects: 2.114500 ms  DeleteObjects: 0.018400 ms)

========================================================================
Received Prepare
Registering precompiled user dll's ...
Registered in 0.001189 seconds.
Begin MonoManager ReloadAssembly
Native extension for WindowsStandalone target not found
Native extension for WebGL target not found
Refreshing native plugins compatible for Editor in 0.78 ms, found 1 plugins.
Preloading 0 native plugins for Editor in 0.00 ms.
Mono: successfully reloaded assembly
- Completed reload, in  0.847 seconds
Platform modules already initialized, skipping
Shader 'Universal Render Pipeline/Particles/Lit': fallback shader 'Universal Render Pipeline/Particles/SimpleLit' not found
Refreshing native plugins compatible for Editor in 0.95 ms, found 1 plugins.
Preloading 0 native plugins for Editor in 0.00 ms.
Unloading 3153 Unused Serialized files (Serialized files now loaded: 0)
System memory in use before: 149.1 MB.
System memory in use after: 149.3 MB.

Unloading 9 unused Assets to reduce memory usage. Loaded Objects now: 3828.
Total: 56.079500 ms (FindLiveObjects: 0.492800 ms CreateObjectMapping: 0.094100 ms MarkObjects: 55.468300 ms  DeleteObjects: 0.022500 ms)

========================================================================
Received Prepare
Registering precompiled user dll's ...
Registered in 0.001366 seconds.
Begin MonoManager ReloadAssembly
Native extension for WindowsStandalone target not found
Native extension for WebGL target not found
Refreshing native plugins compatible for Editor in 1.27 ms, found 1 plugins.
Preloading 0 native plugins for Editor in 0.00 ms.
Mono: successfully reloaded assembly
- Completed reload, in  0.865 seconds
Platform modules already initialized, skipping
Shader 'Universal Render Pipeline/Particles/Lit': fallback shader 'Universal Render Pipeline/Particles/SimpleLit' not found
Refreshing native plugins compatible for Editor in 0.93 ms, found 1 plugins.
Preloading 0 native plugins for Editor in 0.00 ms.
Unloading 3153 Unused Serialized files (Serialized files now loaded: 0)
System memory in use before: 149.1 MB.
System memory in use after: 149.3 MB.

Unloading 9 unused Assets to reduce memory usage. Loaded Objects now: 3831.
Total: 2.537000 ms (FindLiveObjects: 0.415600 ms CreateObjectMapping: 0.099700 ms MarkObjects: 2.000500 ms  DeleteObjects: 0.020100 ms)

========================================================================
Received Prepare
Registering precompiled user dll's ...
Registered in 0.003502 seconds.
Begin MonoManager ReloadAssembly
Native extension for WindowsStandalone target not found
Native extension for WebGL target not found
Refreshing native plugins compatible for Editor in 4.04 ms, found 1 plugins.
Preloading 0 native plugins for Editor in 0.00 ms.
Mono: successfully reloaded assembly
- Completed reload, in  0.955 seconds
Platform modules already initialized, skipping
Shader 'Universal Render Pipeline/Particles/Lit': fallback shader 'Universal Render Pipeline/Particles/SimpleLit' not found
Refreshing native plugins compatible for Editor in 0.74 ms, found 1 plugins.
Preloading 0 native plugins for Editor in 0.00 ms.
Unloading 3153 Unused Serialized files (Serialized files now loaded: 0)
System memory in use before: 149.1 MB.
System memory in use after: 149.4 MB.

Unloading 9 unused Assets to reduce memory usage. Loaded Objects now: 3834.
Total: 2.929300 ms (FindLiveObjects: 0.479900 ms CreateObjectMapping: 0.097100 ms MarkObjects: 2.327800 ms  DeleteObjects: 0.023100 ms)

========================================================================
Received Import Request.
  Time since last request: 291.604541 seconds.
  path: Assets/Animation/RR
  artifactKey: Guid(23b6d78d4e27c0246b3f59d604cb1d47) Importer(815301076,1909f56bfc062723c751e8b465ee728b)
Start importing Assets/Animation/RR using Guid(23b6d78d4e27c0246b3f59d604cb1d47) Importer(815301076,1909f56bfc062723c751e8b465ee728b)  -> (artifact id: 'c038a667487e03435108f481f9837efa') in 0.010518 seconds
  Import took 0.037158 seconds .

========================================================================
Received Import Request.
  Time since last request: 1.671898 seconds.
  path: Assets/Animation/RR/A.controller
  artifactKey: Guid(c3e81964713889546ad01fb33d2cd031) Importer(815301076,1909f56bfc062723c751e8b465ee728b)
Start importing Assets/Animation/RR/A.controller using Guid(c3e81964713889546ad01fb33d2cd031) Importer(815301076,1909f56bfc062723c751e8b465ee728b)  -> (artifact id: 'ac056cb49920a3551d0388534006b31e') in 0.026608 seconds
  Import took 0.071183 seconds .

========================================================================
Received Import Request.
  Time since last request: 1.828965 seconds.
  path: Assets/Animation/RR/AS.anim
  artifactKey: Guid(d184ea90d2e75454cba2882061f145a9) Importer(815301076,1909f56bfc062723c751e8b465ee728b)
Start importing Assets/Animation/RR/AS.anim using Guid(d184ea90d2e75454cba2882061f145a9) Importer(815301076,1909f56bfc062723c751e8b465ee728b)  -> (artifact id: 'b3094fe64190d46b758b55cc2748e900') in 0.062012 seconds
  Import took 0.134724 seconds .

========================================================================
Received Import Request.
  Time since last request: 0.100319 seconds.
  path: Assets/Animation/RR/AS.anim
  artifactKey: Guid(d184ea90d2e75454cba2882061f145a9) Importer(815301076,1909f56bfc062723c751e8b465ee728b)
Start importing Assets/Animation/RR/AS.anim using Guid(d184ea90d2e75454cba2882061f145a9) Importer(815301076,1909f56bfc062723c751e8b465ee728b)  -> (artifact id: 'b3094fe64190d46b758b55cc2748e900') in 0.022713 seconds
  Import took 0.028241 seconds .

========================================================================
Received Prepare
Registering precompiled user dll's ...
Registered in 0.001408 seconds.
Begin MonoManager ReloadAssembly
Native extension for WindowsStandalone target not found
Native extension for WebGL target not found
Refreshing native plugins compatible for Editor in 0.76 ms, found 1 plugins.
Preloading 0 native plugins for Editor in 0.00 ms.
Mono: successfully reloaded assembly
- Completed reload, in  0.816 seconds
Platform modules already initialized, skipping
Shader 'Universal Render Pipeline/Particles/Lit': fallback shader 'Universal Render Pipeline/Particles/SimpleLit' not found
Refreshing native plugins compatible for Editor in 0.91 ms, found 1 plugins.
Preloading 0 native plugins for Editor in 0.00 ms.
Unloading 3153 Unused Serialized files (Serialized files now loaded: 0)
System memory in use before: 149.2 MB.
System memory in use after: 149.4 MB.

Unloading 9 unused Assets to reduce memory usage. Loaded Objects now: 3837.
Total: 2.376700 ms (FindLiveObjects: 0.439800 ms CreateObjectMapping: 0.085800 ms MarkObjects: 1.836200 ms  DeleteObjects: 0.014000 ms)

========================================================================
Received Import Request.
  Time since last request: 39.634914 seconds.
  path: Assets/Animation/RR/A.controller
  artifactKey: Guid(c3e81964713889546ad01fb33d2cd031) Importer(815301076,1909f56bfc062723c751e8b465ee728b)
Start importing Assets/Animation/RR/A.controller using Guid(c3e81964713889546ad01fb33d2cd031) Importer(815301076,1909f56bfc062723c751e8b465ee728b)  -> (artifact id: 'e968ec10dd04bb39d7610e06e0ae91fe') in 0.020352 seconds
  Import took 0.051515 seconds .

========================================================================
Received Prepare
Registering precompiled user dll's ...
Registered in 0.001328 seconds.
Begin MonoManager ReloadAssembly
Native extension for WindowsStandalone target not found
Native extension for WebGL target not found
Refreshing native plugins compatible for Editor in 0.80 ms, found 1 plugins.
Preloading 0 native plugins for Editor in 0.00 ms.
Mono: successfully reloaded assembly
- Completed reload, in  0.816 seconds
Platform modules already initialized, skipping
Shader 'Universal Render Pipeline/Particles/Lit': fallback shader 'Universal Render Pipeline/Particles/SimpleLit' not found
Refreshing native plugins compatible for Editor in 0.77 ms, found 1 plugins.
Preloading 0 native plugins for Editor in 0.00 ms.
Unloading 3153 Unused Serialized files (Serialized files now loaded: 0)
System memory in use before: 149.2 MB.
System memory in use after: 149.4 MB.

Unloading 9 unused Assets to reduce memory usage. Loaded Objects now: 3840.
Total: 2.711800 ms (FindLiveObjects: 0.372000 ms CreateObjectMapping: 0.092300 ms MarkObjects: 2.226500 ms  DeleteObjects: 0.019800 ms)

========================================================================
Received Prepare
Registering precompiled user dll's ...
Registered in 0.001375 seconds.
Begin MonoManager ReloadAssembly
Native extension for WindowsStandalone target not found
Native extension for WebGL target not found
Refreshing native plugins compatible for Editor in 0.84 ms, found 1 plugins.
Preloading 0 native plugins for Editor in 0.00 ms.
Mono: successfully reloaded assembly
- Completed reload, in  0.855 seconds
Platform modules already initialized, skipping
Shader 'Universal Render Pipeline/Particles/Lit': fallback shader 'Universal Render Pipeline/Particles/SimpleLit' not found
Refreshing native plugins compatible for Editor in 0.75 ms, found 1 plugins.
Preloading 0 native plugins for Editor in 0.00 ms.
Unloading 3153 Unused Serialized files (Serialized files now loaded: 0)
System memory in use before: 149.2 MB.
System memory in use after: 149.4 MB.

Unloading 9 unused Assets to reduce memory usage. Loaded Objects now: 3843.
Total: 3.426200 ms (FindLiveObjects: 0.604700 ms CreateObjectMapping: 0.164000 ms MarkObjects: 2.632900 ms  DeleteObjects: 0.023400 ms)

========================================================================
Received Import Request.
  Time since last request: 365.407061 seconds.
  path: Assets/SCRIPTS/RAISETHEROOF/AddImageRaiseTheRoof.cs
  artifactKey: Guid(f6f4763ef7865ef47b8e18df62272923) Importer(815301076,1909f56bfc062723c751e8b465ee728b)
Start importing Assets/SCRIPTS/RAISETHEROOF/AddImageRaiseTheRoof.cs using Guid(f6f4763ef7865ef47b8e18df62272923) Importer(815301076,1909f56bfc062723c751e8b465ee728b)  -> (artifact id: 'b6436107442c312f14a1f47d2865f71c') in 0.012694 seconds
  Import took 0.048823 seconds .

========================================================================
Received Import Request.
  Time since last request: 0.451611 seconds.
  path: Assets/SCRIPTS/RAISETHEROOF/RaiseTheRoofGameController.cs
  artifactKey: Guid(3f4b1cf15d42a9649a39c06118ec463f) Importer(815301076,1909f56bfc062723c751e8b465ee728b)
Start importing Assets/SCRIPTS/RAISETHEROOF/RaiseTheRoofGameController.cs using Guid(3f4b1cf15d42a9649a39c06118ec463f) Importer(815301076,1909f56bfc062723c751e8b465ee728b)  -> (artifact id: 'aceaa940e2bcf5b92080b661c684f189') in 0.007633 seconds
  Import took 0.050278 seconds .

========================================================================
Received Import Request.
  Time since last request: 0.532496 seconds.
  path: Assets/SCRIPTS/RAISETHEROOF/RaiseTheRoofMovement.cs
  artifactKey: Guid(6da1281edeab8ab4da5a0e2c6f72f296) Importer(815301076,1909f56bfc062723c751e8b465ee728b)
Start importing Assets/SCRIPTS/RAISETHEROOF/RaiseTheRoofMovement.cs using Guid(6da1281edeab8ab4da5a0e2c6f72f296) Importer(815301076,1909f56bfc062723c751e8b465ee728b)  -> (artifact id: '6a1c108a3d5ad4918b9bc47f5f7946c0') in 0.006488 seconds
  Import took 0.021292 seconds .

========================================================================
Received Prepare
Registering precompiled user dll's ...
Registered in 0.001375 seconds.
Begin MonoManager ReloadAssembly
Native extension for WindowsStandalone target not found
Native extension for WebGL target not found
Refreshing native plugins compatible for Editor in 0.74 ms, found 1 plugins.
Preloading 0 native plugins for Editor in 0.00 ms.
Mono: successfully reloaded assembly
- Completed reload, in  0.824 seconds
Platform modules already initialized, skipping
Shader 'Universal Render Pipeline/Particles/Lit': fallback shader 'Universal Render Pipeline/Particles/SimpleLit' not found
Refreshing native plugins compatible for Editor in 0.85 ms, found 1 plugins.
Preloading 0 native plugins for Editor in 0.00 ms.
Unloading 3153 Unused Serialized files (Serialized files now loaded: 0)
System memory in use before: 149.2 MB.
System memory in use after: 149.4 MB.

Unloading 9 unused Assets to reduce memory usage. Loaded Objects now: 3846.
Total: 2.520300 ms (FindLiveObjects: 0.604200 ms CreateObjectMapping: 0.093000 ms MarkObjects: 1.806900 ms  DeleteObjects: 0.015600 ms)

========================================================================
Received Import Request.
  Time since last request: 45.707386 seconds.
  path: Assets/SCRIPTS/RAISETHEROOF/RaiseTheRoofMovement.cs
  artifactKey: Guid(6da1281edeab8ab4da5a0e2c6f72f296) Importer(815301076,1909f56bfc062723c751e8b465ee728b)
Start importing Assets/SCRIPTS/RAISETHEROOF/RaiseTheRoofMovement.cs using Guid(6da1281edeab8ab4da5a0e2c6f72f296) Importer(815301076,1909f56bfc062723c751e8b465ee728b)  -> (artifact id: '13ac85152b29557ea143c3dfe511d63d') in 0.006121 seconds
  Import took 0.011197 seconds .

========================================================================
Received Import Request.
  Time since last request: 0.032589 seconds.
  path: Assets/SCRIPTS/RAISETHEROOF/RaiseTheRoofMovement.cs
  artifactKey: Guid(6da1281edeab8ab4da5a0e2c6f72f296) Importer(815301076,1909f56bfc062723c751e8b465ee728b)
Start importing Assets/SCRIPTS/RAISETHEROOF/RaiseTheRoofMovement.cs using Guid(6da1281edeab8ab4da5a0e2c6f72f296) Importer(815301076,1909f56bfc062723c751e8b465ee728b)  -> (artifact id: '13ac85152b29557ea143c3dfe511d63d') in 0.002348 seconds
  Import took 0.007854 seconds .

========================================================================
Received Prepare
Registering precompiled user dll's ...
Registered in 0.001805 seconds.
Begin MonoManager ReloadAssembly
Native extension for WindowsStandalone target not found
Native extension for WebGL target not found
Refreshing native plugins compatible for Editor in 1.07 ms, found 1 plugins.
Preloading 0 native plugins for Editor in 0.00 ms.
Mono: successfully reloaded assembly
- Completed reload, in  1.127 seconds
Platform modules already initialized, skipping
Shader 'Universal Render Pipeline/Particles/Lit': fallback shader 'Universal Render Pipeline/Particles/SimpleLit' not found
Refreshing native plugins compatible for Editor in 0.80 ms, found 1 plugins.
Preloading 0 native plugins for Editor in 0.00 ms.
Unloading 3153 Unused Serialized files (Serialized files now loaded: 0)
System memory in use before: 149.2 MB.
System memory in use after: 149.4 MB.

Unloading 9 unused Assets to reduce memory usage. Loaded Objects now: 3849.
Total: 2.888800 ms (FindLiveObjects: 0.621100 ms CreateObjectMapping: 0.097800 ms MarkObjects: 2.145800 ms  DeleteObjects: 0.022400 ms)

AssetImportWorkerClient::OnTransportError - code=2 error=End of file
