Using pre-set license
Built from '2020.3/staging' branch; Version is '2020.3.4f1 (0abb6314276a) revision 703331'; Using compiler version '192528614'; Build Type 'Release'
OS: 'Windows 10 Home; OS build 19042.928; Version 2009; 64bit' Language: 'en' Physical Memory: 8140 MB
BatchMode: 1, IsHumanControllingUs: 0, StartBugReporterOnCrash: 0, Is64bit: 1, IsPro: 0

 COMMAND LINE ARGUMENTS:
C:\Program Files\Unity\Hub\Editor\2020.3.4f1\Editor\Unity.exe
-adb2
-batchMode
-noUpm
-name
AssetImportWorker2
-projectPath
D:/Games/New Project/LearnToLearn/LearnToLearn
-logFile
Logs/AssetImportWorker2.log
-srvPort
50939
Successfully changed project path to: D:/Games/New Project/LearnToLearn/LearnToLearn
D:/Games/New Project/LearnToLearn/LearnToLearn
Using Asset Import Pipeline V2.
Refreshing native plugins compatible for Editor in 63.85 ms, found 1 plugins.
Preloading 0 native plugins for Editor in 0.00 ms.
Initialize engine version: 2020.3.4f1 (0abb6314276a)
[Subsystems] Discovering subsystems at path C:/Program Files/Unity/Hub/Editor/2020.3.4f1/Editor/Data/Resources/UnitySubsystems
[Subsystems] Discovering subsystems at path D:/Games/New Project/LearnToLearn/LearnToLearn/Assets
GfxDevice: creating device client; threaded=0
Direct3D:
    Version:  Direct3D 11.0 [level 11.1]
    Renderer: NVIDIA GeForce GTX 1650 SUPER (ID=0x2187)
    Vendor:   
    VRAM:     3955 MB
    Driver:   27.21.14.6611
Shader 'Universal Render Pipeline/Particles/Lit': fallback shader 'Universal Render Pipeline/Particles/SimpleLit' not found
Initialize mono
Mono path[0] = 'C:/Program Files/Unity/Hub/Editor/2020.3.4f1/Editor/Data/Managed'
Mono path[1] = 'C:/Program Files/Unity/Hub/Editor/2020.3.4f1/Editor/Data/MonoBleedingEdge/lib/mono/unityjit'
Mono config path = 'C:/Program Files/Unity/Hub/Editor/2020.3.4f1/Editor/Data/MonoBleedingEdge/etc'
Using monoOptions --debugger-agent=transport=dt_socket,embedding=1,server=y,suspend=n,address=127.0.0.1:56144
Begin MonoManager ReloadAssembly
Registering precompiled unity dll's ...
Register platform support module: C:/Program Files/Unity/Hub/Editor/2020.3.4f1/Editor/Data/PlaybackEngines/WebGLSupport/UnityEditor.WebGL.Extensions.dll
Register platform support module: C:/Program Files/Unity/Hub/Editor/2020.3.4f1/Editor/Data/PlaybackEngines/WindowsStandaloneSupport/UnityEditor.WindowsStandalone.Extensions.dll
Registered in 0.001909 seconds.
Native extension for WindowsStandalone target not found
Native extension for WebGL target not found
Refreshing native plugins compatible for Editor in 67.40 ms, found 1 plugins.
Preloading 0 native plugins for Editor in 0.00 ms.
Mono: successfully reloaded assembly
- Completed reload, in  2.360 seconds
Platform modules already initialized, skipping
Registering precompiled user dll's ...
Registered in 0.001013 seconds.
Begin MonoManager ReloadAssembly
Native extension for WindowsStandalone target not found
Native extension for WebGL target not found
Refreshing native plugins compatible for Editor in 66.42 ms, found 1 plugins.
Preloading 0 native plugins for Editor in 0.00 ms.
Mono: successfully reloaded assembly
- Completed reload, in  0.911 seconds
Platform modules already initialized, skipping
========================================================================
Worker process is ready to serve import requests
Shader 'Universal Render Pipeline/Particles/Lit': fallback shader 'Universal Render Pipeline/Particles/SimpleLit' not found
Launched and connected shader compiler UnityShaderCompiler.exe after 0.03 seconds
Refreshing native plugins compatible for Editor in 0.76 ms, found 1 plugins.
Preloading 0 native plugins for Editor in 0.00 ms.
Unloading 3276 Unused Serialized files (Serialized files now loaded: 0)
System memory in use before: 144.6 MB.
System memory in use after: 144.8 MB.

Unloading 20 unused Assets to reduce memory usage. Loaded Objects now: 3727.
Total: 2.648700 ms (FindLiveObjects: 0.579800 ms CreateObjectMapping: 0.176400 ms MarkObjects: 1.830100 ms  DeleteObjects: 0.061700 ms)

========================================================================
Received Import Request.
  path: Assets/Scenes/RAISETHEROOF/RAISETHEROOF.unity
  artifactKey: Guid(8099421f0de19774fadbe48c1dee1cc4) Importer(815301076,1909f56bfc062723c751e8b465ee728b)
Start importing Assets/Scenes/RAISETHEROOF/RAISETHEROOF.unity using Guid(8099421f0de19774fadbe48c1dee1cc4) Importer(815301076,1909f56bfc062723c751e8b465ee728b)  -> (artifact id: '4e5f72a7729ef5dafe525bb724127c4e') in 0.061453 seconds
  Import took 0.090703 seconds .

========================================================================
Received Import Request.
  Time since last request: 517.125387 seconds.
  path: Assets/Modern UI Pack/Resources/Progress Bars (Loop)/Circle Trapez.prefab
  artifactKey: Guid(068b998f6ba513f4e8ce1f3a50ab16ee) Importer(815301076,1909f56bfc062723c751e8b465ee728b)
Start importing Assets/Modern UI Pack/Resources/Progress Bars (Loop)/Circle Trapez.prefab using Guid(068b998f6ba513f4e8ce1f3a50ab16ee) Importer(815301076,1909f56bfc062723c751e8b465ee728b)  -> (artifact id: '1a7e439dd67bffcf8a60e2fa4e4a863a') in 0.097861 seconds
  Import took 0.273571 seconds .

========================================================================
Received Import Request.
  Time since last request: 0.000209 seconds.
  path: Assets/UI/DragMatchUi.prefab
  artifactKey: Guid(9a080e7d5a2eb684686b4a0036157c05) Importer(815301076,1909f56bfc062723c751e8b465ee728b)
Start importing Assets/UI/DragMatchUi.prefab using Guid(9a080e7d5a2eb684686b4a0036157c05) Importer(815301076,1909f56bfc062723c751e8b465ee728b)  -> (artifact id: '8dcd33ccafea02648a40163febdcf876') in 0.073477 seconds
  Import took 0.249486 seconds .

========================================================================
Received Import Request.
  Time since last request: 0.000204 seconds.
  path: Assets/Dark UI/Prefabs/Cursors/Frame.prefab
  artifactKey: Guid(13990b224a7067d4595c096c1af5bd5a) Importer(815301076,1909f56bfc062723c751e8b465ee728b)
Start importing Assets/Dark UI/Prefabs/Cursors/Frame.prefab using Guid(13990b224a7067d4595c096c1af5bd5a) Importer(815301076,1909f56bfc062723c751e8b465ee728b)  -> (artifact id: '4f63e9586a2f8255d1f0ff021501d954') in 0.260225 seconds
  Import took 0.294663 seconds .

========================================================================
Received Import Request.
  Time since last request: 0.000246 seconds.
  path: Assets/TextMesh Pro/Examples & Extras/Materials/Crate - Surface Shader Scene.mat
  artifactKey: Guid(e6b9b44320f4448d9d5e0ee634259966) Importer(815301076,1909f56bfc062723c751e8b465ee728b)
Start importing Assets/TextMesh Pro/Examples & Extras/Materials/Crate - Surface Shader Scene.mat using Guid(e6b9b44320f4448d9d5e0ee634259966) Importer(815301076,1909f56bfc062723c751e8b465ee728b)  -> (artifact id: '29aba3fb7a3508f340fd8d7388bf7f51') in 0.314175 seconds
  Import took 0.352111 seconds .

========================================================================
Received Import Request.
  Time since last request: 2.445257 seconds.
  path: Assets/UI/RaiserTheRoofUo.prefab
  artifactKey: Guid(589cf289859b74449825e144fa4d4530) Importer(815301076,1909f56bfc062723c751e8b465ee728b)
Start importing Assets/UI/RaiserTheRoofUo.prefab using Guid(589cf289859b74449825e144fa4d4530) Importer(815301076,1909f56bfc062723c751e8b465ee728b)  -> (artifact id: '8d425330b2320dbbfdbf868fb551b155') in 0.042104 seconds
  Import took 0.085253 seconds .

========================================================================
Received Import Request.
  Time since last request: 24.100535 seconds.
  path: Assets/UI/RaiserTheRoofUo.prefab
  artifactKey: Guid(589cf289859b74449825e144fa4d4530) Importer(815301076,1909f56bfc062723c751e8b465ee728b)
Start importing Assets/UI/RaiserTheRoofUo.prefab using Guid(589cf289859b74449825e144fa4d4530) Importer(815301076,1909f56bfc062723c751e8b465ee728b)  -> (artifact id: 'cbf959a65a06deb7426dd111c9fd01e9') in 0.022852 seconds
  Import took 0.056554 seconds .

========================================================================
Received Import Request.
  Time since last request: 1.994547 seconds.
  path: Assets/UI/RaiserTheRoofUo.prefab
  artifactKey: Guid(589cf289859b74449825e144fa4d4530) Importer(815301076,1909f56bfc062723c751e8b465ee728b)
Start importing Assets/UI/RaiserTheRoofUo.prefab using Guid(589cf289859b74449825e144fa4d4530) Importer(815301076,1909f56bfc062723c751e8b465ee728b)  -> (artifact id: '81d9abdee463ea81533acaca1a948527') in 0.020142 seconds
  Import took 0.052569 seconds .

========================================================================
Received Import Request.
  Time since last request: 1.758501 seconds.
  path: Assets/UI/RaiserTheRoofUo.prefab
  artifactKey: Guid(589cf289859b74449825e144fa4d4530) Importer(815301076,1909f56bfc062723c751e8b465ee728b)
Start importing Assets/UI/RaiserTheRoofUo.prefab using Guid(589cf289859b74449825e144fa4d4530) Importer(815301076,1909f56bfc062723c751e8b465ee728b)  -> (artifact id: 'cb421f67a9a6986b1e593059c595086e') in 0.021430 seconds
  Import took 0.026972 seconds .

========================================================================
Received Import Request.
  Time since last request: 0.968439 seconds.
  path: Assets/UI/RaiserTheRoofUo.prefab
  artifactKey: Guid(589cf289859b74449825e144fa4d4530) Importer(815301076,1909f56bfc062723c751e8b465ee728b)
Start importing Assets/UI/RaiserTheRoofUo.prefab using Guid(589cf289859b74449825e144fa4d4530) Importer(815301076,1909f56bfc062723c751e8b465ee728b)  -> (artifact id: '1f77e0503eca7c5af75439d84e1e7562') in 0.021404 seconds
  Import took 0.067022 seconds .

========================================================================
Received Import Request.
  Time since last request: 2.780595 seconds.
  path: Assets/UI/RaiserTheRoofUo.prefab
  artifactKey: Guid(589cf289859b74449825e144fa4d4530) Importer(815301076,1909f56bfc062723c751e8b465ee728b)
Start importing Assets/UI/RaiserTheRoofUo.prefab using Guid(589cf289859b74449825e144fa4d4530) Importer(815301076,1909f56bfc062723c751e8b465ee728b)  -> (artifact id: 'af5f27e23b6885aa1ca5e40a10b45438') in 0.020037 seconds
  Import took 0.070778 seconds .

========================================================================
Received Import Request.
  Time since last request: 16.626557 seconds.
  path: Assets/UI/RaiserTheRoofUo.prefab
  artifactKey: Guid(589cf289859b74449825e144fa4d4530) Importer(815301076,1909f56bfc062723c751e8b465ee728b)
Start importing Assets/UI/RaiserTheRoofUo.prefab using Guid(589cf289859b74449825e144fa4d4530) Importer(815301076,1909f56bfc062723c751e8b465ee728b)  -> (artifact id: '5a0a3d258398b2401ede1c29468a098b') in 0.021600 seconds
  Import took 0.048248 seconds .

========================================================================
Received Import Request.
  Time since last request: 5.189462 seconds.
  path: Assets/UI/RaiserTheRoofUo.prefab
  artifactKey: Guid(589cf289859b74449825e144fa4d4530) Importer(815301076,1909f56bfc062723c751e8b465ee728b)
Start importing Assets/UI/RaiserTheRoofUo.prefab using Guid(589cf289859b74449825e144fa4d4530) Importer(815301076,1909f56bfc062723c751e8b465ee728b)  -> (artifact id: '2899c65dabb3ac98d6e6e5638b722108') in 0.021046 seconds
  Import took 0.052186 seconds .

========================================================================
Received Import Request.
  Time since last request: 8.234776 seconds.
  path: Assets/UI/RaiserTheRoofUo.prefab
  artifactKey: Guid(589cf289859b74449825e144fa4d4530) Importer(815301076,1909f56bfc062723c751e8b465ee728b)
Start importing Assets/UI/RaiserTheRoofUo.prefab using Guid(589cf289859b74449825e144fa4d4530) Importer(815301076,1909f56bfc062723c751e8b465ee728b)  -> (artifact id: 'dabfb39fe96b08cf1c2275e05dd10dac') in 0.022346 seconds
  Import took 0.048228 seconds .

========================================================================
Received Import Request.
  Time since last request: 2.031064 seconds.
  path: Assets/UI/RaiserTheRoofUo.prefab
  artifactKey: Guid(589cf289859b74449825e144fa4d4530) Importer(815301076,1909f56bfc062723c751e8b465ee728b)
Start importing Assets/UI/RaiserTheRoofUo.prefab using Guid(589cf289859b74449825e144fa4d4530) Importer(815301076,1909f56bfc062723c751e8b465ee728b)  -> (artifact id: '62b72e7d3c945d996f308defedf1253b') in 0.022412 seconds
  Import took 0.046073 seconds .

========================================================================
Received Import Request.
  Time since last request: 51.281928 seconds.
  path: Assets/Prebfabs/HUDContainer.prefab
  artifactKey: Guid(2c2f3f766862c254380557f5d4c3d5b9) Importer(815301076,1909f56bfc062723c751e8b465ee728b)
Start importing Assets/Prebfabs/HUDContainer.prefab using Guid(2c2f3f766862c254380557f5d4c3d5b9) Importer(815301076,1909f56bfc062723c751e8b465ee728b)  -> (artifact id: '9269102ed6551c76042a083ce4104d45') in 0.031937 seconds
  Import took 0.063410 seconds .

========================================================================
Received Import Request.
  Time since last request: 3.492650 seconds.
  path: Assets/PREFABS/DragMatch/A.prefab
  artifactKey: Guid(a308bf66ee5ba864b9a523ae682daefc) Importer(815301076,1909f56bfc062723c751e8b465ee728b)
Start importing Assets/PREFABS/DragMatch/A.prefab using Guid(a308bf66ee5ba864b9a523ae682daefc) Importer(815301076,1909f56bfc062723c751e8b465ee728b)  -> (artifact id: '69be47b8fdcf93eb0d57cc436c184105') in 0.040299 seconds
  Import took 0.075844 seconds .

========================================================================
Received Import Request.
  Time since last request: 0.000190 seconds.
  path: Assets/PREFABS/DragMatch/Q.prefab
  artifactKey: Guid(9c1216f20fea50644a8adfa301e6d6da) Importer(815301076,1909f56bfc062723c751e8b465ee728b)
Start importing Assets/PREFABS/DragMatch/Q.prefab using Guid(9c1216f20fea50644a8adfa301e6d6da) Importer(815301076,1909f56bfc062723c751e8b465ee728b)  -> (artifact id: 'a02beeb48ca4dcbe491a5d32165b155d') in 0.028243 seconds
  Import took 0.033165 seconds .

========================================================================
Received Import Request.
  Time since last request: 7.629093 seconds.
  path: Assets/Prebfabs/RaiserTheRoofUo.prefab
  artifactKey: Guid(c6f39e11f8f05d14396c790aeacfc1f2) Importer(815301076,1909f56bfc062723c751e8b465ee728b)
Start importing Assets/Prebfabs/RaiserTheRoofUo.prefab using Guid(c6f39e11f8f05d14396c790aeacfc1f2) Importer(815301076,1909f56bfc062723c751e8b465ee728b)  -> (artifact id: 'de49f67102461f5948a00af06458f5f1') in 0.022845 seconds
  Import took 0.032693 seconds .

========================================================================
Received Prepare
Registering precompiled user dll's ...
Registered in 0.001225 seconds.
Begin MonoManager ReloadAssembly
Native extension for WindowsStandalone target not found
Native extension for WebGL target not found
Refreshing native plugins compatible for Editor in 0.78 ms, found 1 plugins.
Preloading 0 native plugins for Editor in 0.00 ms.
Mono: successfully reloaded assembly
- Completed reload, in  0.848 seconds
Platform modules already initialized, skipping
Shader 'Universal Render Pipeline/Particles/Lit': fallback shader 'Universal Render Pipeline/Particles/SimpleLit' not found
Refreshing native plugins compatible for Editor in 0.81 ms, found 1 plugins.
Preloading 0 native plugins for Editor in 0.00 ms.
Unloading 3144 Unused Serialized files (Serialized files now loaded: 0)
System memory in use before: 140.9 MB.
System memory in use after: 141.1 MB.

Unloading 11 unused Assets to reduce memory usage. Loaded Objects now: 3810.
Total: 2.605400 ms (FindLiveObjects: 0.378900 ms CreateObjectMapping: 0.087700 ms MarkObjects: 2.109200 ms  DeleteObjects: 0.028900 ms)

========================================================================
Received Prepare
Registering precompiled user dll's ...
Registered in 0.001098 seconds.
Begin MonoManager ReloadAssembly
Native extension for WindowsStandalone target not found
Native extension for WebGL target not found
Refreshing native plugins compatible for Editor in 0.77 ms, found 1 plugins.
Preloading 0 native plugins for Editor in 0.00 ms.
Mono: successfully reloaded assembly
- Completed reload, in  0.827 seconds
Platform modules already initialized, skipping
Shader 'Universal Render Pipeline/Particles/Lit': fallback shader 'Universal Render Pipeline/Particles/SimpleLit' not found
Refreshing native plugins compatible for Editor in 0.76 ms, found 1 plugins.
Preloading 0 native plugins for Editor in 0.00 ms.
Unloading 3144 Unused Serialized files (Serialized files now loaded: 0)
System memory in use before: 140.9 MB.
System memory in use after: 141.2 MB.

Unloading 9 unused Assets to reduce memory usage. Loaded Objects now: 3813.
Total: 3.039000 ms (FindLiveObjects: 0.617000 ms CreateObjectMapping: 0.096000 ms MarkObjects: 2.310000 ms  DeleteObjects: 0.014600 ms)

========================================================================
Received Prepare
Registering precompiled user dll's ...
Registered in 0.001091 seconds.
Begin MonoManager ReloadAssembly
Native extension for WindowsStandalone target not found
Native extension for WebGL target not found
Refreshing native plugins compatible for Editor in 0.75 ms, found 1 plugins.
Preloading 0 native plugins for Editor in 0.00 ms.
Mono: successfully reloaded assembly
- Completed reload, in  0.816 seconds
Platform modules already initialized, skipping
Shader 'Universal Render Pipeline/Particles/Lit': fallback shader 'Universal Render Pipeline/Particles/SimpleLit' not found
Refreshing native plugins compatible for Editor in 0.76 ms, found 1 plugins.
Preloading 0 native plugins for Editor in 0.00 ms.
Unloading 3144 Unused Serialized files (Serialized files now loaded: 0)
System memory in use before: 141.0 MB.
System memory in use after: 141.2 MB.

Unloading 9 unused Assets to reduce memory usage. Loaded Objects now: 3816.
Total: 3.083800 ms (FindLiveObjects: 0.675600 ms CreateObjectMapping: 0.098500 ms MarkObjects: 2.290100 ms  DeleteObjects: 0.017900 ms)

========================================================================
Received Prepare
Registering precompiled user dll's ...
Registered in 0.001392 seconds.
Begin MonoManager ReloadAssembly
Native extension for WindowsStandalone target not found
Native extension for WebGL target not found
Refreshing native plugins compatible for Editor in 0.74 ms, found 1 plugins.
Preloading 0 native plugins for Editor in 0.00 ms.
Mono: successfully reloaded assembly
- Completed reload, in  0.804 seconds
Platform modules already initialized, skipping
Shader 'Universal Render Pipeline/Particles/Lit': fallback shader 'Universal Render Pipeline/Particles/SimpleLit' not found
Refreshing native plugins compatible for Editor in 0.76 ms, found 1 plugins.
Preloading 0 native plugins for Editor in 0.00 ms.
Unloading 3144 Unused Serialized files (Serialized files now loaded: 0)
System memory in use before: 141.0 MB.
System memory in use after: 141.2 MB.

Unloading 9 unused Assets to reduce memory usage. Loaded Objects now: 3819.
Total: 2.651000 ms (FindLiveObjects: 0.376400 ms CreateObjectMapping: 0.087700 ms MarkObjects: 2.167000 ms  DeleteObjects: 0.018700 ms)

========================================================================
Received Prepare
Registering precompiled user dll's ...
Registered in 0.001385 seconds.
Begin MonoManager ReloadAssembly
Native extension for WindowsStandalone target not found
Native extension for WebGL target not found
Refreshing native plugins compatible for Editor in 0.74 ms, found 1 plugins.
Preloading 0 native plugins for Editor in 0.00 ms.
Mono: successfully reloaded assembly
- Completed reload, in  0.842 seconds
Platform modules already initialized, skipping
Shader 'Universal Render Pipeline/Particles/Lit': fallback shader 'Universal Render Pipeline/Particles/SimpleLit' not found
Refreshing native plugins compatible for Editor in 0.74 ms, found 1 plugins.
Preloading 0 native plugins for Editor in 0.00 ms.
Unloading 3144 Unused Serialized files (Serialized files now loaded: 0)
System memory in use before: 141.0 MB.
System memory in use after: 141.2 MB.

Unloading 9 unused Assets to reduce memory usage. Loaded Objects now: 3822.
Total: 2.718100 ms (FindLiveObjects: 0.362700 ms CreateObjectMapping: 0.101500 ms MarkObjects: 2.238700 ms  DeleteObjects: 0.013900 ms)

========================================================================
Received Prepare
Registering precompiled user dll's ...
Registered in 0.001190 seconds.
Begin MonoManager ReloadAssembly
Native extension for WindowsStandalone target not found
Native extension for WebGL target not found
Refreshing native plugins compatible for Editor in 0.79 ms, found 1 plugins.
Preloading 0 native plugins for Editor in 0.00 ms.
Mono: successfully reloaded assembly
- Completed reload, in  0.838 seconds
Platform modules already initialized, skipping
Shader 'Universal Render Pipeline/Particles/Lit': fallback shader 'Universal Render Pipeline/Particles/SimpleLit' not found
Refreshing native plugins compatible for Editor in 0.79 ms, found 1 plugins.
Preloading 0 native plugins for Editor in 0.00 ms.
Unloading 3144 Unused Serialized files (Serialized files now loaded: 0)
System memory in use before: 141.0 MB.
System memory in use after: 141.3 MB.

Unloading 9 unused Assets to reduce memory usage. Loaded Objects now: 3825.
Total: 3.003100 ms (FindLiveObjects: 0.428800 ms CreateObjectMapping: 0.088400 ms MarkObjects: 2.469100 ms  DeleteObjects: 0.015500 ms)

========================================================================
Received Prepare
Registering precompiled user dll's ...
Registered in 0.001136 seconds.
Begin MonoManager ReloadAssembly
Native extension for WindowsStandalone target not found
Native extension for WebGL target not found
Refreshing native plugins compatible for Editor in 0.75 ms, found 1 plugins.
Preloading 0 native plugins for Editor in 0.00 ms.
Mono: successfully reloaded assembly
- Completed reload, in  0.839 seconds
Platform modules already initialized, skipping
Shader 'Universal Render Pipeline/Particles/Lit': fallback shader 'Universal Render Pipeline/Particles/SimpleLit' not found
Refreshing native plugins compatible for Editor in 0.86 ms, found 1 plugins.
Preloading 0 native plugins for Editor in 0.00 ms.
Unloading 3144 Unused Serialized files (Serialized files now loaded: 0)
System memory in use before: 141.0 MB.
System memory in use after: 141.3 MB.

Unloading 9 unused Assets to reduce memory usage. Loaded Objects now: 3828.
Total: 2.829100 ms (FindLiveObjects: 0.478600 ms CreateObjectMapping: 0.094500 ms MarkObjects: 2.232000 ms  DeleteObjects: 0.022600 ms)

========================================================================
Received Prepare
Registering precompiled user dll's ...
Registered in 0.001131 seconds.
Begin MonoManager ReloadAssembly
Native extension for WindowsStandalone target not found
Native extension for WebGL target not found
Refreshing native plugins compatible for Editor in 0.76 ms, found 1 plugins.
Preloading 0 native plugins for Editor in 0.00 ms.
Mono: successfully reloaded assembly
- Completed reload, in  0.825 seconds
Platform modules already initialized, skipping
Shader 'Universal Render Pipeline/Particles/Lit': fallback shader 'Universal Render Pipeline/Particles/SimpleLit' not found
Refreshing native plugins compatible for Editor in 0.78 ms, found 1 plugins.
Preloading 0 native plugins for Editor in 0.00 ms.
Unloading 3144 Unused Serialized files (Serialized files now loaded: 0)
System memory in use before: 141.0 MB.
System memory in use after: 141.3 MB.

Unloading 9 unused Assets to reduce memory usage. Loaded Objects now: 3831.
Total: 2.723500 ms (FindLiveObjects: 0.408700 ms CreateObjectMapping: 0.090200 ms MarkObjects: 2.204900 ms  DeleteObjects: 0.018800 ms)

========================================================================
Received Prepare
Registering precompiled user dll's ...
Registered in 0.001366 seconds.
Begin MonoManager ReloadAssembly
Native extension for WindowsStandalone target not found
Native extension for WebGL target not found
Refreshing native plugins compatible for Editor in 0.78 ms, found 1 plugins.
Preloading 0 native plugins for Editor in 0.00 ms.
Mono: successfully reloaded assembly
- Completed reload, in  0.811 seconds
Platform modules already initialized, skipping
Shader 'Universal Render Pipeline/Particles/Lit': fallback shader 'Universal Render Pipeline/Particles/SimpleLit' not found
Refreshing native plugins compatible for Editor in 0.78 ms, found 1 plugins.
Preloading 0 native plugins for Editor in 0.00 ms.
Unloading 3144 Unused Serialized files (Serialized files now loaded: 0)
System memory in use before: 141.0 MB.
System memory in use after: 141.3 MB.

Unloading 9 unused Assets to reduce memory usage. Loaded Objects now: 3834.
Total: 2.677100 ms (FindLiveObjects: 0.368500 ms CreateObjectMapping: 0.099700 ms MarkObjects: 2.194300 ms  DeleteObjects: 0.013900 ms)

========================================================================
Received Import Request.
  Time since last request: 635.267352 seconds.
  path: Assets/Prebfabs/RaiserTheRoofUo.prefab
  artifactKey: Guid(c6f39e11f8f05d14396c790aeacfc1f2) Importer(815301076,1909f56bfc062723c751e8b465ee728b)
Start importing Assets/Prebfabs/RaiserTheRoofUo.prefab using Guid(c6f39e11f8f05d14396c790aeacfc1f2) Importer(815301076,1909f56bfc062723c751e8b465ee728b)  -> (artifact id: '4f10949c77a9dd8e4ff025d387982b73') in 0.097411 seconds
  Import took 0.125564 seconds .

========================================================================
Received Import Request.
  Time since last request: 4.329155 seconds.
  path: Assets/PREFABS/RaiseTheRoof/New Lighting Settings.lighting
  artifactKey: Guid(229e9c7962aa9f344ae5ab48c133626d) Importer(815301076,1909f56bfc062723c751e8b465ee728b)
Start importing Assets/PREFABS/RaiseTheRoof/New Lighting Settings.lighting using Guid(229e9c7962aa9f344ae5ab48c133626d) Importer(815301076,1909f56bfc062723c751e8b465ee728b)  -> (artifact id: '1287af076b8a613d11296c5312e91a71') in 0.006766 seconds
  Import took 0.012403 seconds .

========================================================================
Received Import Request.
  Time since last request: 0.015154 seconds.
  path: Assets/PREFABS/RaiseTheRoof/New Lighting Settings.lighting
  artifactKey: Guid(229e9c7962aa9f344ae5ab48c133626d) Importer(815301076,1909f56bfc062723c751e8b465ee728b)
Start importing Assets/PREFABS/RaiseTheRoof/New Lighting Settings.lighting using Guid(229e9c7962aa9f344ae5ab48c133626d) Importer(815301076,1909f56bfc062723c751e8b465ee728b)  -> (artifact id: '1287af076b8a613d11296c5312e91a71') in 0.002507 seconds
  Import took 0.007437 seconds .

========================================================================
Received Import Request.
  Time since last request: 5.938603 seconds.
  path: Assets/PREFABS/RaiseTheRoof/Q.prefab
  artifactKey: Guid(71b1d658ec134ca4c9359d878b0ce64d) Importer(815301076,1909f56bfc062723c751e8b465ee728b)
Start importing Assets/PREFABS/RaiseTheRoof/Q.prefab using Guid(71b1d658ec134ca4c9359d878b0ce64d) Importer(815301076,1909f56bfc062723c751e8b465ee728b)  -> (artifact id: 'd7ba888ac186ed39aa2cf982acd51272') in 0.027235 seconds
  Import took 0.065525 seconds .

========================================================================
Received Prepare
Registering precompiled user dll's ...
Registered in 0.001296 seconds.
Begin MonoManager ReloadAssembly
Native extension for WindowsStandalone target not found
Native extension for WebGL target not found
Refreshing native plugins compatible for Editor in 0.76 ms, found 1 plugins.
Preloading 0 native plugins for Editor in 0.00 ms.
Mono: successfully reloaded assembly
- Completed reload, in  0.820 seconds
Platform modules already initialized, skipping
Shader 'Universal Render Pipeline/Particles/Lit': fallback shader 'Universal Render Pipeline/Particles/SimpleLit' not found
Refreshing native plugins compatible for Editor in 0.76 ms, found 1 plugins.
Preloading 0 native plugins for Editor in 0.00 ms.
Unloading 3144 Unused Serialized files (Serialized files now loaded: 0)
System memory in use before: 141.1 MB.
System memory in use after: 141.3 MB.

Unloading 10 unused Assets to reduce memory usage. Loaded Objects now: 3837.
Total: 3.164000 ms (FindLiveObjects: 0.341600 ms CreateObjectMapping: 0.088600 ms MarkObjects: 2.706200 ms  DeleteObjects: 0.026600 ms)

========================================================================
Received Prepare
Registering precompiled user dll's ...
Registered in 0.001467 seconds.
Begin MonoManager ReloadAssembly
Native extension for WindowsStandalone target not found
Native extension for WebGL target not found
Refreshing native plugins compatible for Editor in 0.90 ms, found 1 plugins.
Preloading 0 native plugins for Editor in 0.00 ms.
Mono: successfully reloaded assembly
- Completed reload, in  0.803 seconds
Platform modules already initialized, skipping
Shader 'Universal Render Pipeline/Particles/Lit': fallback shader 'Universal Render Pipeline/Particles/SimpleLit' not found
Refreshing native plugins compatible for Editor in 0.77 ms, found 1 plugins.
Preloading 0 native plugins for Editor in 0.00 ms.
Unloading 3144 Unused Serialized files (Serialized files now loaded: 0)
System memory in use before: 141.1 MB.
System memory in use after: 141.3 MB.

Unloading 9 unused Assets to reduce memory usage. Loaded Objects now: 3840.
Total: 2.629000 ms (FindLiveObjects: 0.484600 ms CreateObjectMapping: 0.230700 ms MarkObjects: 1.898300 ms  DeleteObjects: 0.014500 ms)

========================================================================
Received Prepare
Registering precompiled user dll's ...
Registered in 0.125255 seconds.
Begin MonoManager ReloadAssembly
Native extension for WindowsStandalone target not found
Native extension for WebGL target not found
Refreshing native plugins compatible for Editor in 0.79 ms, found 1 plugins.
Preloading 0 native plugins for Editor in 0.00 ms.
Mono: successfully reloaded assembly
- Completed reload, in  4.006 seconds
Platform modules already initialized, skipping
Shader 'Universal Render Pipeline/Particles/Lit': fallback shader 'Universal Render Pipeline/Particles/SimpleLit' not found
Refreshing native plugins compatible for Editor in 0.91 ms, found 1 plugins.
Preloading 0 native plugins for Editor in 0.00 ms.
Unloading 3144 Unused Serialized files (Serialized files now loaded: 0)
System memory in use before: 141.1 MB.
System memory in use after: 141.3 MB.

Unloading 9 unused Assets to reduce memory usage. Loaded Objects now: 3843.
Total: 2.598800 ms (FindLiveObjects: 0.399300 ms CreateObjectMapping: 0.087700 ms MarkObjects: 2.094900 ms  DeleteObjects: 0.015500 ms)

========================================================================
Received Prepare
Registering precompiled user dll's ...
Registered in 0.001213 seconds.
Begin MonoManager ReloadAssembly
Native extension for WindowsStandalone target not found
Native extension for WebGL target not found
Refreshing native plugins compatible for Editor in 0.79 ms, found 1 plugins.
Preloading 0 native plugins for Editor in 0.00 ms.
Mono: successfully reloaded assembly
- Completed reload, in  0.796 seconds
Platform modules already initialized, skipping
Shader 'Universal Render Pipeline/Particles/Lit': fallback shader 'Universal Render Pipeline/Particles/SimpleLit' not found
Refreshing native plugins compatible for Editor in 0.76 ms, found 1 plugins.
Preloading 0 native plugins for Editor in 0.00 ms.
Unloading 3144 Unused Serialized files (Serialized files now loaded: 0)
System memory in use before: 141.1 MB.
System memory in use after: 141.3 MB.

Unloading 9 unused Assets to reduce memory usage. Loaded Objects now: 3846.
Total: 2.404200 ms (FindLiveObjects: 0.409500 ms CreateObjectMapping: 0.093700 ms MarkObjects: 1.885500 ms  DeleteObjects: 0.014500 ms)

AssetImportWorkerClient::OnTransportError - code=2 error=End of file
