Using pre-set license
Built from '2020.3/staging' branch; Version is '2020.3.4f1 (0abb6314276a) revision 703331'; Using compiler version '192528614'; Build Type 'Release'
OS: 'Windows 10 Home; OS build 19042.928; Version 2009; 64bit' Language: 'en' Physical Memory: 8140 MB
BatchMode: 1, IsHumanControllingUs: 0, StartBugReporterOnCrash: 0, Is64bit: 1, IsPro: 0

 COMMAND LINE ARGUMENTS:
C:\Program Files\Unity\Hub\Editor\2020.3.4f1\Editor\Unity.exe
-adb2
-batchMode
-noUpm
-name
AssetImportWorker1
-projectPath
D:/Games/New Project/LearnToLearn/LearnToLearn
-logFile
Logs/AssetImportWorker1.log
-srvPort
58178
Successfully changed project path to: D:/Games/New Project/LearnToLearn/LearnToLearn
D:/Games/New Project/LearnToLearn/LearnToLearn
Using Asset Import Pipeline V2.
Refreshing native plugins compatible for Editor in 64.28 ms, found 1 plugins.
Preloading 0 native plugins for Editor in 0.00 ms.
Initialize engine version: 2020.3.4f1 (0abb6314276a)
[Subsystems] Discovering subsystems at path C:/Program Files/Unity/Hub/Editor/2020.3.4f1/Editor/Data/Resources/UnitySubsystems
[Subsystems] Discovering subsystems at path D:/Games/New Project/LearnToLearn/LearnToLearn/Assets
GfxDevice: creating device client; threaded=0
Direct3D:
    Version:  Direct3D 11.0 [level 11.1]
    Renderer: NVIDIA GeForce GTX 1650 SUPER (ID=0x2187)
    Vendor:   
    VRAM:     3955 MB
    Driver:   27.21.14.6611
Shader 'Universal Render Pipeline/Particles/Lit': fallback shader 'Universal Render Pipeline/Particles/SimpleLit' not found
Initialize mono
Mono path[0] = 'C:/Program Files/Unity/Hub/Editor/2020.3.4f1/Editor/Data/Managed'
Mono path[1] = 'C:/Program Files/Unity/Hub/Editor/2020.3.4f1/Editor/Data/MonoBleedingEdge/lib/mono/unityjit'
Mono config path = 'C:/Program Files/Unity/Hub/Editor/2020.3.4f1/Editor/Data/MonoBleedingEdge/etc'
Using monoOptions --debugger-agent=transport=dt_socket,embedding=1,server=y,suspend=n,address=127.0.0.1:56108
Begin MonoManager ReloadAssembly
Registering precompiled unity dll's ...
Register platform support module: C:/Program Files/Unity/Hub/Editor/2020.3.4f1/Editor/Data/PlaybackEngines/WebGLSupport/UnityEditor.WebGL.Extensions.dll
Register platform support module: C:/Program Files/Unity/Hub/Editor/2020.3.4f1/Editor/Data/PlaybackEngines/WindowsStandaloneSupport/UnityEditor.WindowsStandalone.Extensions.dll
Registered in 0.001953 seconds.
Native extension for WindowsStandalone target not found
Native extension for WebGL target not found
Refreshing native plugins compatible for Editor in 67.23 ms, found 1 plugins.
Preloading 0 native plugins for Editor in 0.00 ms.
Mono: successfully reloaded assembly
- Completed reload, in  1.714 seconds
Platform modules already initialized, skipping
Registering precompiled user dll's ...
Registered in 0.000898 seconds.
Begin MonoManager ReloadAssembly
Native extension for WindowsStandalone target not found
Native extension for WebGL target not found
Refreshing native plugins compatible for Editor in 67.07 ms, found 1 plugins.
Preloading 0 native plugins for Editor in 0.00 ms.
Mono: successfully reloaded assembly
- Completed reload, in  0.892 seconds
Platform modules already initialized, skipping
========================================================================
Worker process is ready to serve import requests
Shader 'Universal Render Pipeline/Particles/Lit': fallback shader 'Universal Render Pipeline/Particles/SimpleLit' not found
Launched and connected shader compiler UnityShaderCompiler.exe after 0.03 seconds
Refreshing native plugins compatible for Editor in 0.77 ms, found 1 plugins.
Preloading 0 native plugins for Editor in 0.00 ms.
Unloading 3285 Unused Serialized files (Serialized files now loaded: 0)
System memory in use before: 158.0 MB.
System memory in use after: 158.2 MB.

Unloading 20 unused Assets to reduce memory usage. Loaded Objects now: 3750.
Total: 2.347200 ms (FindLiveObjects: 0.378400 ms CreateObjectMapping: 0.089500 ms MarkObjects: 1.803400 ms  DeleteObjects: 0.075200 ms)

========================================================================
Received Import Request.
  path: Assets/Scenes/FasterBlaster/FasterBlaster.unity
  artifactKey: Guid(44d22b5b4eec0ce40872ef0455fb3ed9) Importer(815301076,1909f56bfc062723c751e8b465ee728b)
Start importing Assets/Scenes/FasterBlaster/FasterBlaster.unity using Guid(44d22b5b4eec0ce40872ef0455fb3ed9) Importer(815301076,1909f56bfc062723c751e8b465ee728b)  -> (artifact id: '2650e170d7f7990d30835de9ac81dadd') in 0.339223 seconds
  Import took 0.371210 seconds .

========================================================================
Received Prepare
Registering precompiled user dll's ...
Registered in 0.001279 seconds.
Begin MonoManager ReloadAssembly
Native extension for WindowsStandalone target not found
Native extension for WebGL target not found
Refreshing native plugins compatible for Editor in 0.76 ms, found 1 plugins.
Preloading 0 native plugins for Editor in 0.00 ms.
Mono: successfully reloaded assembly
- Completed reload, in  0.801 seconds
Platform modules already initialized, skipping
Shader 'Universal Render Pipeline/Particles/Lit': fallback shader 'Universal Render Pipeline/Particles/SimpleLit' not found
Refreshing native plugins compatible for Editor in 0.75 ms, found 1 plugins.
Preloading 0 native plugins for Editor in 0.00 ms.
Unloading 3153 Unused Serialized files (Serialized files now loaded: 0)
System memory in use before: 148.8 MB.
System memory in use after: 149.0 MB.

Unloading 9 unused Assets to reduce memory usage. Loaded Objects now: 3753.
Total: 2.448700 ms (FindLiveObjects: 0.319500 ms CreateObjectMapping: 0.090700 ms MarkObjects: 2.020300 ms  DeleteObjects: 0.017300 ms)

========================================================================
Received Prepare
Registering precompiled user dll's ...
Registered in 0.001198 seconds.
Begin MonoManager ReloadAssembly
Native extension for WindowsStandalone target not found
Native extension for WebGL target not found
Refreshing native plugins compatible for Editor in 0.75 ms, found 1 plugins.
Preloading 0 native plugins for Editor in 0.00 ms.
Mono: successfully reloaded assembly
- Completed reload, in  0.794 seconds
Platform modules already initialized, skipping
Shader 'Universal Render Pipeline/Particles/Lit': fallback shader 'Universal Render Pipeline/Particles/SimpleLit' not found
Refreshing native plugins compatible for Editor in 0.73 ms, found 1 plugins.
Preloading 0 native plugins for Editor in 0.00 ms.
Unloading 3153 Unused Serialized files (Serialized files now loaded: 0)
System memory in use before: 148.8 MB.
System memory in use after: 149.1 MB.

Unloading 9 unused Assets to reduce memory usage. Loaded Objects now: 3756.
Total: 2.627100 ms (FindLiveObjects: 0.359900 ms CreateObjectMapping: 0.087600 ms MarkObjects: 2.156900 ms  DeleteObjects: 0.021400 ms)

========================================================================
Received Import Request.
  Time since last request: 239.813961 seconds.
  path: Assets/Scenes/FlashDrill/FlashDrill.unity
  artifactKey: Guid(4ab4905bc3830c64f9dcf0cba5d187fa) Importer(815301076,1909f56bfc062723c751e8b465ee728b)
Start importing Assets/Scenes/FlashDrill/FlashDrill.unity using Guid(4ab4905bc3830c64f9dcf0cba5d187fa) Importer(815301076,1909f56bfc062723c751e8b465ee728b)  -> (artifact id: 'e69088bb9d04a7af62a9289ee0216db5') in 0.041987 seconds
  Import took 0.083186 seconds .

========================================================================
Received Import Request.
  Time since last request: 138.267675 seconds.
  path: Assets/Scenes/DragMatch/DragMatch.unity
  artifactKey: Guid(d93508ed40895fc45a769119d04f456d) Importer(815301076,1909f56bfc062723c751e8b465ee728b)
Start importing Assets/Scenes/DragMatch/DragMatch.unity using Guid(d93508ed40895fc45a769119d04f456d) Importer(815301076,1909f56bfc062723c751e8b465ee728b)  -> (artifact id: 'b08f3a3a6e280a42b229c093a723a487') in 0.028734 seconds
  Import took 0.056080 seconds .

========================================================================
Received Prepare
Registering precompiled user dll's ...
Registered in 0.001314 seconds.
Begin MonoManager ReloadAssembly
Native extension for WindowsStandalone target not found
Native extension for WebGL target not found
Refreshing native plugins compatible for Editor in 0.76 ms, found 1 plugins.
Preloading 0 native plugins for Editor in 0.00 ms.
Mono: successfully reloaded assembly
- Completed reload, in  0.784 seconds
Platform modules already initialized, skipping
Shader 'Universal Render Pipeline/Particles/Lit': fallback shader 'Universal Render Pipeline/Particles/SimpleLit' not found
Refreshing native plugins compatible for Editor in 0.77 ms, found 1 plugins.
Preloading 0 native plugins for Editor in 0.00 ms.
Unloading 3153 Unused Serialized files (Serialized files now loaded: 0)
System memory in use before: 148.9 MB.
System memory in use after: 149.1 MB.

Unloading 9 unused Assets to reduce memory usage. Loaded Objects now: 3759.
Total: 2.326300 ms (FindLiveObjects: 0.405200 ms CreateObjectMapping: 0.087400 ms MarkObjects: 1.817200 ms  DeleteObjects: 0.014400 ms)

========================================================================
Received Import Request.
  Time since last request: 6.174540 seconds.
  path: Assets/Scenes/FasterBlaster/FasterBlaster.unity
  artifactKey: Guid(44d22b5b4eec0ce40872ef0455fb3ed9) Importer(815301076,1909f56bfc062723c751e8b465ee728b)
Start importing Assets/Scenes/FasterBlaster/FasterBlaster.unity using Guid(44d22b5b4eec0ce40872ef0455fb3ed9) Importer(815301076,1909f56bfc062723c751e8b465ee728b)  -> (artifact id: '9b4dcf9c4367cd55a8099f91eced3964') in 0.022891 seconds
  Import took 0.063495 seconds .

========================================================================
Received Import Request.
  Time since last request: 5.482703 seconds.
  path: Assets/Scenes/FlashDrill/FlashDrill.unity
  artifactKey: Guid(4ab4905bc3830c64f9dcf0cba5d187fa) Importer(815301076,1909f56bfc062723c751e8b465ee728b)
Start importing Assets/Scenes/FlashDrill/FlashDrill.unity using Guid(4ab4905bc3830c64f9dcf0cba5d187fa) Importer(815301076,1909f56bfc062723c751e8b465ee728b)  -> (artifact id: '780351eea9973e1b99c9be43e8d7651f') in 0.001998 seconds
  Import took 0.041192 seconds .

========================================================================
Received Import Request.
  Time since last request: 13.615978 seconds.
  path: Assets/Scenes/MemoryMatch/MemoryMatch.unity
  artifactKey: Guid(da725bb3b25473f40924518579b4c7b9) Importer(815301076,1909f56bfc062723c751e8b465ee728b)
Start importing Assets/Scenes/MemoryMatch/MemoryMatch.unity using Guid(da725bb3b25473f40924518579b4c7b9) Importer(815301076,1909f56bfc062723c751e8b465ee728b)  -> (artifact id: '7c78c65fe06be8276eec74c69bf0450d') in 0.005374 seconds
  Import took 0.037669 seconds .

========================================================================
Received Prepare
Registering precompiled user dll's ...
Registered in 0.001288 seconds.
Begin MonoManager ReloadAssembly
Native extension for WindowsStandalone target not found
Native extension for WebGL target not found
Refreshing native plugins compatible for Editor in 0.77 ms, found 1 plugins.
Preloading 0 native plugins for Editor in 0.00 ms.
Mono: successfully reloaded assembly
- Completed reload, in  0.806 seconds
Platform modules already initialized, skipping
Shader 'Universal Render Pipeline/Particles/Lit': fallback shader 'Universal Render Pipeline/Particles/SimpleLit' not found
Refreshing native plugins compatible for Editor in 0.75 ms, found 1 plugins.
Preloading 0 native plugins for Editor in 0.00 ms.
Unloading 3153 Unused Serialized files (Serialized files now loaded: 0)
System memory in use before: 148.9 MB.
System memory in use after: 149.2 MB.

Unloading 9 unused Assets to reduce memory usage. Loaded Objects now: 3762.
Total: 2.755400 ms (FindLiveObjects: 0.425100 ms CreateObjectMapping: 0.094800 ms MarkObjects: 2.216000 ms  DeleteObjects: 0.018300 ms)

========================================================================
Received Prepare
Registering precompiled user dll's ...
Registered in 0.001130 seconds.
Begin MonoManager ReloadAssembly
Native extension for WindowsStandalone target not found
Native extension for WebGL target not found
Refreshing native plugins compatible for Editor in 0.78 ms, found 1 plugins.
Preloading 0 native plugins for Editor in 0.00 ms.
Mono: successfully reloaded assembly
- Completed reload, in  0.790 seconds
Platform modules already initialized, skipping
Shader 'Universal Render Pipeline/Particles/Lit': fallback shader 'Universal Render Pipeline/Particles/SimpleLit' not found
Refreshing native plugins compatible for Editor in 0.75 ms, found 1 plugins.
Preloading 0 native plugins for Editor in 0.00 ms.
Unloading 3153 Unused Serialized files (Serialized files now loaded: 0)
System memory in use before: 148.9 MB.
System memory in use after: 149.2 MB.

Unloading 9 unused Assets to reduce memory usage. Loaded Objects now: 3765.
Total: 3.110900 ms (FindLiveObjects: 0.552200 ms CreateObjectMapping: 0.086900 ms MarkObjects: 2.444700 ms  DeleteObjects: 0.025400 ms)

========================================================================
Received Prepare
Registering precompiled user dll's ...
Registered in 0.001166 seconds.
Begin MonoManager ReloadAssembly
Native extension for WindowsStandalone target not found
Native extension for WebGL target not found
Refreshing native plugins compatible for Editor in 0.77 ms, found 1 plugins.
Preloading 0 native plugins for Editor in 0.00 ms.
Mono: successfully reloaded assembly
- Completed reload, in  0.794 seconds
Platform modules already initialized, skipping
Shader 'Universal Render Pipeline/Particles/Lit': fallback shader 'Universal Render Pipeline/Particles/SimpleLit' not found
Refreshing native plugins compatible for Editor in 0.80 ms, found 1 plugins.
Preloading 0 native plugins for Editor in 0.00 ms.
Unloading 3153 Unused Serialized files (Serialized files now loaded: 0)
System memory in use before: 149.0 MB.
System memory in use after: 149.2 MB.

Unloading 9 unused Assets to reduce memory usage. Loaded Objects now: 3768.
Total: 2.775600 ms (FindLiveObjects: 0.379000 ms CreateObjectMapping: 0.102200 ms MarkObjects: 2.274700 ms  DeleteObjects: 0.018700 ms)

========================================================================
Received Prepare
Registering precompiled user dll's ...
Registered in 0.001228 seconds.
Begin MonoManager ReloadAssembly
Native extension for WindowsStandalone target not found
Native extension for WebGL target not found
Refreshing native plugins compatible for Editor in 0.77 ms, found 1 plugins.
Preloading 0 native plugins for Editor in 0.00 ms.
Mono: successfully reloaded assembly
- Completed reload, in  0.793 seconds
Platform modules already initialized, skipping
Shader 'Universal Render Pipeline/Particles/Lit': fallback shader 'Universal Render Pipeline/Particles/SimpleLit' not found
Refreshing native plugins compatible for Editor in 0.77 ms, found 1 plugins.
Preloading 0 native plugins for Editor in 0.00 ms.
Unloading 3153 Unused Serialized files (Serialized files now loaded: 0)
System memory in use before: 149.0 MB.
System memory in use after: 149.2 MB.

Unloading 9 unused Assets to reduce memory usage. Loaded Objects now: 3771.
Total: 3.178900 ms (FindLiveObjects: 0.424300 ms CreateObjectMapping: 0.092700 ms MarkObjects: 2.643300 ms  DeleteObjects: 0.017300 ms)

========================================================================
Received Prepare
Registering precompiled user dll's ...
Registered in 0.001395 seconds.
Begin MonoManager ReloadAssembly
Native extension for WindowsStandalone target not found
Native extension for WebGL target not found
Refreshing native plugins compatible for Editor in 0.75 ms, found 1 plugins.
Preloading 0 native plugins for Editor in 0.00 ms.
Mono: successfully reloaded assembly
- Completed reload, in  0.797 seconds
Platform modules already initialized, skipping
Shader 'Universal Render Pipeline/Particles/Lit': fallback shader 'Universal Render Pipeline/Particles/SimpleLit' not found
Refreshing native plugins compatible for Editor in 0.79 ms, found 1 plugins.
Preloading 0 native plugins for Editor in 0.00 ms.
Unloading 3153 Unused Serialized files (Serialized files now loaded: 0)
System memory in use before: 149.0 MB.
System memory in use after: 149.2 MB.

Unloading 9 unused Assets to reduce memory usage. Loaded Objects now: 3774.
Total: 3.211400 ms (FindLiveObjects: 0.698700 ms CreateObjectMapping: 0.222200 ms MarkObjects: 2.270800 ms  DeleteObjects: 0.019100 ms)

========================================================================
Received Import Request.
  Time since last request: 306.475368 seconds.
  path: Assets/MainUI.prefab
  artifactKey: Guid(ff9c20dae655c5a4987977ab11fa1169) Importer(815301076,1909f56bfc062723c751e8b465ee728b)
Start importing Assets/MainUI.prefab using Guid(ff9c20dae655c5a4987977ab11fa1169) Importer(815301076,1909f56bfc062723c751e8b465ee728b)  -> (artifact id: '0ee862489be76a10bd21af32336c5bdc') in 0.618555 seconds
  Import took 0.643411 seconds .

========================================================================
Received Import Request.
  Time since last request: 16.512738 seconds.
  path: Assets/MainUI.prefab
  artifactKey: Guid(ff9c20dae655c5a4987977ab11fa1169) Importer(815301076,1909f56bfc062723c751e8b465ee728b)
Start importing Assets/MainUI.prefab using Guid(ff9c20dae655c5a4987977ab11fa1169) Importer(815301076,1909f56bfc062723c751e8b465ee728b)  -> (artifact id: '26fbd29eb3a9dbb3450acd12796904b2') in 0.061352 seconds
  Import took 0.092949 seconds .

========================================================================
Received Import Request.
  Time since last request: 14.659953 seconds.
  path: Assets/MainUI.prefab
  artifactKey: Guid(ff9c20dae655c5a4987977ab11fa1169) Importer(815301076,1909f56bfc062723c751e8b465ee728b)
Start importing Assets/MainUI.prefab using Guid(ff9c20dae655c5a4987977ab11fa1169) Importer(815301076,1909f56bfc062723c751e8b465ee728b)  -> (artifact id: 'a2b2bfcbbc7e36394c01d9035d7c99af') in 0.057953 seconds
  Import took 0.079154 seconds .

========================================================================
Received Import Request.
  Time since last request: 4.443903 seconds.
  path: Assets/MainUI.prefab
  artifactKey: Guid(ff9c20dae655c5a4987977ab11fa1169) Importer(815301076,1909f56bfc062723c751e8b465ee728b)
Start importing Assets/MainUI.prefab using Guid(ff9c20dae655c5a4987977ab11fa1169) Importer(815301076,1909f56bfc062723c751e8b465ee728b)  -> (artifact id: '0cc0cec52f38fb9c3f1f0b9bd4ce1f2c') in 0.058926 seconds
  Import took 0.080041 seconds .

========================================================================
Received Import Request.
  Time since last request: 18.575211 seconds.
  path: Assets/MainUI.prefab
  artifactKey: Guid(ff9c20dae655c5a4987977ab11fa1169) Importer(815301076,1909f56bfc062723c751e8b465ee728b)
Start importing Assets/MainUI.prefab using Guid(ff9c20dae655c5a4987977ab11fa1169) Importer(815301076,1909f56bfc062723c751e8b465ee728b)  -> (artifact id: 'd5e1cbc76bc310fe70aba6874042dae9') in 0.060844 seconds
  Import took 0.097644 seconds .

========================================================================
Received Import Request.
  Time since last request: 4.153303 seconds.
  path: Assets/MainUI.prefab
  artifactKey: Guid(ff9c20dae655c5a4987977ab11fa1169) Importer(815301076,1909f56bfc062723c751e8b465ee728b)
Start importing Assets/MainUI.prefab using Guid(ff9c20dae655c5a4987977ab11fa1169) Importer(815301076,1909f56bfc062723c751e8b465ee728b)  -> (artifact id: 'd75a91cd73da2cb8d3352c28843fa623') in 0.059893 seconds
  Import took 0.072278 seconds .

========================================================================
Received Import Request.
  Time since last request: 11.928670 seconds.
  path: Assets/MainUI.prefab
  artifactKey: Guid(ff9c20dae655c5a4987977ab11fa1169) Importer(815301076,1909f56bfc062723c751e8b465ee728b)
Start importing Assets/MainUI.prefab using Guid(ff9c20dae655c5a4987977ab11fa1169) Importer(815301076,1909f56bfc062723c751e8b465ee728b)  -> (artifact id: '8f723f83fe1032f2cfce8ce32865882d') in 0.062206 seconds
  Import took 0.071953 seconds .

========================================================================
Received Import Request.
  Time since last request: 0.544776 seconds.
  path: Assets/MainUI.prefab
  artifactKey: Guid(ff9c20dae655c5a4987977ab11fa1169) Importer(815301076,1909f56bfc062723c751e8b465ee728b)
Start importing Assets/MainUI.prefab using Guid(ff9c20dae655c5a4987977ab11fa1169) Importer(815301076,1909f56bfc062723c751e8b465ee728b)  -> (artifact id: '62511f3e2fad333ebeded46d8066f751') in 0.061173 seconds
  Import took 0.125174 seconds .

========================================================================
Received Import Request.
  Time since last request: 0.460807 seconds.
  path: Assets/MainUI.prefab
  artifactKey: Guid(ff9c20dae655c5a4987977ab11fa1169) Importer(815301076,1909f56bfc062723c751e8b465ee728b)
Start importing Assets/MainUI.prefab using Guid(ff9c20dae655c5a4987977ab11fa1169) Importer(815301076,1909f56bfc062723c751e8b465ee728b)  -> (artifact id: '29f2528954465e630a5675b3de50f7a1') in 0.061402 seconds
  Import took 0.068129 seconds .

========================================================================
Received Import Request.
  Time since last request: 0.745337 seconds.
  path: Assets/MainUI.prefab
  artifactKey: Guid(ff9c20dae655c5a4987977ab11fa1169) Importer(815301076,1909f56bfc062723c751e8b465ee728b)
Start importing Assets/MainUI.prefab using Guid(ff9c20dae655c5a4987977ab11fa1169) Importer(815301076,1909f56bfc062723c751e8b465ee728b)  -> (artifact id: 'f50bc9167c3db48c902bd0ad1cc7057d') in 0.064128 seconds
  Import took 0.097921 seconds .

========================================================================
Received Import Request.
  Time since last request: 12.023812 seconds.
  path: Assets/MainUI.prefab
  artifactKey: Guid(ff9c20dae655c5a4987977ab11fa1169) Importer(815301076,1909f56bfc062723c751e8b465ee728b)
Start importing Assets/MainUI.prefab using Guid(ff9c20dae655c5a4987977ab11fa1169) Importer(815301076,1909f56bfc062723c751e8b465ee728b)  -> (artifact id: '0bafd7e256d099adc15c40e0a9bf763e') in 0.059576 seconds
  Import took 0.074897 seconds .

========================================================================
Received Import Request.
  Time since last request: 3.372346 seconds.
  path: Assets/MainUI.prefab
  artifactKey: Guid(ff9c20dae655c5a4987977ab11fa1169) Importer(815301076,1909f56bfc062723c751e8b465ee728b)
Start importing Assets/MainUI.prefab using Guid(ff9c20dae655c5a4987977ab11fa1169) Importer(815301076,1909f56bfc062723c751e8b465ee728b)  -> (artifact id: '81486408f45ca858d75e42f6be47ca15') in 0.061436 seconds
  Import took 0.073662 seconds .

========================================================================
Received Import Request.
  Time since last request: 5.775479 seconds.
  path: Assets/MainUI.prefab
  artifactKey: Guid(ff9c20dae655c5a4987977ab11fa1169) Importer(815301076,1909f56bfc062723c751e8b465ee728b)
Start importing Assets/MainUI.prefab using Guid(ff9c20dae655c5a4987977ab11fa1169) Importer(815301076,1909f56bfc062723c751e8b465ee728b)  -> (artifact id: 'a6be93f8bb4c2316a2ba2ba0b541c228') in 0.060162 seconds
  Import took 0.084193 seconds .

========================================================================
Received Import Request.
  Time since last request: 6.561804 seconds.
  path: Assets/MainUI.prefab
  artifactKey: Guid(ff9c20dae655c5a4987977ab11fa1169) Importer(815301076,1909f56bfc062723c751e8b465ee728b)
Start importing Assets/MainUI.prefab using Guid(ff9c20dae655c5a4987977ab11fa1169) Importer(815301076,1909f56bfc062723c751e8b465ee728b)  -> (artifact id: '31ff8d00f7641069c1daa3b0764a9cf1') in 0.064431 seconds
  Import took 0.106665 seconds .

========================================================================
Received Import Request.
  Time since last request: 4.790903 seconds.
  path: Assets/MainUI.prefab
  artifactKey: Guid(ff9c20dae655c5a4987977ab11fa1169) Importer(815301076,1909f56bfc062723c751e8b465ee728b)
Start importing Assets/MainUI.prefab using Guid(ff9c20dae655c5a4987977ab11fa1169) Importer(815301076,1909f56bfc062723c751e8b465ee728b)  -> (artifact id: '4ddcb1bb6b6b11a85d4e6c3c919dce90') in 0.065215 seconds
  Import took 0.081233 seconds .

========================================================================
Received Import Request.
  Time since last request: 4.126922 seconds.
  path: Assets/MainUI.prefab
  artifactKey: Guid(ff9c20dae655c5a4987977ab11fa1169) Importer(815301076,1909f56bfc062723c751e8b465ee728b)
Start importing Assets/MainUI.prefab using Guid(ff9c20dae655c5a4987977ab11fa1169) Importer(815301076,1909f56bfc062723c751e8b465ee728b)  -> (artifact id: '26841fac19135af457b1b4c09759c41b') in 0.058297 seconds
  Import took 0.065526 seconds .

========================================================================
Received Import Request.
  Time since last request: 11.279368 seconds.
  path: Assets/MainUI.prefab
  artifactKey: Guid(ff9c20dae655c5a4987977ab11fa1169) Importer(815301076,1909f56bfc062723c751e8b465ee728b)
Start importing Assets/MainUI.prefab using Guid(ff9c20dae655c5a4987977ab11fa1169) Importer(815301076,1909f56bfc062723c751e8b465ee728b)  -> (artifact id: '4091d65f6ffc2f4ffee3b6a581c73aad') in 0.061135 seconds
  Import took 0.091976 seconds .

========================================================================
Received Import Request.
  Time since last request: 3.543614 seconds.
  path: Assets/MainUI.prefab
  artifactKey: Guid(ff9c20dae655c5a4987977ab11fa1169) Importer(815301076,1909f56bfc062723c751e8b465ee728b)
Start importing Assets/MainUI.prefab using Guid(ff9c20dae655c5a4987977ab11fa1169) Importer(815301076,1909f56bfc062723c751e8b465ee728b)  -> (artifact id: '7d5a51e874a750aeb34dc10f9f72bf12') in 0.061741 seconds
  Import took 0.073612 seconds .

========================================================================
Received Import Request.
  Time since last request: 7.572144 seconds.
  path: Assets/MainUI.prefab
  artifactKey: Guid(ff9c20dae655c5a4987977ab11fa1169) Importer(815301076,1909f56bfc062723c751e8b465ee728b)
Start importing Assets/MainUI.prefab using Guid(ff9c20dae655c5a4987977ab11fa1169) Importer(815301076,1909f56bfc062723c751e8b465ee728b)  -> (artifact id: 'fee97f7a8f69036fdb6464df4b4f4070') in 0.054477 seconds
  Import took 0.073624 seconds .

========================================================================
Received Import Request.
  Time since last request: 22.116892 seconds.
  path: Assets/MainUI.prefab
  artifactKey: Guid(ff9c20dae655c5a4987977ab11fa1169) Importer(815301076,1909f56bfc062723c751e8b465ee728b)
Start importing Assets/MainUI.prefab using Guid(ff9c20dae655c5a4987977ab11fa1169) Importer(815301076,1909f56bfc062723c751e8b465ee728b)  -> (artifact id: '53b8254acedf2d069a4ce89d4cdb5b1e') in 0.057070 seconds
  Import took 0.082809 seconds .

========================================================================
Received Import Request.
  Time since last request: 103.696584 seconds.
  path: Assets/MainUI.prefab
  artifactKey: Guid(ff9c20dae655c5a4987977ab11fa1169) Importer(815301076,1909f56bfc062723c751e8b465ee728b)
Start importing Assets/MainUI.prefab using Guid(ff9c20dae655c5a4987977ab11fa1169) Importer(815301076,1909f56bfc062723c751e8b465ee728b)  -> (artifact id: 'b251d0927dd1cda3783a0ed772a19022') in 0.060825 seconds
  Import took 0.082631 seconds .

========================================================================
Received Import Request.
  Time since last request: 120.945684 seconds.
  path: Assets/Scenes/DragMatch/DragMatch.unity
  artifactKey: Guid(d93508ed40895fc45a769119d04f456d) Importer(815301076,1909f56bfc062723c751e8b465ee728b)
Start importing Assets/Scenes/DragMatch/DragMatch.unity using Guid(d93508ed40895fc45a769119d04f456d) Importer(815301076,1909f56bfc062723c751e8b465ee728b)  -> (artifact id: '67d60d8a472db6faaf6f46d0c99ce734') in 0.002588 seconds
  Import took 0.008389 seconds .

========================================================================
Received Import Request.
  Time since last request: 52.452684 seconds.
  path: Assets/MainUI.prefab
  artifactKey: Guid(ff9c20dae655c5a4987977ab11fa1169) Importer(815301076,1909f56bfc062723c751e8b465ee728b)
Start importing Assets/MainUI.prefab using Guid(ff9c20dae655c5a4987977ab11fa1169) Importer(815301076,1909f56bfc062723c751e8b465ee728b)  -> (artifact id: '001948618dfa706076a6e186a0a34483') in 0.059543 seconds
  Import took 0.070443 seconds .

========================================================================
Received Import Request.
  Time since last request: 8.783947 seconds.
  path: Assets/MainUI.prefab
  artifactKey: Guid(ff9c20dae655c5a4987977ab11fa1169) Importer(815301076,1909f56bfc062723c751e8b465ee728b)
Start importing Assets/MainUI.prefab using Guid(ff9c20dae655c5a4987977ab11fa1169) Importer(815301076,1909f56bfc062723c751e8b465ee728b)  -> (artifact id: 'b0f813152d0d670f33f1b049ec20bec3') in 0.056722 seconds
  Import took 0.063362 seconds .

========================================================================
Received Import Request.
  Time since last request: 5.634673 seconds.
  path: Assets/MainUI.prefab
  artifactKey: Guid(ff9c20dae655c5a4987977ab11fa1169) Importer(815301076,1909f56bfc062723c751e8b465ee728b)
Start importing Assets/MainUI.prefab using Guid(ff9c20dae655c5a4987977ab11fa1169) Importer(815301076,1909f56bfc062723c751e8b465ee728b)  -> (artifact id: '96eda1934c0f9959b0ebfab7957f9a74') in 0.055447 seconds
  Import took 0.077946 seconds .

========================================================================
Received Import Request.
  Time since last request: 1.123122 seconds.
  path: Assets/MainUI.prefab
  artifactKey: Guid(ff9c20dae655c5a4987977ab11fa1169) Importer(815301076,1909f56bfc062723c751e8b465ee728b)
Start importing Assets/MainUI.prefab using Guid(ff9c20dae655c5a4987977ab11fa1169) Importer(815301076,1909f56bfc062723c751e8b465ee728b)  -> (artifact id: 'b2a66acf8a54df1a028394267b59509c') in 0.055709 seconds
  Import took 0.112569 seconds .

========================================================================
Received Import Request.
  Time since last request: 6.946812 seconds.
  path: Assets/MainUI.prefab
  artifactKey: Guid(ff9c20dae655c5a4987977ab11fa1169) Importer(815301076,1909f56bfc062723c751e8b465ee728b)
Start importing Assets/MainUI.prefab using Guid(ff9c20dae655c5a4987977ab11fa1169) Importer(815301076,1909f56bfc062723c751e8b465ee728b)  -> (artifact id: '6283d5fe411ec051bf0a717ee998f966') in 0.055137 seconds
  Import took 0.061905 seconds .

========================================================================
Received Import Request.
  Time since last request: 89.734709 seconds.
  path: Assets/MainUI.prefab
  artifactKey: Guid(ff9c20dae655c5a4987977ab11fa1169) Importer(815301076,1909f56bfc062723c751e8b465ee728b)
Start importing Assets/MainUI.prefab using Guid(ff9c20dae655c5a4987977ab11fa1169) Importer(815301076,1909f56bfc062723c751e8b465ee728b)  -> (artifact id: '09562df24074045d58aa48441fc34543') in 0.054037 seconds
  Import took 0.080396 seconds .

========================================================================
Received Import Request.
  Time since last request: 0.004216 seconds.
  path: Assets/MainUI.prefab
  artifactKey: Guid(ff9c20dae655c5a4987977ab11fa1169) Importer(815301076,1909f56bfc062723c751e8b465ee728b)
Start importing Assets/MainUI.prefab using Guid(ff9c20dae655c5a4987977ab11fa1169) Importer(815301076,1909f56bfc062723c751e8b465ee728b)  -> (artifact id: '09562df24074045d58aa48441fc34543') in 0.055359 seconds
  Import took 0.061771 seconds .

========================================================================
Received Import Request.
  Time since last request: 4.727365 seconds.
  path: Assets/MainUI.prefab
  artifactKey: Guid(ff9c20dae655c5a4987977ab11fa1169) Importer(815301076,1909f56bfc062723c751e8b465ee728b)
Start importing Assets/MainUI.prefab using Guid(ff9c20dae655c5a4987977ab11fa1169) Importer(815301076,1909f56bfc062723c751e8b465ee728b)  -> (artifact id: '300a704f08833a54f5b28ba72d6ffab3') in 0.057080 seconds
  Import took 0.066463 seconds .

========================================================================
Received Prepare
Registering precompiled user dll's ...
Registered in 0.001469 seconds.
Begin MonoManager ReloadAssembly
Native extension for WindowsStandalone target not found
Native extension for WebGL target not found
Refreshing native plugins compatible for Editor in 0.78 ms, found 1 plugins.
Preloading 0 native plugins for Editor in 0.00 ms.
Mono: successfully reloaded assembly
- Completed reload, in  0.828 seconds
Platform modules already initialized, skipping
Shader 'Universal Render Pipeline/Particles/Lit': fallback shader 'Universal Render Pipeline/Particles/SimpleLit' not found
Refreshing native plugins compatible for Editor in 0.83 ms, found 1 plugins.
Preloading 0 native plugins for Editor in 0.00 ms.
Unloading 3153 Unused Serialized files (Serialized files now loaded: 0)
System memory in use before: 155.4 MB.
System memory in use after: 155.6 MB.

Unloading 10 unused Assets to reduce memory usage. Loaded Objects now: 3824.
Total: 2.934900 ms (FindLiveObjects: 0.572800 ms CreateObjectMapping: 0.112500 ms MarkObjects: 2.226200 ms  DeleteObjects: 0.021900 ms)

========================================================================
Received Import Request.
  Time since last request: 39.018088 seconds.
  path: Assets/MainUI.prefab
  artifactKey: Guid(ff9c20dae655c5a4987977ab11fa1169) Importer(815301076,1909f56bfc062723c751e8b465ee728b)
Start importing Assets/MainUI.prefab using Guid(ff9c20dae655c5a4987977ab11fa1169) Importer(815301076,1909f56bfc062723c751e8b465ee728b)  -> (artifact id: '261fb96d1d184ef6cd3ee9e3ee625352') in 0.261498 seconds
  Import took 0.287974 seconds .

========================================================================
Received Import Request.
  Time since last request: 1.250410 seconds.
  path: Assets/MainUI.prefab
  artifactKey: Guid(ff9c20dae655c5a4987977ab11fa1169) Importer(815301076,1909f56bfc062723c751e8b465ee728b)
Start importing Assets/MainUI.prefab using Guid(ff9c20dae655c5a4987977ab11fa1169) Importer(815301076,1909f56bfc062723c751e8b465ee728b)  -> (artifact id: '127b820575465ddd37c3d168cbdd71a5') in 0.062292 seconds
  Import took 0.096137 seconds .

========================================================================
Received Import Request.
  Time since last request: 2.540227 seconds.
  path: Assets/MainUI.prefab
  artifactKey: Guid(ff9c20dae655c5a4987977ab11fa1169) Importer(815301076,1909f56bfc062723c751e8b465ee728b)
Start importing Assets/MainUI.prefab using Guid(ff9c20dae655c5a4987977ab11fa1169) Importer(815301076,1909f56bfc062723c751e8b465ee728b)  -> (artifact id: '78cab15cd15f956d830807d3d9ae3d0c') in 0.064582 seconds
  Import took 0.072017 seconds .

========================================================================
Received Import Request.
  Time since last request: 2.376213 seconds.
  path: Assets/MainUI.prefab
  artifactKey: Guid(ff9c20dae655c5a4987977ab11fa1169) Importer(815301076,1909f56bfc062723c751e8b465ee728b)
Start importing Assets/MainUI.prefab using Guid(ff9c20dae655c5a4987977ab11fa1169) Importer(815301076,1909f56bfc062723c751e8b465ee728b)  -> (artifact id: 'a57d4155ded024f24c2f505993b0a9e4') in 0.065964 seconds
  Import took 0.101823 seconds .

========================================================================
Received Import Request.
  Time since last request: 4.577090 seconds.
  path: Assets/MainUI.prefab
  artifactKey: Guid(ff9c20dae655c5a4987977ab11fa1169) Importer(815301076,1909f56bfc062723c751e8b465ee728b)
Start importing Assets/MainUI.prefab using Guid(ff9c20dae655c5a4987977ab11fa1169) Importer(815301076,1909f56bfc062723c751e8b465ee728b)  -> (artifact id: 'af96c66233d090da31cdef89c7547b79') in 0.060171 seconds
  Import took 0.077587 seconds .

========================================================================
Received Import Request.
  Time since last request: 4.617790 seconds.
  path: Assets/MainUI.prefab
  artifactKey: Guid(ff9c20dae655c5a4987977ab11fa1169) Importer(815301076,1909f56bfc062723c751e8b465ee728b)
Start importing Assets/MainUI.prefab using Guid(ff9c20dae655c5a4987977ab11fa1169) Importer(815301076,1909f56bfc062723c751e8b465ee728b)  -> (artifact id: 'e5dbfc5454ebdd57bea7af6590fd9d99') in 0.060671 seconds
  Import took 0.068641 seconds .

========================================================================
Received Import Request.
  Time since last request: 2.092312 seconds.
  path: Assets/MainUI.prefab
  artifactKey: Guid(ff9c20dae655c5a4987977ab11fa1169) Importer(815301076,1909f56bfc062723c751e8b465ee728b)
Start importing Assets/MainUI.prefab using Guid(ff9c20dae655c5a4987977ab11fa1169) Importer(815301076,1909f56bfc062723c751e8b465ee728b)  -> (artifact id: '2a8aa5a799beeaed53f04eb9e8100021') in 0.060040 seconds
  Import took 0.076892 seconds .

========================================================================
Received Import Request.
  Time since last request: 2.705307 seconds.
  path: Assets/MainUI.prefab
  artifactKey: Guid(ff9c20dae655c5a4987977ab11fa1169) Importer(815301076,1909f56bfc062723c751e8b465ee728b)
Start importing Assets/MainUI.prefab using Guid(ff9c20dae655c5a4987977ab11fa1169) Importer(815301076,1909f56bfc062723c751e8b465ee728b)  -> (artifact id: 'c15acceac37c763a3f135918b4e4ea73') in 0.059875 seconds
  Import took 0.096980 seconds .

========================================================================
Received Import Request.
  Time since last request: 13.655077 seconds.
  path: Assets/MainUI.prefab
  artifactKey: Guid(ff9c20dae655c5a4987977ab11fa1169) Importer(815301076,1909f56bfc062723c751e8b465ee728b)
Start importing Assets/MainUI.prefab using Guid(ff9c20dae655c5a4987977ab11fa1169) Importer(815301076,1909f56bfc062723c751e8b465ee728b)  -> (artifact id: 'fe159d5719fa7a5c35583ebb9517bf7e') in 0.056146 seconds
  Import took 0.075557 seconds .

========================================================================
Received Import Request.
  Time since last request: 3.505712 seconds.
  path: Assets/MainUI.prefab
  artifactKey: Guid(ff9c20dae655c5a4987977ab11fa1169) Importer(815301076,1909f56bfc062723c751e8b465ee728b)
Start importing Assets/MainUI.prefab using Guid(ff9c20dae655c5a4987977ab11fa1169) Importer(815301076,1909f56bfc062723c751e8b465ee728b)  -> (artifact id: '773e42b9631b8d1546c02596a34c4e43') in 0.061147 seconds
  Import took 0.089440 seconds .

========================================================================
Received Import Request.
  Time since last request: 2.126214 seconds.
  path: Assets/MainUI.prefab
  artifactKey: Guid(ff9c20dae655c5a4987977ab11fa1169) Importer(815301076,1909f56bfc062723c751e8b465ee728b)
Start importing Assets/MainUI.prefab using Guid(ff9c20dae655c5a4987977ab11fa1169) Importer(815301076,1909f56bfc062723c751e8b465ee728b)  -> (artifact id: '7309e38e365ad85967ec4f0a849d099b') in 0.059558 seconds
  Import took 0.088067 seconds .

========================================================================
Received Import Request.
  Time since last request: 2.993430 seconds.
  path: Assets/MainUI.prefab
  artifactKey: Guid(ff9c20dae655c5a4987977ab11fa1169) Importer(815301076,1909f56bfc062723c751e8b465ee728b)
Start importing Assets/MainUI.prefab using Guid(ff9c20dae655c5a4987977ab11fa1169) Importer(815301076,1909f56bfc062723c751e8b465ee728b)  -> (artifact id: '9280fed3ec5f4b937b4960486cd132b7') in 0.058155 seconds
  Import took 0.065147 seconds .

========================================================================
Received Import Request.
  Time since last request: 1.758408 seconds.
  path: Assets/MainUI.prefab
  artifactKey: Guid(ff9c20dae655c5a4987977ab11fa1169) Importer(815301076,1909f56bfc062723c751e8b465ee728b)
Start importing Assets/MainUI.prefab using Guid(ff9c20dae655c5a4987977ab11fa1169) Importer(815301076,1909f56bfc062723c751e8b465ee728b)  -> (artifact id: '678c8a1b4f4704bbaaeeeb1c1dca306f') in 0.061020 seconds
  Import took 0.079409 seconds .

========================================================================
Received Prepare
Registering precompiled user dll's ...
Registered in 0.001291 seconds.
Begin MonoManager ReloadAssembly
Native extension for WindowsStandalone target not found
Native extension for WebGL target not found
Refreshing native plugins compatible for Editor in 0.78 ms, found 1 plugins.
Preloading 0 native plugins for Editor in 0.00 ms.
Mono: successfully reloaded assembly
- Completed reload, in  0.854 seconds
Platform modules already initialized, skipping
Shader 'Universal Render Pipeline/Particles/Lit': fallback shader 'Universal Render Pipeline/Particles/SimpleLit' not found
Refreshing native plugins compatible for Editor in 0.86 ms, found 1 plugins.
Preloading 0 native plugins for Editor in 0.00 ms.
Unloading 3153 Unused Serialized files (Serialized files now loaded: 0)
System memory in use before: 155.8 MB.
System memory in use after: 156.0 MB.

Unloading 10 unused Assets to reduce memory usage. Loaded Objects now: 3863.
Total: 2.484700 ms (FindLiveObjects: 0.422200 ms CreateObjectMapping: 0.087700 ms MarkObjects: 1.949500 ms  DeleteObjects: 0.023600 ms)

========================================================================
Received Import Request.
  Time since last request: 1322.806867 seconds.
  path: Assets/MainUI.prefab
  artifactKey: Guid(ff9c20dae655c5a4987977ab11fa1169) Importer(815301076,1909f56bfc062723c751e8b465ee728b)
Start importing Assets/MainUI.prefab using Guid(ff9c20dae655c5a4987977ab11fa1169) Importer(815301076,1909f56bfc062723c751e8b465ee728b)  -> (artifact id: '01fcd1634984c44a98c01dcfa3eaabc0') in 0.457568 seconds
  Import took 0.487752 seconds .

========================================================================
Received Import Request.
  Time since last request: 76.614239 seconds.
  path: Assets/ART/BG/MVC-002F.JPG
  artifactKey: Guid(2912c863e109a9e4aabcda5ee9e5ce86) Importer(815301076,1909f56bfc062723c751e8b465ee728b)
Start importing Assets/ART/BG/MVC-002F.JPG using Guid(2912c863e109a9e4aabcda5ee9e5ce86) Importer(815301076,1909f56bfc062723c751e8b465ee728b)  -> (artifact id: 'e67c856ff81e65e5cc38dbf2cd6bb6fc') in 0.125219 seconds
  Import took 0.130660 seconds .

========================================================================
Received Import Request.
  Time since last request: 0.000207 seconds.
  path: Assets/ART/BG/MVC-003F.JPG
  artifactKey: Guid(6cb8490d0b1dce940bd430e83e4617af) Importer(815301076,1909f56bfc062723c751e8b465ee728b)
Start importing Assets/ART/BG/MVC-003F.JPG using Guid(6cb8490d0b1dce940bd430e83e4617af) Importer(815301076,1909f56bfc062723c751e8b465ee728b)  -> (artifact id: '921d1976f42f4aad5504fe444d719f4f') in 0.048867 seconds
  Import took 0.067909 seconds .

========================================================================
Received Import Request.
  Time since last request: 0.000204 seconds.
  path: Assets/ART/BG/Mvc-3f.jpg
  artifactKey: Guid(0ddaa195f4acfd4429c8e987b2b9d1da) Importer(815301076,1909f56bfc062723c751e8b465ee728b)
Start importing Assets/ART/BG/Mvc-3f.jpg using Guid(0ddaa195f4acfd4429c8e987b2b9d1da) Importer(815301076,1909f56bfc062723c751e8b465ee728b)  -> (artifact id: '4cc44e731f28475a887793656b980719') in 0.048300 seconds
  Import took 0.078536 seconds .

========================================================================
Received Import Request.
  Time since last request: 237.282665 seconds.
  path: Assets/MainUI.prefab
  artifactKey: Guid(ff9c20dae655c5a4987977ab11fa1169) Importer(815301076,1909f56bfc062723c751e8b465ee728b)
Start importing Assets/MainUI.prefab using Guid(ff9c20dae655c5a4987977ab11fa1169) Importer(815301076,1909f56bfc062723c751e8b465ee728b)  -> (artifact id: 'e7d0912738981017e07156046d6e41f0') in 0.060205 seconds
  Import took 0.103136 seconds .

========================================================================
Received Prepare
Registering precompiled user dll's ...
Registered in 0.001361 seconds.
Begin MonoManager ReloadAssembly
Native extension for WindowsStandalone target not found
Native extension for WebGL target not found
Refreshing native plugins compatible for Editor in 0.80 ms, found 1 plugins.
Preloading 0 native plugins for Editor in 0.00 ms.
Mono: successfully reloaded assembly
- Completed reload, in  0.815 seconds
Platform modules already initialized, skipping
Shader 'Universal Render Pipeline/Particles/Lit': fallback shader 'Universal Render Pipeline/Particles/SimpleLit' not found
Refreshing native plugins compatible for Editor in 0.75 ms, found 1 plugins.
Preloading 0 native plugins for Editor in 0.00 ms.
Unloading 3153 Unused Serialized files (Serialized files now loaded: 0)
System memory in use before: 155.9 MB.
System memory in use after: 156.1 MB.

Unloading 10 unused Assets to reduce memory usage. Loaded Objects now: 3905.
Total: 2.787200 ms (FindLiveObjects: 0.416100 ms CreateObjectMapping: 0.095900 ms MarkObjects: 2.247500 ms  DeleteObjects: 0.026700 ms)

========================================================================
Received Prepare
Registering precompiled user dll's ...
Registered in 0.002003 seconds.
Begin MonoManager ReloadAssembly
Native extension for WindowsStandalone target not found
Native extension for WebGL target not found
Refreshing native plugins compatible for Editor in 0.97 ms, found 1 plugins.
Preloading 0 native plugins for Editor in 0.00 ms.
Mono: successfully reloaded assembly
- Completed reload, in  1.042 seconds
Platform modules already initialized, skipping
Shader 'Universal Render Pipeline/Particles/Lit': fallback shader 'Universal Render Pipeline/Particles/SimpleLit' not found
Refreshing native plugins compatible for Editor in 0.78 ms, found 1 plugins.
Preloading 0 native plugins for Editor in 0.00 ms.
Unloading 3153 Unused Serialized files (Serialized files now loaded: 0)
System memory in use before: 155.9 MB.
System memory in use after: 156.1 MB.

Unloading 9 unused Assets to reduce memory usage. Loaded Objects now: 3908.
Total: 2.403200 ms (FindLiveObjects: 0.395300 ms CreateObjectMapping: 0.085400 ms MarkObjects: 1.905800 ms  DeleteObjects: 0.015600 ms)

========================================================================
Received Import Request.
  Time since last request: 425.262940 seconds.
  path: Assets/MainUI.prefab
  artifactKey: Guid(ff9c20dae655c5a4987977ab11fa1169) Importer(815301076,1909f56bfc062723c751e8b465ee728b)
Start importing Assets/MainUI.prefab using Guid(ff9c20dae655c5a4987977ab11fa1169) Importer(815301076,1909f56bfc062723c751e8b465ee728b)  -> (artifact id: '1f2c0e7e637c6ab45bcaee432e71ff2b') in 0.252978 seconds
  Import took 0.297793 seconds .

========================================================================
Received Import Request.
  Time since last request: 571.600320 seconds.
  path: Assets/Scenes/DragMatch/DragMatch.unity
  artifactKey: Guid(d93508ed40895fc45a769119d04f456d) Importer(815301076,1909f56bfc062723c751e8b465ee728b)
Start importing Assets/Scenes/DragMatch/DragMatch.unity using Guid(d93508ed40895fc45a769119d04f456d) Importer(815301076,1909f56bfc062723c751e8b465ee728b)  -> (artifact id: '879ebe6b0909fed9d0fdff5e1755cd7b') in 0.002207 seconds
  Import took 0.032791 seconds .

========================================================================
Received Prepare
Registering precompiled user dll's ...
Registered in 0.001246 seconds.
Begin MonoManager ReloadAssembly
Native extension for WindowsStandalone target not found
Native extension for WebGL target not found
Refreshing native plugins compatible for Editor in 0.75 ms, found 1 plugins.
Preloading 0 native plugins for Editor in 0.00 ms.
Mono: successfully reloaded assembly
- Completed reload, in  0.832 seconds
Platform modules already initialized, skipping
Shader 'Universal Render Pipeline/Particles/Lit': fallback shader 'Universal Render Pipeline/Particles/SimpleLit' not found
Refreshing native plugins compatible for Editor in 0.75 ms, found 1 plugins.
Preloading 0 native plugins for Editor in 0.00 ms.
Unloading 3153 Unused Serialized files (Serialized files now loaded: 0)
System memory in use before: 156.1 MB.
System memory in use after: 156.3 MB.

Unloading 10 unused Assets to reduce memory usage. Loaded Objects now: 3947.
Total: 2.771300 ms (FindLiveObjects: 0.553100 ms CreateObjectMapping: 0.120700 ms MarkObjects: 2.075000 ms  DeleteObjects: 0.021600 ms)

========================================================================
Received Import Request.
  Time since last request: 3.744438 seconds.
  path: Assets/Scenes/DragMatch/DragMatch.unity
  artifactKey: Guid(d93508ed40895fc45a769119d04f456d) Importer(815301076,1909f56bfc062723c751e8b465ee728b)
Start importing Assets/Scenes/DragMatch/DragMatch.unity using Guid(d93508ed40895fc45a769119d04f456d) Importer(815301076,1909f56bfc062723c751e8b465ee728b)  -> (artifact id: '177a45f031ee19ed4508eb74c877854d') in 0.012103 seconds
  Import took 0.078805 seconds .

========================================================================
Received Import Request.
  Time since last request: 3.290694 seconds.
  path: Assets/Scenes/FlashDrill/FlashDrill.unity
  artifactKey: Guid(4ab4905bc3830c64f9dcf0cba5d187fa) Importer(815301076,1909f56bfc062723c751e8b465ee728b)
Start importing Assets/Scenes/FlashDrill/FlashDrill.unity using Guid(4ab4905bc3830c64f9dcf0cba5d187fa) Importer(815301076,1909f56bfc062723c751e8b465ee728b)  -> (artifact id: 'bee2eb1e5408c60f2a29ac04ba6aadaa') in 0.002309 seconds
  Import took 0.034026 seconds .

========================================================================
Received Import Request.
  Time since last request: 38.109817 seconds.
  path: Assets/MainUI.prefab
  artifactKey: Guid(ff9c20dae655c5a4987977ab11fa1169) Importer(815301076,1909f56bfc062723c751e8b465ee728b)
Start importing Assets/MainUI.prefab using Guid(ff9c20dae655c5a4987977ab11fa1169) Importer(815301076,1909f56bfc062723c751e8b465ee728b)  -> (artifact id: 'c873b63a3b245a7a0712697c30e93af2') in 0.214609 seconds
  Import took 0.243406 seconds .

========================================================================
Received Import Request.
  Time since last request: 1.949365 seconds.
  path: Assets/MainUI.prefab
  artifactKey: Guid(ff9c20dae655c5a4987977ab11fa1169) Importer(815301076,1909f56bfc062723c751e8b465ee728b)
Start importing Assets/MainUI.prefab using Guid(ff9c20dae655c5a4987977ab11fa1169) Importer(815301076,1909f56bfc062723c751e8b465ee728b)  -> (artifact id: '8e586dbaaca04c642c40a28cad99517a') in 0.075181 seconds
  Import took 0.096137 seconds .

========================================================================
Received Prepare
Registering precompiled user dll's ...
Registered in 0.001399 seconds.
Begin MonoManager ReloadAssembly
Native extension for WindowsStandalone target not found
Native extension for WebGL target not found
Refreshing native plugins compatible for Editor in 0.76 ms, found 1 plugins.
Preloading 0 native plugins for Editor in 0.00 ms.
Mono: successfully reloaded assembly
- Completed reload, in  0.829 seconds
Platform modules already initialized, skipping
Shader 'Universal Render Pipeline/Particles/Lit': fallback shader 'Universal Render Pipeline/Particles/SimpleLit' not found
Refreshing native plugins compatible for Editor in 0.77 ms, found 1 plugins.
Preloading 0 native plugins for Editor in 0.00 ms.
Unloading 3153 Unused Serialized files (Serialized files now loaded: 0)
System memory in use before: 156.2 MB.
System memory in use after: 156.4 MB.

Unloading 10 unused Assets to reduce memory usage. Loaded Objects now: 3986.
Total: 2.762700 ms (FindLiveObjects: 0.365900 ms CreateObjectMapping: 0.090400 ms MarkObjects: 2.275600 ms  DeleteObjects: 0.030000 ms)

========================================================================
Received Prepare
Registering precompiled user dll's ...
Registered in 0.001229 seconds.
Begin MonoManager ReloadAssembly
Native extension for WindowsStandalone target not found
Native extension for WebGL target not found
Refreshing native plugins compatible for Editor in 0.78 ms, found 1 plugins.
Preloading 0 native plugins for Editor in 0.00 ms.
Mono: successfully reloaded assembly
- Completed reload, in  0.816 seconds
Platform modules already initialized, skipping
Shader 'Universal Render Pipeline/Particles/Lit': fallback shader 'Universal Render Pipeline/Particles/SimpleLit' not found
Refreshing native plugins compatible for Editor in 0.81 ms, found 1 plugins.
Preloading 0 native plugins for Editor in 0.00 ms.
Unloading 3153 Unused Serialized files (Serialized files now loaded: 0)
System memory in use before: 156.2 MB.
System memory in use after: 156.4 MB.

Unloading 9 unused Assets to reduce memory usage. Loaded Objects now: 3989.
Total: 3.140400 ms (FindLiveObjects: 0.622200 ms CreateObjectMapping: 0.125200 ms MarkObjects: 2.374100 ms  DeleteObjects: 0.017700 ms)

========================================================================
Received Prepare
Registering precompiled user dll's ...
Registered in 0.001126 seconds.
Begin MonoManager ReloadAssembly
Native extension for WindowsStandalone target not found
Native extension for WebGL target not found
Refreshing native plugins compatible for Editor in 0.76 ms, found 1 plugins.
Preloading 0 native plugins for Editor in 0.00 ms.
Mono: successfully reloaded assembly
- Completed reload, in  0.823 seconds
Platform modules already initialized, skipping
Shader 'Universal Render Pipeline/Particles/Lit': fallback shader 'Universal Render Pipeline/Particles/SimpleLit' not found
Refreshing native plugins compatible for Editor in 0.75 ms, found 1 plugins.
Preloading 0 native plugins for Editor in 0.00 ms.
Unloading 3153 Unused Serialized files (Serialized files now loaded: 0)
System memory in use before: 156.2 MB.
System memory in use after: 156.4 MB.

Unloading 9 unused Assets to reduce memory usage. Loaded Objects now: 3992.
Total: 2.999200 ms (FindLiveObjects: 0.506600 ms CreateObjectMapping: 0.260200 ms MarkObjects: 2.211400 ms  DeleteObjects: 0.019200 ms)

========================================================================
Received Prepare
Registering precompiled user dll's ...
Registered in 0.001304 seconds.
Begin MonoManager ReloadAssembly
Native extension for WindowsStandalone target not found
Native extension for WebGL target not found
Refreshing native plugins compatible for Editor in 0.76 ms, found 1 plugins.
Preloading 0 native plugins for Editor in 0.00 ms.
Mono: successfully reloaded assembly
- Completed reload, in  0.849 seconds
Platform modules already initialized, skipping
Shader 'Universal Render Pipeline/Particles/Lit': fallback shader 'Universal Render Pipeline/Particles/SimpleLit' not found
Refreshing native plugins compatible for Editor in 0.86 ms, found 1 plugins.
Preloading 0 native plugins for Editor in 0.00 ms.
Unloading 3153 Unused Serialized files (Serialized files now loaded: 0)
System memory in use before: 156.2 MB.
System memory in use after: 156.4 MB.

Unloading 9 unused Assets to reduce memory usage. Loaded Objects now: 3995.
Total: 2.971100 ms (FindLiveObjects: 0.461100 ms CreateObjectMapping: 0.095900 ms MarkObjects: 2.397700 ms  DeleteObjects: 0.015200 ms)

========================================================================
Received Prepare
Registering precompiled user dll's ...
Registered in 0.002071 seconds.
Begin MonoManager ReloadAssembly
Native extension for WindowsStandalone target not found
Native extension for WebGL target not found
Refreshing native plugins compatible for Editor in 0.77 ms, found 1 plugins.
Preloading 0 native plugins for Editor in 0.00 ms.
Mono: successfully reloaded assembly
- Completed reload, in  0.837 seconds
Platform modules already initialized, skipping
Shader 'Universal Render Pipeline/Particles/Lit': fallback shader 'Universal Render Pipeline/Particles/SimpleLit' not found
Refreshing native plugins compatible for Editor in 0.76 ms, found 1 plugins.
Preloading 0 native plugins for Editor in 0.00 ms.
Unloading 3153 Unused Serialized files (Serialized files now loaded: 0)
System memory in use before: 156.2 MB.
System memory in use after: 156.4 MB.

Unloading 9 unused Assets to reduce memory usage. Loaded Objects now: 3998.
Total: 2.960200 ms (FindLiveObjects: 0.426500 ms CreateObjectMapping: 0.100000 ms MarkObjects: 2.412100 ms  DeleteObjects: 0.020300 ms)

========================================================================
Received Prepare
Registering precompiled user dll's ...
Registered in 0.001131 seconds.
Begin MonoManager ReloadAssembly
Native extension for WindowsStandalone target not found
Native extension for WebGL target not found
Refreshing native plugins compatible for Editor in 0.79 ms, found 1 plugins.
Preloading 0 native plugins for Editor in 0.00 ms.
Mono: successfully reloaded assembly
- Completed reload, in  0.827 seconds
Platform modules already initialized, skipping
Shader 'Universal Render Pipeline/Particles/Lit': fallback shader 'Universal Render Pipeline/Particles/SimpleLit' not found
Refreshing native plugins compatible for Editor in 0.76 ms, found 1 plugins.
Preloading 0 native plugins for Editor in 0.00 ms.
Unloading 3153 Unused Serialized files (Serialized files now loaded: 0)
System memory in use before: 156.2 MB.
System memory in use after: 156.5 MB.

Unloading 9 unused Assets to reduce memory usage. Loaded Objects now: 4001.
Total: 2.724900 ms (FindLiveObjects: 0.426100 ms CreateObjectMapping: 0.087100 ms MarkObjects: 2.194400 ms  DeleteObjects: 0.016200 ms)

========================================================================
Received Prepare
Registering precompiled user dll's ...
Registered in 0.001170 seconds.
Begin MonoManager ReloadAssembly
Native extension for WindowsStandalone target not found
Native extension for WebGL target not found
Refreshing native plugins compatible for Editor in 0.75 ms, found 1 plugins.
Preloading 0 native plugins for Editor in 0.00 ms.
Mono: successfully reloaded assembly
- Completed reload, in  0.838 seconds
Platform modules already initialized, skipping
Shader 'Universal Render Pipeline/Particles/Lit': fallback shader 'Universal Render Pipeline/Particles/SimpleLit' not found
Refreshing native plugins compatible for Editor in 0.86 ms, found 1 plugins.
Preloading 0 native plugins for Editor in 0.00 ms.
Unloading 3153 Unused Serialized files (Serialized files now loaded: 0)
System memory in use before: 156.2 MB.
System memory in use after: 156.5 MB.

Unloading 9 unused Assets to reduce memory usage. Loaded Objects now: 4004.
Total: 2.308200 ms (FindLiveObjects: 0.371700 ms CreateObjectMapping: 0.088900 ms MarkObjects: 1.832400 ms  DeleteObjects: 0.014000 ms)

AssetImportWorkerClient::OnTransportError - code=2 error=End of file
