Using pre-set license
Built from '2020.3/staging' branch; Version is '2020.3.4f1 (0abb6314276a) revision 703331'; Using compiler version '192528614'; Build Type 'Release'
OS: 'Windows 10 Home; OS build 19042.928; Version 2009; 64bit' Language: 'en' Physical Memory: 8140 MB
BatchMode: 1, IsHumanControllingUs: 0, StartBugReporterOnCrash: 0, Is64bit: 1, IsPro: 0

 COMMAND LINE ARGUMENTS:
C:\Program Files\Unity\Hub\Editor\2020.3.4f1\Editor\Unity.exe
-adb2
-batchMode
-noUpm
-name
AssetImportWorker0
-projectPath
D:/Games/New Project/LearnToLearn/LearnToLearn
-logFile
Logs/AssetImportWorker0.log
-srvPort
56006
Successfully changed project path to: D:/Games/New Project/LearnToLearn/LearnToLearn
D:/Games/New Project/LearnToLearn/LearnToLearn
Using Asset Import Pipeline V2.
Refreshing native plugins compatible for Editor in 82.33 ms, found 1 plugins.
Preloading 0 native plugins for Editor in 0.00 ms.
Initialize engine version: 2020.3.4f1 (0abb6314276a)
[Subsystems] Discovering subsystems at path C:/Program Files/Unity/Hub/Editor/2020.3.4f1/Editor/Data/Resources/UnitySubsystems
[Subsystems] Discovering subsystems at path D:/Games/New Project/LearnToLearn/LearnToLearn/Assets
GfxDevice: creating device client; threaded=0
Direct3D:
    Version:  Direct3D 11.0 [level 11.1]
    Renderer: NVIDIA GeForce GTX 1650 SUPER (ID=0x2187)
    Vendor:   
    VRAM:     3955 MB
    Driver:   27.21.14.6611
Shader 'Universal Render Pipeline/Particles/Lit': fallback shader 'Universal Render Pipeline/Particles/SimpleLit' not found
Initialize mono
Mono path[0] = 'C:/Program Files/Unity/Hub/Editor/2020.3.4f1/Editor/Data/Managed'
Mono path[1] = 'C:/Program Files/Unity/Hub/Editor/2020.3.4f1/Editor/Data/MonoBleedingEdge/lib/mono/unityjit'
Mono config path = 'C:/Program Files/Unity/Hub/Editor/2020.3.4f1/Editor/Data/MonoBleedingEdge/etc'
Using monoOptions --debugger-agent=transport=dt_socket,embedding=1,server=y,suspend=n,address=127.0.0.1:56092
Begin MonoManager ReloadAssembly
Registering precompiled unity dll's ...
Register platform support module: C:/Program Files/Unity/Hub/Editor/2020.3.4f1/Editor/Data/PlaybackEngines/WebGLSupport/UnityEditor.WebGL.Extensions.dll
Register platform support module: C:/Program Files/Unity/Hub/Editor/2020.3.4f1/Editor/Data/PlaybackEngines/WindowsStandaloneSupport/UnityEditor.WindowsStandalone.Extensions.dll
Registered in 0.001938 seconds.
Native extension for WindowsStandalone target not found
Native extension for WebGL target not found
Refreshing native plugins compatible for Editor in 66.78 ms, found 1 plugins.
Preloading 0 native plugins for Editor in 0.00 ms.
Mono: successfully reloaded assembly
- Completed reload, in  7.029 seconds
Platform modules already initialized, skipping
Registering precompiled user dll's ...
Registered in 0.001029 seconds.
Begin MonoManager ReloadAssembly
Native extension for WindowsStandalone target not found
Native extension for WebGL target not found
Refreshing native plugins compatible for Editor in 66.88 ms, found 1 plugins.
Preloading 0 native plugins for Editor in 0.00 ms.
Mono: successfully reloaded assembly
- Completed reload, in  0.911 seconds
Platform modules already initialized, skipping
========================================================================
Worker process is ready to serve import requests
Shader 'Universal Render Pipeline/Particles/Lit': fallback shader 'Universal Render Pipeline/Particles/SimpleLit' not found
Launched and connected shader compiler UnityShaderCompiler.exe after 0.03 seconds
Refreshing native plugins compatible for Editor in 0.77 ms, found 1 plugins.
Preloading 0 native plugins for Editor in 0.00 ms.
Unloading 3276 Unused Serialized files (Serialized files now loaded: 0)
System memory in use before: 156.8 MB.
System memory in use after: 157.0 MB.

Unloading 20 unused Assets to reduce memory usage. Loaded Objects now: 3741.
Total: 2.824600 ms (FindLiveObjects: 0.479900 ms CreateObjectMapping: 0.102700 ms MarkObjects: 2.148800 ms  DeleteObjects: 0.092100 ms)

========================================================================
Received Import Request.
  path: Assets/fsfs
  artifactKey: Guid(e89a2a1a695b8ab4d898d5bf68f1cfcf) Importer(815301076,1909f56bfc062723c751e8b465ee728b)
Start importing Assets/fsfs using Guid(e89a2a1a695b8ab4d898d5bf68f1cfcf) Importer(815301076,1909f56bfc062723c751e8b465ee728b)  -> (artifact id: '4d1451b8a4677bd76d84a9958395cfee') in 0.687395 seconds
  Import took 1.029473 seconds .

========================================================================
Received Import Request.
  Time since last request: 24.910338 seconds.
  path: Assets/fsfs/lantern.blend
  artifactKey: Guid(94fc1d8566472fa48bc4337357e88bf1) Importer(815301076,1909f56bfc062723c751e8b465ee728b)
Start importing Assets/fsfs/lantern.blend using Guid(94fc1d8566472fa48bc4337357e88bf1) Importer(815301076,1909f56bfc062723c751e8b465ee728b)  -> (artifact id: '78b2b770dccb8c32d89bd1bec02c0efc') in 0.962296 seconds
  Import took 1.002938 seconds .

========================================================================
Received Import Request.
  Time since last request: 0.000201 seconds.
  path: Assets/fsfs/lantern_color.png
  artifactKey: Guid(aee225958cf98e94eaf5341eac0efb0f) Importer(815301076,1909f56bfc062723c751e8b465ee728b)
Start importing Assets/fsfs/lantern_color.png using Guid(aee225958cf98e94eaf5341eac0efb0f) Importer(815301076,1909f56bfc062723c751e8b465ee728b)  -> (artifact id: 'b98cfa8ab72b381de6ee1ea4a9040f2c') in 0.104879 seconds
  Import took 0.145413 seconds .

========================================================================
Received Import Request.
  Time since last request: 0.000178 seconds.
  path: Assets/fsfs/lantern.fbx
  artifactKey: Guid(4c578fad6767ee54287e2c39ed27e57c) Importer(815301076,1909f56bfc062723c751e8b465ee728b)
Start importing Assets/fsfs/lantern.fbx using Guid(4c578fad6767ee54287e2c39ed27e57c) Importer(815301076,1909f56bfc062723c751e8b465ee728b)  -> (artifact id: '80645604216045411812c9f1efff6e5f') in 0.098542 seconds
  Import took 0.103946 seconds .

========================================================================
Received Import Request.
  Time since last request: 0.000159 seconds.
  path: Assets/fsfs/lantern_roughness.png
  artifactKey: Guid(1ce82e026b34d124b9c1b630eb67bc6d) Importer(815301076,1909f56bfc062723c751e8b465ee728b)
Start importing Assets/fsfs/lantern_roughness.png using Guid(1ce82e026b34d124b9c1b630eb67bc6d) Importer(815301076,1909f56bfc062723c751e8b465ee728b)  -> (artifact id: '3b131684377f6d1af437537c15e8943f') in 0.016999 seconds
  Import took 0.106286 seconds .

========================================================================
Received Import Request.
  Time since last request: 0.000219 seconds.
  path: Assets/fsfs/lantern_metallic.png
  artifactKey: Guid(5b2b46aa1d500bb43990783f4eab2a8d) Importer(815301076,1909f56bfc062723c751e8b465ee728b)
Start importing Assets/fsfs/lantern_metallic.png using Guid(5b2b46aa1d500bb43990783f4eab2a8d) Importer(815301076,1909f56bfc062723c751e8b465ee728b)  -> (artifact id: '73839ac485307f544f29d13fa9da1f55') in 0.025967 seconds
  Import took 0.106018 seconds .

========================================================================
Received Import Request.
  Time since last request: 0.000188 seconds.
  path: Assets/fsfs/lantern_transmission.png
  artifactKey: Guid(f3c73753350a976439767651cabd4506) Importer(815301076,1909f56bfc062723c751e8b465ee728b)
Start importing Assets/fsfs/lantern_transmission.png using Guid(f3c73753350a976439767651cabd4506) Importer(815301076,1909f56bfc062723c751e8b465ee728b)  -> (artifact id: 'e5d819f9089543cdeee13152dde32017') in 0.011192 seconds
  Import took 0.066793 seconds .

========================================================================
Received Import Request.
  Time since last request: 5.738054 seconds.
  path: Assets/fsfs/New Scene.unity
  artifactKey: Guid(1bd59327247111545b4570868a7a9e8f) Importer(815301076,1909f56bfc062723c751e8b465ee728b)
Start importing Assets/fsfs/New Scene.unity using Guid(1bd59327247111545b4570868a7a9e8f) Importer(815301076,1909f56bfc062723c751e8b465ee728b)  -> (artifact id: '2e09e8761ba50914bb6cd7af96b84b9e') in 0.006514 seconds
  Import took 0.043600 seconds .

========================================================================
Received Import Request.
  Time since last request: 45.771634 seconds.
  path: Assets/fsfs/lantern.fbx
  artifactKey: Guid(4c578fad6767ee54287e2c39ed27e57c) Importer(815301076,1909f56bfc062723c751e8b465ee728b)
Start importing Assets/fsfs/lantern.fbx using Guid(4c578fad6767ee54287e2c39ed27e57c) Importer(815301076,1909f56bfc062723c751e8b465ee728b)  -> (artifact id: '33597108c53ea3d04b78bed6aee835ba') in 0.029095 seconds
  Import took 0.146325 seconds .

========================================================================
Received Import Request.
  Time since last request: 0.000192 seconds.
  path: Assets/fsfs/lantern.mat
  artifactKey: Guid(91f1c2858d862e148b40c7c509a4e44a) Importer(815301076,1909f56bfc062723c751e8b465ee728b)
Start importing Assets/fsfs/lantern.mat using Guid(91f1c2858d862e148b40c7c509a4e44a) Importer(815301076,1909f56bfc062723c751e8b465ee728b)  -> (artifact id: 'b2e884efbd5464fc241af1fbac83b395') in 0.011942 seconds
  Import took 0.076392 seconds .

========================================================================
Received Import Request.
  Time since last request: 0.000176 seconds.
  path: Assets/fsfs/outline.mat
  artifactKey: Guid(e3c19e7571aacb648a3487f34da5f334) Importer(815301076,1909f56bfc062723c751e8b465ee728b)
Start importing Assets/fsfs/outline.mat using Guid(e3c19e7571aacb648a3487f34da5f334) Importer(815301076,1909f56bfc062723c751e8b465ee728b)  -> (artifact id: '49124794571b2b20a01002f6e8621974') in 0.011688 seconds
  Import took 0.064309 seconds .

========================================================================
Received Import Request.
  Time since last request: 772.082182 seconds.
  path: Assets/TextMesh Pro/Examples & Extras/Textures/Gradient Vertical (Color).jpg
  artifactKey: Guid(03d0538de6e24c0f819bfc9ce084dfa9) Importer(815301076,1909f56bfc062723c751e8b465ee728b)
Start importing Assets/TextMesh Pro/Examples & Extras/Textures/Gradient Vertical (Color).jpg using Guid(03d0538de6e24c0f819bfc9ce084dfa9) Importer(815301076,1909f56bfc062723c751e8b465ee728b)  -> (artifact id: '9e02e96fe7fd7110b0b68207663fcd3b') in 0.127893 seconds
  Import took 0.209617 seconds .

========================================================================
Received Import Request.
  Time since last request: 0.053270 seconds.
  path: Assets/TextMesh Pro/Examples & Extras/Textures/Gradient Diagonal (Color).jpg
  artifactKey: Guid(2ce5c55e85304b819a1826ecbc839aa5) Importer(815301076,1909f56bfc062723c751e8b465ee728b)
Start importing Assets/TextMesh Pro/Examples & Extras/Textures/Gradient Diagonal (Color).jpg using Guid(2ce5c55e85304b819a1826ecbc839aa5) Importer(815301076,1909f56bfc062723c751e8b465ee728b)  -> (artifact id: '03a82bc9269e70b67db12432f8402ff5') in 0.085117 seconds
  Import took 0.130519 seconds .

========================================================================
Received Import Request.
  Time since last request: 0.000215 seconds.
  path: Assets/TextMesh Pro/Examples & Extras/Textures/Gradient Horizontal (Color).jpg
  artifactKey: Guid(6eb184de103d4b3f812b38561065192f) Importer(815301076,1909f56bfc062723c751e8b465ee728b)
Start importing Assets/TextMesh Pro/Examples & Extras/Textures/Gradient Horizontal (Color).jpg using Guid(6eb184de103d4b3f812b38561065192f) Importer(815301076,1909f56bfc062723c751e8b465ee728b)  -> (artifact id: '25e3f7be706e726f27e50781a927516b') in 0.051234 seconds
  Import took 0.242374 seconds .

========================================================================
Received Import Request.
  Time since last request: 0.003280 seconds.
  path: Assets/TextMesh Pro/Examples & Extras/Textures/Gradient Horizontal (Color).jpg
  artifactKey: Guid(6eb184de103d4b3f812b38561065192f) Importer(815301076,1909f56bfc062723c751e8b465ee728b)
Start importing Assets/TextMesh Pro/Examples & Extras/Textures/Gradient Horizontal (Color).jpg using Guid(6eb184de103d4b3f812b38561065192f) Importer(815301076,1909f56bfc062723c751e8b465ee728b)  -> (artifact id: '25e3f7be706e726f27e50781a927516b') in 0.013330 seconds
  Import took 0.019487 seconds .

========================================================================
Received Import Request.
  Time since last request: 0.624666 seconds.
  path: Assets/TextMesh Pro/Examples & Extras/Textures/Fruit Jelly (B&W).jpg
  artifactKey: Guid(1cdc5b506b1a4a33a53c30669ced1f51) Importer(815301076,1909f56bfc062723c751e8b465ee728b)
Start importing Assets/TextMesh Pro/Examples & Extras/Textures/Fruit Jelly (B&W).jpg using Guid(1cdc5b506b1a4a33a53c30669ced1f51) Importer(815301076,1909f56bfc062723c751e8b465ee728b)  -> (artifact id: 'a348826e37a47b515285f548719b3d8c') in 0.125368 seconds
  Import took 0.130887 seconds .

========================================================================
Received Import Request.
  Time since last request: 140.074746 seconds.
  path: Assets/TextMesh Pro/Examples & Extras/Sprites/Default Sprites.png
  artifactKey: Guid(a0fc465d6cf04254a2938578735e2383) Importer(815301076,1909f56bfc062723c751e8b465ee728b)
Start importing Assets/TextMesh Pro/Examples & Extras/Sprites/Default Sprites.png using Guid(a0fc465d6cf04254a2938578735e2383) Importer(815301076,1909f56bfc062723c751e8b465ee728b)  -> (artifact id: 'a988197b6b73b77ac29a26044ff26bed') in 0.192844 seconds
  Import took 0.240574 seconds .

========================================================================
Received Import Request.
  Time since last request: 0.000194 seconds.
  path: Assets/ART/BG/AUT_1205.JPG
  artifactKey: Guid(f07d9804f1fd6574aae298369c97ee00) Importer(815301076,1909f56bfc062723c751e8b465ee728b)
Start importing Assets/ART/BG/AUT_1205.JPG using Guid(f07d9804f1fd6574aae298369c97ee00) Importer(815301076,1909f56bfc062723c751e8b465ee728b)  -> (artifact id: '2b09037a0cc69ce256353ccd283288c6') in 0.105664 seconds
  Import took 0.181079 seconds .

========================================================================
Received Import Request.
  Time since last request: 0.000181 seconds.
  path: Assets/ART/BG/AUT_1251.JPG
  artifactKey: Guid(cc7384eb818d1c4488c65c7a2e154a8a) Importer(815301076,1909f56bfc062723c751e8b465ee728b)
Start importing Assets/ART/BG/AUT_1251.JPG using Guid(cc7384eb818d1c4488c65c7a2e154a8a) Importer(815301076,1909f56bfc062723c751e8b465ee728b)  -> (artifact id: 'd10f2c8e96bafaac5a6a7bf3bcd042bd') in 0.037876 seconds
  Import took 0.110005 seconds .

========================================================================
Received Import Request.
  Time since last request: 0.000193 seconds.
  path: Assets/ART/BG/1038.jpg
  artifactKey: Guid(d20045117190a364aa10d117256e0675) Importer(815301076,1909f56bfc062723c751e8b465ee728b)
Start importing Assets/ART/BG/1038.jpg using Guid(d20045117190a364aa10d117256e0675) Importer(815301076,1909f56bfc062723c751e8b465ee728b)  -> (artifact id: '10b1303030c243de86d6146642dcf670') in 0.110946 seconds
  Import took 0.176122 seconds .

========================================================================
Received Import Request.
  Time since last request: 0.000164 seconds.
  path: Assets/ART/BG/1004.jpg
  artifactKey: Guid(31b179962e06a7640b903586b04bfee2) Importer(815301076,1909f56bfc062723c751e8b465ee728b)
Start importing Assets/ART/BG/1004.jpg using Guid(31b179962e06a7640b903586b04bfee2) Importer(815301076,1909f56bfc062723c751e8b465ee728b)  -> (artifact id: 'ba127363f00c1cd5edd9cfc0e22def40') in 0.112267 seconds
  Import took 0.144604 seconds .

========================================================================
Received Import Request.
  Time since last request: 0.000179 seconds.
  path: Assets/Dark UI/Textures/Placeholders/85-853065_nature-wallpaper-4k-download.jpg
  artifactKey: Guid(5cd8e449e9db95e4997d10dba4c6e9ed) Importer(815301076,1909f56bfc062723c751e8b465ee728b)
Start importing Assets/Dark UI/Textures/Placeholders/85-853065_nature-wallpaper-4k-download.jpg using Guid(5cd8e449e9db95e4997d10dba4c6e9ed) Importer(815301076,1909f56bfc062723c751e8b465ee728b)  -> (artifact id: '7ceb73e54a060e781bdf110ec723217d') in 0.275251 seconds
  Import took 0.347958 seconds .

========================================================================
Received Import Request.
  Time since last request: 0.000197 seconds.
  path: Assets/ART/BG/AUT_1880.JPG
  artifactKey: Guid(d9512c697c648dd439c167f95e136940) Importer(815301076,1909f56bfc062723c751e8b465ee728b)
Start importing Assets/ART/BG/AUT_1880.JPG using Guid(d9512c697c648dd439c167f95e136940) Importer(815301076,1909f56bfc062723c751e8b465ee728b)  -> (artifact id: 'a72e682161012ad1d22213d774f7f5ec') in 0.049010 seconds
  Import took 0.078605 seconds .

========================================================================
Received Import Request.
  Time since last request: 0.000171 seconds.
  path: Assets/ART/BG/1010.jpg
  artifactKey: Guid(5ddfd91e070a47f42b8c948c79306ff0) Importer(815301076,1909f56bfc062723c751e8b465ee728b)
Start importing Assets/ART/BG/1010.jpg using Guid(5ddfd91e070a47f42b8c948c79306ff0) Importer(815301076,1909f56bfc062723c751e8b465ee728b)  -> (artifact id: '1ee5f72ac1be97234109ca726f2a27e4') in 0.043859 seconds
  Import took 0.071474 seconds .

========================================================================
Received Import Request.
  Time since last request: 0.000188 seconds.
  path: Assets/ART/BG/1033.jpg
  artifactKey: Guid(f74b9a4f347235d43a4c079de7a06c54) Importer(815301076,1909f56bfc062723c751e8b465ee728b)
Start importing Assets/ART/BG/1033.jpg using Guid(f74b9a4f347235d43a4c079de7a06c54) Importer(815301076,1909f56bfc062723c751e8b465ee728b)  -> (artifact id: '02015543d048589bd1d6ad6d545c77f9') in 0.051154 seconds
  Import took 0.078538 seconds .

========================================================================
Received Import Request.
  Time since last request: 0.000159 seconds.
  path: Assets/ART/BG/1032.jpg
  artifactKey: Guid(91e2d29d45a389a44a66e298fcadbfeb) Importer(815301076,1909f56bfc062723c751e8b465ee728b)
Start importing Assets/ART/BG/1032.jpg using Guid(91e2d29d45a389a44a66e298fcadbfeb) Importer(815301076,1909f56bfc062723c751e8b465ee728b)  -> (artifact id: '4d702d8e7eae2d7b887b543fba8e8a96') in 0.037998 seconds
  Import took 0.087687 seconds .

========================================================================
Received Import Request.
  Time since last request: 0.000180 seconds.
  path: Assets/ART/BG/1009.jpg
  artifactKey: Guid(9db7ce077b90a93469c9ba6c78e50595) Importer(815301076,1909f56bfc062723c751e8b465ee728b)
Start importing Assets/ART/BG/1009.jpg using Guid(9db7ce077b90a93469c9ba6c78e50595) Importer(815301076,1909f56bfc062723c751e8b465ee728b)  -> (artifact id: 'ae21c804dd7c2f92708e06f40cef1278') in 0.057083 seconds
  Import took 0.086760 seconds .

========================================================================
Received Import Request.
  Time since last request: 0.000192 seconds.
  path: Assets/ART/BG/AUT_1871.JPG
  artifactKey: Guid(4c2ba3a96832a224aa4e6ff0bd866933) Importer(815301076,1909f56bfc062723c751e8b465ee728b)
Start importing Assets/ART/BG/AUT_1871.JPG using Guid(4c2ba3a96832a224aa4e6ff0bd866933) Importer(815301076,1909f56bfc062723c751e8b465ee728b)  -> (artifact id: '726d2aced7f85710b15540dd849e1865') in 0.055610 seconds
  Import took 0.078965 seconds .

========================================================================
Received Import Request.
  Time since last request: 0.000177 seconds.
  path: Assets/ART/BG/AUT_1442.JPG
  artifactKey: Guid(fd7be0c5e1185fc48b158e0ed2d75a78) Importer(815301076,1909f56bfc062723c751e8b465ee728b)
Start importing Assets/ART/BG/AUT_1442.JPG using Guid(fd7be0c5e1185fc48b158e0ed2d75a78) Importer(815301076,1909f56bfc062723c751e8b465ee728b)  -> (artifact id: '871071ee00f1bde6d185dd1b2555251f') in 0.052951 seconds
  Import took 0.084962 seconds .

========================================================================
Received Import Request.
  Time since last request: 0.000196 seconds.
  path: Assets/ART/BG/1007.jpg
  artifactKey: Guid(02fdb948f4f5e3f4c9d4d3afed1ff5de) Importer(815301076,1909f56bfc062723c751e8b465ee728b)
Start importing Assets/ART/BG/1007.jpg using Guid(02fdb948f4f5e3f4c9d4d3afed1ff5de) Importer(815301076,1909f56bfc062723c751e8b465ee728b)  -> (artifact id: 'd7abd386b1f634e83a317cc36e02fa27') in 0.065038 seconds
  Import took 0.092607 seconds .

========================================================================
Received Import Request.
  Time since last request: 0.000210 seconds.
  path: Assets/ART/BG/AUT_2045.JPG
  artifactKey: Guid(ce742c05ba90c514aaae3f1c0ffef33c) Importer(815301076,1909f56bfc062723c751e8b465ee728b)
Start importing Assets/ART/BG/AUT_2045.JPG using Guid(ce742c05ba90c514aaae3f1c0ffef33c) Importer(815301076,1909f56bfc062723c751e8b465ee728b)  -> (artifact id: '00c29a6a825c9be4cbcf98aed83c8e8a') in 0.035918 seconds
  Import took 0.058950 seconds .

========================================================================
Received Import Request.
  Time since last request: 0.000201 seconds.
  path: Assets/ART/BG/AUT_1142.JPG
  artifactKey: Guid(a4c0db60362e2614ea7bb5238604d81a) Importer(815301076,1909f56bfc062723c751e8b465ee728b)
Start importing Assets/ART/BG/AUT_1142.JPG using Guid(a4c0db60362e2614ea7bb5238604d81a) Importer(815301076,1909f56bfc062723c751e8b465ee728b)  -> (artifact id: 'cb025e58adc317efc1ebd674b39a8d71') in 0.040524 seconds
  Import took 0.045234 seconds .

========================================================================
Received Import Request.
  Time since last request: 0.000221 seconds.
  path: Assets/ART/BG/1036.jpg
  artifactKey: Guid(609ef678dfae8dc48a47b127bfe385a9) Importer(815301076,1909f56bfc062723c751e8b465ee728b)
Start importing Assets/ART/BG/1036.jpg using Guid(609ef678dfae8dc48a47b127bfe385a9) Importer(815301076,1909f56bfc062723c751e8b465ee728b)  -> (artifact id: 'ecdf99244ebfc2e1d5431be4f5506797') in 0.043660 seconds
  Import took 0.056554 seconds .

========================================================================
Received Import Request.
  Time since last request: 0.000200 seconds.
  path: Assets/ART/BG/AUT_1448.JPG
  artifactKey: Guid(638769d8b3bcdf94e9c60c448468e881) Importer(815301076,1909f56bfc062723c751e8b465ee728b)
Start importing Assets/ART/BG/AUT_1448.JPG using Guid(638769d8b3bcdf94e9c60c448468e881) Importer(815301076,1909f56bfc062723c751e8b465ee728b)  -> (artifact id: 'bfa410916c05f687d3c3df9b75a77a30') in 0.025658 seconds
  Import took 0.059816 seconds .

========================================================================
Received Import Request.
  Time since last request: 0.000206 seconds.
  path: Assets/ART/BG/AUT_1460.JPG
  artifactKey: Guid(4af9bdf651bd4b545942c5c4b758cda4) Importer(815301076,1909f56bfc062723c751e8b465ee728b)
Start importing Assets/ART/BG/AUT_1460.JPG using Guid(4af9bdf651bd4b545942c5c4b758cda4) Importer(815301076,1909f56bfc062723c751e8b465ee728b)  -> (artifact id: '5a85fa9229cbcf1e0abe78d350e0bb84') in 0.035288 seconds
  Import took 0.063507 seconds .

========================================================================
Received Import Request.
  Time since last request: 0.000205 seconds.
  path: Assets/ART/BG/AUT_2029.JPG
  artifactKey: Guid(84ae10821d8c2cf4ea1df992d1f823c9) Importer(815301076,1909f56bfc062723c751e8b465ee728b)
Start importing Assets/ART/BG/AUT_2029.JPG using Guid(84ae10821d8c2cf4ea1df992d1f823c9) Importer(815301076,1909f56bfc062723c751e8b465ee728b)  -> (artifact id: 'e96ed44d3c63815a5432004cb6c96029') in 0.034074 seconds
  Import took 0.058157 seconds .

========================================================================
Received Import Request.
  Time since last request: 0.000190 seconds.
  path: Assets/ART/BG/AUT_2032.JPG
  artifactKey: Guid(77993d6ba84b0e342a39e30d3f4c2984) Importer(815301076,1909f56bfc062723c751e8b465ee728b)
Start importing Assets/ART/BG/AUT_2032.JPG using Guid(77993d6ba84b0e342a39e30d3f4c2984) Importer(815301076,1909f56bfc062723c751e8b465ee728b)  -> (artifact id: '1b9725651fae2037b66e4489dea02aa6') in 0.035290 seconds
  Import took 0.060461 seconds .

========================================================================
Received Import Request.
  Time since last request: 0.000198 seconds.
  path: Assets/ART/BG/AUT_1481.JPG
  artifactKey: Guid(8c952ae438c0e734793e5494519f77cf) Importer(815301076,1909f56bfc062723c751e8b465ee728b)
Start importing Assets/ART/BG/AUT_1481.JPG using Guid(8c952ae438c0e734793e5494519f77cf) Importer(815301076,1909f56bfc062723c751e8b465ee728b)  -> (artifact id: '308329f0a0984c032cf79e2117f2b675') in 0.014337 seconds
  Import took 0.019729 seconds .

========================================================================
Received Import Request.
  Time since last request: 0.000207 seconds.
  path: Assets/ART/BG/AUT_1180.JPG
  artifactKey: Guid(bdc6886f055ab69498de34d14960ef3e) Importer(815301076,1909f56bfc062723c751e8b465ee728b)
Start importing Assets/ART/BG/AUT_1180.JPG using Guid(bdc6886f055ab69498de34d14960ef3e) Importer(815301076,1909f56bfc062723c751e8b465ee728b)  -> (artifact id: 'edfb8c00f81601c59a42ed6e90b467db') in 0.060757 seconds
  Import took 0.085988 seconds .

========================================================================
Received Import Request.
  Time since last request: 0.000189 seconds.
  path: Assets/ART/BG/AUT_1141.JPG
  artifactKey: Guid(05e8329d050d9a349a965a4fd9bc1d09) Importer(815301076,1909f56bfc062723c751e8b465ee728b)
Start importing Assets/ART/BG/AUT_1141.JPG using Guid(05e8329d050d9a349a965a4fd9bc1d09) Importer(815301076,1909f56bfc062723c751e8b465ee728b)  -> (artifact id: 'e590f47201ae2025456cbd64c8cd4b2d') in 0.012926 seconds
  Import took 0.020506 seconds .

========================================================================
Received Import Request.
  Time since last request: 0.000184 seconds.
  path: Assets/ART/BG/AUT_1479.JPG
  artifactKey: Guid(608e4558ce37e1144a3084f76b535b8a) Importer(815301076,1909f56bfc062723c751e8b465ee728b)
Start importing Assets/ART/BG/AUT_1479.JPG using Guid(608e4558ce37e1144a3084f76b535b8a) Importer(815301076,1909f56bfc062723c751e8b465ee728b)  -> (artifact id: '6eb686f4d9b70e7f5882cff95facaf43') in 0.042959 seconds
  Import took 0.048775 seconds .

========================================================================
Received Import Request.
  Time since last request: 0.000206 seconds.
  path: Assets/ART/BG/AUT_1179.JPG
  artifactKey: Guid(58e22886e87fdac458fee05c38642da7) Importer(815301076,1909f56bfc062723c751e8b465ee728b)
Start importing Assets/ART/BG/AUT_1179.JPG using Guid(58e22886e87fdac458fee05c38642da7) Importer(815301076,1909f56bfc062723c751e8b465ee728b)  -> (artifact id: 'a555189a5cd88dbc2cabe81a71f4b2d5') in 0.029169 seconds
  Import took 0.034924 seconds .

========================================================================
Received Import Request.
  Time since last request: 0.000198 seconds.
  path: Assets/ART/BG/1011.jpg
  artifactKey: Guid(270996797ac18444bae8c2fa796a1424) Importer(815301076,1909f56bfc062723c751e8b465ee728b)
Start importing Assets/ART/BG/1011.jpg using Guid(270996797ac18444bae8c2fa796a1424) Importer(815301076,1909f56bfc062723c751e8b465ee728b)  -> (artifact id: 'eaee662f796d75015320c135a9683cd9') in 0.027294 seconds
  Import took 0.055843 seconds .

========================================================================
Received Import Request.
  Time since last request: 0.000164 seconds.
  path: Assets/ART/BG/AUT_1870.JPG
  artifactKey: Guid(680df8b270470764ea41384f6074ae62) Importer(815301076,1909f56bfc062723c751e8b465ee728b)
Start importing Assets/ART/BG/AUT_1870.JPG using Guid(680df8b270470764ea41384f6074ae62) Importer(815301076,1909f56bfc062723c751e8b465ee728b)  -> (artifact id: 'b8fac5990dcbbc36a7aa29670036f27d') in 0.013631 seconds
  Import took 0.029024 seconds .

========================================================================
Received Import Request.
  Time since last request: 0.000184 seconds.
  path: Assets/ART/BG/1012.jpg
  artifactKey: Guid(4d35461dc118ef8499bcbd74bf18edf7) Importer(815301076,1909f56bfc062723c751e8b465ee728b)
Start importing Assets/ART/BG/1012.jpg using Guid(4d35461dc118ef8499bcbd74bf18edf7) Importer(815301076,1909f56bfc062723c751e8b465ee728b)  -> (artifact id: '09d051c96e0924c19858cbb8f0715583') in 0.036906 seconds
  Import took 0.059529 seconds .

========================================================================
Received Import Request.
  Time since last request: 0.000171 seconds.
  path: Assets/ART/BG/1034.jpg
  artifactKey: Guid(c7a0efb2b3dd0f04da7c36a1466e3415) Importer(815301076,1909f56bfc062723c751e8b465ee728b)
Start importing Assets/ART/BG/1034.jpg using Guid(c7a0efb2b3dd0f04da7c36a1466e3415) Importer(815301076,1909f56bfc062723c751e8b465ee728b)  -> (artifact id: '39fdae955ca8b804147a1a7735a54c56') in 0.041305 seconds
  Import took 0.074752 seconds .

========================================================================
Received Import Request.
  Time since last request: 0.000197 seconds.
  path: Assets/ART/BG/AUT_2044.JPG
  artifactKey: Guid(ff230fa0aa86a924aab3a15ee6243158) Importer(815301076,1909f56bfc062723c751e8b465ee728b)
Start importing Assets/ART/BG/AUT_2044.JPG using Guid(ff230fa0aa86a924aab3a15ee6243158) Importer(815301076,1909f56bfc062723c751e8b465ee728b)  -> (artifact id: '7249bb8fbced9f708c6a0edd02625ce5') in 0.032079 seconds
  Import took 0.060305 seconds .

========================================================================
Received Import Request.
  Time since last request: 0.000247 seconds.
  path: Assets/ART/BG/AUT_1454.JPG
  artifactKey: Guid(4072ca2102984e446b83a016858738f4) Importer(815301076,1909f56bfc062723c751e8b465ee728b)
Start importing Assets/ART/BG/AUT_1454.JPG using Guid(4072ca2102984e446b83a016858738f4) Importer(815301076,1909f56bfc062723c751e8b465ee728b)  -> (artifact id: 'df3ca12d749d5d8dfb6a36de7cfa77a2') in 0.038656 seconds
  Import took 0.043697 seconds .

========================================================================
Received Import Request.
  Time since last request: 0.000178 seconds.
  path: Assets/ART/BG/1031.jpg
  artifactKey: Guid(668d55e928f88f34f828e12738aa86b6) Importer(815301076,1909f56bfc062723c751e8b465ee728b)
Start importing Assets/ART/BG/1031.jpg using Guid(668d55e928f88f34f828e12738aa86b6) Importer(815301076,1909f56bfc062723c751e8b465ee728b)  -> (artifact id: '51719b90607d7faee57eab6ed3434325') in 0.031767 seconds
  Import took 0.059046 seconds .

========================================================================
Received Import Request.
  Time since last request: 0.000185 seconds.
  path: Assets/ART/BG/AUT_1191.JPG
  artifactKey: Guid(1cdad3a3597efbc47bd1746faf872375) Importer(815301076,1909f56bfc062723c751e8b465ee728b)
Start importing Assets/ART/BG/AUT_1191.JPG using Guid(1cdad3a3597efbc47bd1746faf872375) Importer(815301076,1909f56bfc062723c751e8b465ee728b)  -> (artifact id: '97835db1434f160ed161f7f15012f27c') in 0.105084 seconds
  Import took 0.273296 seconds .

========================================================================
Received Import Request.
  Time since last request: 0.000189 seconds.
  path: Assets/ART/BG/AUT_2047.JPG
  artifactKey: Guid(9b50586f548dae74483587045c395769) Importer(815301076,1909f56bfc062723c751e8b465ee728b)
Start importing Assets/ART/BG/AUT_2047.JPG using Guid(9b50586f548dae74483587045c395769) Importer(815301076,1909f56bfc062723c751e8b465ee728b)  -> (artifact id: 'cfd98b3b5f98b0ba112ec0f2cfa4e953') in 0.278176 seconds
  Import took 0.297847 seconds .

========================================================================
Received Import Request.
  Time since last request: 0.000193 seconds.
  path: Assets/ART/BG/AUT_1480.JPG
  artifactKey: Guid(49cc05029cd3d614e94cc13621fd97f5) Importer(815301076,1909f56bfc062723c751e8b465ee728b)
Start importing Assets/ART/BG/AUT_1480.JPG using Guid(49cc05029cd3d614e94cc13621fd97f5) Importer(815301076,1909f56bfc062723c751e8b465ee728b)  -> (artifact id: 'b55747d151c76214046bf7a6f5901d51') in 0.035652 seconds
  Import took 0.071788 seconds .

========================================================================
Received Import Request.
  Time since last request: 0.000171 seconds.
  path: Assets/ART/BG/AUT_1487.JPG
  artifactKey: Guid(5e91f646e1aba5f448e6f75807eb2a87) Importer(815301076,1909f56bfc062723c751e8b465ee728b)
Start importing Assets/ART/BG/AUT_1487.JPG using Guid(5e91f646e1aba5f448e6f75807eb2a87) Importer(815301076,1909f56bfc062723c751e8b465ee728b)  -> (artifact id: '56d0020a1853b954af74c5f0f46d9689') in 0.041412 seconds
  Import took 0.046449 seconds .

========================================================================
Received Import Request.
  Time since last request: 0.000172 seconds.
  path: Assets/ART/BG/1005.jpg
  artifactKey: Guid(cac0363a4548d364d83ce003f01810ce) Importer(815301076,1909f56bfc062723c751e8b465ee728b)
Start importing Assets/ART/BG/1005.jpg using Guid(cac0363a4548d364d83ce003f01810ce) Importer(815301076,1909f56bfc062723c751e8b465ee728b)  -> (artifact id: '014c82fa6fd16e9c4436a4d4a4e1ea2a') in 0.032559 seconds
  Import took 0.061896 seconds .

========================================================================
Received Import Request.
  Time since last request: 0.000196 seconds.
  path: Assets/TextMesh Pro/Examples & Extras/Sprites/DropCap Numbers.psd
  artifactKey: Guid(fd09957580ac4326916010f1f260975b) Importer(815301076,1909f56bfc062723c751e8b465ee728b)
Start importing Assets/TextMesh Pro/Examples & Extras/Sprites/DropCap Numbers.psd using Guid(fd09957580ac4326916010f1f260975b) Importer(815301076,1909f56bfc062723c751e8b465ee728b)  -> (artifact id: '4f4684590d2efd491e7dc371ec5d31f7') in 0.153683 seconds
  Import took 0.158688 seconds .

========================================================================
Received Import Request.
  Time since last request: 0.000176 seconds.
  path: Assets/ART/BG/088.jpg
  artifactKey: Guid(f7986b92fb85ad146a5a510a82028c12) Importer(815301076,1909f56bfc062723c751e8b465ee728b)
Start importing Assets/ART/BG/088.jpg using Guid(f7986b92fb85ad146a5a510a82028c12) Importer(815301076,1909f56bfc062723c751e8b465ee728b)  -> (artifact id: 'cbf32f2b8020e7d4bc9d68a85b47668f') in 0.044318 seconds
  Import took 0.049596 seconds .

========================================================================
Received Import Request.
  Time since last request: 0.000159 seconds.
  path: Assets/ART/BG/AUT_1214.JPG
  artifactKey: Guid(097e0a4f6542e95429a7c673fcda1f06) Importer(815301076,1909f56bfc062723c751e8b465ee728b)
Start importing Assets/ART/BG/AUT_1214.JPG using Guid(097e0a4f6542e95429a7c673fcda1f06) Importer(815301076,1909f56bfc062723c751e8b465ee728b)  -> (artifact id: '75cd7369e660cc02a62b5420772350d8') in 0.020481 seconds
  Import took 0.046819 seconds .

========================================================================
Received Import Request.
  Time since last request: 0.000160 seconds.
  path: Assets/ART/BG/1008.jpg
  artifactKey: Guid(af196966e272d5c43bb8e102489f015a) Importer(815301076,1909f56bfc062723c751e8b465ee728b)
Start importing Assets/ART/BG/1008.jpg using Guid(af196966e272d5c43bb8e102489f015a) Importer(815301076,1909f56bfc062723c751e8b465ee728b)  -> (artifact id: 'd29fc3fe9bf37bf127b0f86b274117cc') in 0.049283 seconds
  Import took 0.077918 seconds .

========================================================================
Received Import Request.
  Time since last request: 0.000146 seconds.
  path: Assets/ART/BG/AUT_1447.JPG
  artifactKey: Guid(83257e6402346d44b97f05f873a99782) Importer(815301076,1909f56bfc062723c751e8b465ee728b)
Start importing Assets/ART/BG/AUT_1447.JPG using Guid(83257e6402346d44b97f05f873a99782) Importer(815301076,1909f56bfc062723c751e8b465ee728b)  -> (artifact id: 'fbb850f366a2c56ea0bd6f41bd5a3041') in 0.035874 seconds
  Import took 0.062613 seconds .

========================================================================
Received Import Request.
  Time since last request: 0.000168 seconds.
  path: Assets/ART/BG/AUT_1168.JPG
  artifactKey: Guid(602e2deea01bba54db5d772895858fa9) Importer(815301076,1909f56bfc062723c751e8b465ee728b)
Start importing Assets/ART/BG/AUT_1168.JPG using Guid(602e2deea01bba54db5d772895858fa9) Importer(815301076,1909f56bfc062723c751e8b465ee728b)  -> (artifact id: '60ab91fec58ce99d2a7ffdef2faab2e9') in 0.041084 seconds
  Import took 0.069679 seconds .

========================================================================
Received Import Request.
  Time since last request: 0.000181 seconds.
  path: Assets/ART/BG/1006.jpg
  artifactKey: Guid(f20471860d04b764eb6486bcd7311f02) Importer(815301076,1909f56bfc062723c751e8b465ee728b)
Start importing Assets/ART/BG/1006.jpg using Guid(f20471860d04b764eb6486bcd7311f02) Importer(815301076,1909f56bfc062723c751e8b465ee728b)  -> (artifact id: 'b912d5a71c4462ebc3ec2b1854d28828') in 0.049995 seconds
  Import took 0.054910 seconds .

========================================================================
Received Import Request.
  Time since last request: 0.000171 seconds.
  path: Assets/ART/BG/1030.jpg
  artifactKey: Guid(17f865971e57c5e499c2f4cb488b04f6) Importer(815301076,1909f56bfc062723c751e8b465ee728b)
Start importing Assets/ART/BG/1030.jpg using Guid(17f865971e57c5e499c2f4cb488b04f6) Importer(815301076,1909f56bfc062723c751e8b465ee728b)  -> (artifact id: '87fc38e3bd502a7b91172f2f7fdc8692') in 0.020769 seconds
  Import took 0.048453 seconds .

========================================================================
Received Import Request.
  Time since last request: 0.000273 seconds.
  path: Assets/ART/BG/1035.jpg
  artifactKey: Guid(0641111cd622f8f40aa4ca099c4ec2f7) Importer(815301076,1909f56bfc062723c751e8b465ee728b)
Start importing Assets/ART/BG/1035.jpg using Guid(0641111cd622f8f40aa4ca099c4ec2f7) Importer(815301076,1909f56bfc062723c751e8b465ee728b)  -> (artifact id: 'c37fc4bcd606229496edaed06e710318') in 0.050380 seconds
  Import took 0.084331 seconds .

========================================================================
Received Import Request.
  Time since last request: 0.000185 seconds.
  path: Assets/ART/BG/1037.jpg
  artifactKey: Guid(d0af11a1a2f66584f844bfe96a93bd58) Importer(815301076,1909f56bfc062723c751e8b465ee728b)
Start importing Assets/ART/BG/1037.jpg using Guid(d0af11a1a2f66584f844bfe96a93bd58) Importer(815301076,1909f56bfc062723c751e8b465ee728b)  -> (artifact id: '6fc0cff8500b77ec05739df22a8f5ef4') in 0.040368 seconds
  Import took 0.045343 seconds .

========================================================================
Received Import Request.
  Time since last request: 0.000184 seconds.
  path: Assets/ART/BG/AUT_1879.JPG
  artifactKey: Guid(d4ad18de7181f3542aca15863c139b80) Importer(815301076,1909f56bfc062723c751e8b465ee728b)
Start importing Assets/ART/BG/AUT_1879.JPG using Guid(d4ad18de7181f3542aca15863c139b80) Importer(815301076,1909f56bfc062723c751e8b465ee728b)  -> (artifact id: 'ff00c0b9b155c05e44914a8bef0bf842') in 0.051975 seconds
  Import took 0.083261 seconds .

========================================================================
Received Import Request.
  Time since last request: 52.065240 seconds.
  path: Assets/fsfs/lantern.mat
  artifactKey: Guid(91f1c2858d862e148b40c7c509a4e44a) Importer(815301076,1909f56bfc062723c751e8b465ee728b)
Start importing Assets/fsfs/lantern.mat using Guid(91f1c2858d862e148b40c7c509a4e44a) Importer(815301076,1909f56bfc062723c751e8b465ee728b)  -> (artifact id: '9709139bdb05ee59311ea442aa30bf39') in 0.028569 seconds
  Import took 0.108151 seconds .

========================================================================
Received Import Request.
  Time since last request: 0.125910 seconds.
  path: Assets/fsfs/outline.mat
  artifactKey: Guid(e3c19e7571aacb648a3487f34da5f334) Importer(815301076,1909f56bfc062723c751e8b465ee728b)
Start importing Assets/fsfs/outline.mat using Guid(e3c19e7571aacb648a3487f34da5f334) Importer(815301076,1909f56bfc062723c751e8b465ee728b)  -> (artifact id: 'd00bd663c63225c00fde9f4c66a6e7ef') in 0.009322 seconds
  Import took 0.015267 seconds .

========================================================================
Received Import Request.
  Time since last request: 0.005017 seconds.
  path: Assets/fsfs/outline.mat
  artifactKey: Guid(e3c19e7571aacb648a3487f34da5f334) Importer(815301076,1909f56bfc062723c751e8b465ee728b)
Start importing Assets/fsfs/outline.mat using Guid(e3c19e7571aacb648a3487f34da5f334) Importer(815301076,1909f56bfc062723c751e8b465ee728b)  -> (artifact id: 'd00bd663c63225c00fde9f4c66a6e7ef') in 0.006579 seconds
  Import took 0.011697 seconds .

========================================================================
Received Prepare
Registering precompiled user dll's ...
Registered in 0.001698 seconds.
Begin MonoManager ReloadAssembly
Native extension for WindowsStandalone target not found
Native extension for WebGL target not found
Refreshing native plugins compatible for Editor in 0.77 ms, found 1 plugins.
Preloading 0 native plugins for Editor in 0.00 ms.
Mono: successfully reloaded assembly
- Completed reload, in  0.877 seconds
Platform modules already initialized, skipping
Shader 'Universal Render Pipeline/Particles/Lit': fallback shader 'Universal Render Pipeline/Particles/SimpleLit' not found
Refreshing native plugins compatible for Editor in 0.81 ms, found 1 plugins.
Preloading 0 native plugins for Editor in 0.00 ms.
Unloading 3144 Unused Serialized files (Serialized files now loaded: 0)
System memory in use before: 153.3 MB.
System memory in use after: 153.5 MB.

Unloading 9 unused Assets to reduce memory usage. Loaded Objects now: 3834.
Total: 2.528800 ms (FindLiveObjects: 0.343100 ms CreateObjectMapping: 0.089600 ms MarkObjects: 2.080700 ms  DeleteObjects: 0.014500 ms)

========================================================================
Received Import Request.
  Time since last request: 1248.729383 seconds.
  path: Assets/Scenes/MemoryMatch/MemoryMatch.unity
  artifactKey: Guid(da725bb3b25473f40924518579b4c7b9) Importer(815301076,1909f56bfc062723c751e8b465ee728b)
Start importing Assets/Scenes/MemoryMatch/MemoryMatch.unity using Guid(da725bb3b25473f40924518579b4c7b9) Importer(815301076,1909f56bfc062723c751e8b465ee728b)  -> (artifact id: '98e4a98d5c0afa1051e1040883f92fcc') in 0.046855 seconds
  Import took 0.053121 seconds .

========================================================================
Received Import Request.
  Time since last request: 818.236550 seconds.
  path: Assets/Scenes/MemoryMatch/Standard PB.prefab
  artifactKey: Guid(c3ea5f39c1610894d974667551c498a9) Importer(815301076,1909f56bfc062723c751e8b465ee728b)
Start importing Assets/Scenes/MemoryMatch/Standard PB.prefab using Guid(c3ea5f39c1610894d974667551c498a9) Importer(815301076,1909f56bfc062723c751e8b465ee728b)  -> (artifact id: '7a5f7a83911175a563b1bd7b6f037685') in 0.023201 seconds
  Import took 0.056703 seconds .

========================================================================
Received Import Request.
  Time since last request: 0.003649 seconds.
  path: Assets/Scenes/MemoryMatch/Standard PB.prefab
  artifactKey: Guid(c3ea5f39c1610894d974667551c498a9) Importer(815301076,1909f56bfc062723c751e8b465ee728b)
Start importing Assets/Scenes/MemoryMatch/Standard PB.prefab using Guid(c3ea5f39c1610894d974667551c498a9) Importer(815301076,1909f56bfc062723c751e8b465ee728b)  -> (artifact id: '7a5f7a83911175a563b1bd7b6f037685') in 0.004131 seconds
  Import took 0.009544 seconds .

========================================================================
Received Import Request.
  Time since last request: 68.320238 seconds.
  path: Assets/Scenes/MemoryMatch/Standard PB.prefab
  artifactKey: Guid(c3ea5f39c1610894d974667551c498a9) Importer(815301076,1909f56bfc062723c751e8b465ee728b)
Start importing Assets/Scenes/MemoryMatch/Standard PB.prefab using Guid(c3ea5f39c1610894d974667551c498a9) Importer(815301076,1909f56bfc062723c751e8b465ee728b)  -> (artifact id: 'ed5d4a76071209e475d1b97cd6121215') in 0.031773 seconds
  Import took 0.037216 seconds .

========================================================================
Received Import Request.
  Time since last request: 225.658122 seconds.
  path: Assets/Scenes/MemoryMatch/Standard PB.prefab
  artifactKey: Guid(c3ea5f39c1610894d974667551c498a9) Importer(815301076,1909f56bfc062723c751e8b465ee728b)
Start importing Assets/Scenes/MemoryMatch/Standard PB.prefab using Guid(c3ea5f39c1610894d974667551c498a9) Importer(815301076,1909f56bfc062723c751e8b465ee728b)  -> (artifact id: '8fa7dd204c0de0f43011039100386d8d') in 0.008061 seconds
  Import took 0.019672 seconds .

========================================================================
Received Prepare
Registering precompiled user dll's ...
Registered in 0.001257 seconds.
Begin MonoManager ReloadAssembly
Native extension for WindowsStandalone target not found
Native extension for WebGL target not found
Refreshing native plugins compatible for Editor in 0.79 ms, found 1 plugins.
Preloading 0 native plugins for Editor in 0.00 ms.
Mono: successfully reloaded assembly
- Completed reload, in  0.816 seconds
Platform modules already initialized, skipping
Shader 'Universal Render Pipeline/Particles/Lit': fallback shader 'Universal Render Pipeline/Particles/SimpleLit' not found
Refreshing native plugins compatible for Editor in 0.76 ms, found 1 plugins.
Preloading 0 native plugins for Editor in 0.00 ms.
Unloading 3144 Unused Serialized files (Serialized files now loaded: 0)
System memory in use before: 153.4 MB.
System memory in use after: 153.6 MB.

Unloading 9 unused Assets to reduce memory usage. Loaded Objects now: 3837.
Total: 2.432800 ms (FindLiveObjects: 0.402400 ms CreateObjectMapping: 0.089600 ms MarkObjects: 1.924200 ms  DeleteObjects: 0.015300 ms)

========================================================================
Received Prepare
Registering precompiled user dll's ...
Registered in 0.001143 seconds.
Begin MonoManager ReloadAssembly
Native extension for WindowsStandalone target not found
Native extension for WebGL target not found
Refreshing native plugins compatible for Editor in 0.79 ms, found 1 plugins.
Preloading 0 native plugins for Editor in 0.00 ms.
Mono: successfully reloaded assembly
- Completed reload, in  0.811 seconds
Platform modules already initialized, skipping
Shader 'Universal Render Pipeline/Particles/Lit': fallback shader 'Universal Render Pipeline/Particles/SimpleLit' not found
Refreshing native plugins compatible for Editor in 0.76 ms, found 1 plugins.
Preloading 0 native plugins for Editor in 0.00 ms.
Unloading 3144 Unused Serialized files (Serialized files now loaded: 0)
System memory in use before: 153.4 MB.
System memory in use after: 153.6 MB.

Unloading 9 unused Assets to reduce memory usage. Loaded Objects now: 3840.
Total: 3.240100 ms (FindLiveObjects: 0.423600 ms CreateObjectMapping: 0.087100 ms MarkObjects: 2.711200 ms  DeleteObjects: 0.017300 ms)

========================================================================
Received Prepare
Registering precompiled user dll's ...
Registered in 0.001127 seconds.
Begin MonoManager ReloadAssembly
Native extension for WindowsStandalone target not found
Native extension for WebGL target not found
Refreshing native plugins compatible for Editor in 0.76 ms, found 1 plugins.
Preloading 0 native plugins for Editor in 0.00 ms.
Mono: successfully reloaded assembly
- Completed reload, in  0.824 seconds
Platform modules already initialized, skipping
Shader 'Universal Render Pipeline/Particles/Lit': fallback shader 'Universal Render Pipeline/Particles/SimpleLit' not found
Refreshing native plugins compatible for Editor in 0.84 ms, found 1 plugins.
Preloading 0 native plugins for Editor in 0.00 ms.
Unloading 3144 Unused Serialized files (Serialized files now loaded: 0)
System memory in use before: 153.4 MB.
System memory in use after: 153.6 MB.

Unloading 9 unused Assets to reduce memory usage. Loaded Objects now: 3843.
Total: 3.422300 ms (FindLiveObjects: 0.431200 ms CreateObjectMapping: 0.098800 ms MarkObjects: 2.872200 ms  DeleteObjects: 0.019200 ms)

========================================================================
Received Prepare
Registering precompiled user dll's ...
Registered in 0.001174 seconds.
Begin MonoManager ReloadAssembly
Native extension for WindowsStandalone target not found
Native extension for WebGL target not found
Refreshing native plugins compatible for Editor in 0.79 ms, found 1 plugins.
Preloading 0 native plugins for Editor in 0.00 ms.
Mono: successfully reloaded assembly
- Completed reload, in  0.818 seconds
Platform modules already initialized, skipping
Shader 'Universal Render Pipeline/Particles/Lit': fallback shader 'Universal Render Pipeline/Particles/SimpleLit' not found
Refreshing native plugins compatible for Editor in 0.77 ms, found 1 plugins.
Preloading 0 native plugins for Editor in 0.00 ms.
Unloading 3144 Unused Serialized files (Serialized files now loaded: 0)
System memory in use before: 153.4 MB.
System memory in use after: 153.7 MB.

Unloading 9 unused Assets to reduce memory usage. Loaded Objects now: 3846.
Total: 2.697500 ms (FindLiveObjects: 0.409400 ms CreateObjectMapping: 0.087100 ms MarkObjects: 2.181400 ms  DeleteObjects: 0.018000 ms)

========================================================================
Received Prepare
Registering precompiled user dll's ...
Registered in 0.001258 seconds.
Begin MonoManager ReloadAssembly
Native extension for WindowsStandalone target not found
Native extension for WebGL target not found
Refreshing native plugins compatible for Editor in 0.76 ms, found 1 plugins.
Preloading 0 native plugins for Editor in 0.00 ms.
Mono: successfully reloaded assembly
- Completed reload, in  0.812 seconds
Platform modules already initialized, skipping
Shader 'Universal Render Pipeline/Particles/Lit': fallback shader 'Universal Render Pipeline/Particles/SimpleLit' not found
Refreshing native plugins compatible for Editor in 0.75 ms, found 1 plugins.
Preloading 0 native plugins for Editor in 0.00 ms.
Unloading 3144 Unused Serialized files (Serialized files now loaded: 0)
System memory in use before: 153.4 MB.
System memory in use after: 153.7 MB.

Unloading 9 unused Assets to reduce memory usage. Loaded Objects now: 3849.
Total: 2.617600 ms (FindLiveObjects: 0.351100 ms CreateObjectMapping: 0.086700 ms MarkObjects: 2.158700 ms  DeleteObjects: 0.020200 ms)

========================================================================
Received Import Request.
  Time since last request: 255.239474 seconds.
  path: Assets/Scenes/MemoryMatch/Wrong.prefab
  artifactKey: Guid(c3ea5f39c1610894d974667551c498a9) Importer(815301076,1909f56bfc062723c751e8b465ee728b)
Start importing Assets/Scenes/MemoryMatch/Wrong.prefab using Guid(c3ea5f39c1610894d974667551c498a9) Importer(815301076,1909f56bfc062723c751e8b465ee728b)  -> (artifact id: 'd65abdfcf4e62f42d137974d943d1266') in 0.063195 seconds
  Import took 0.096189 seconds .

========================================================================
Received Import Request.
  Time since last request: 0.001386 seconds.
  path: Assets/Scenes/MemoryMatch/Wrong.prefab
  artifactKey: Guid(c3ea5f39c1610894d974667551c498a9) Importer(815301076,1909f56bfc062723c751e8b465ee728b)
Start importing Assets/Scenes/MemoryMatch/Wrong.prefab using Guid(c3ea5f39c1610894d974667551c498a9) Importer(815301076,1909f56bfc062723c751e8b465ee728b)  -> (artifact id: 'd65abdfcf4e62f42d137974d943d1266') in 0.007395 seconds
  Import took 0.011563 seconds .

========================================================================
Received Import Request.
  Time since last request: 12.107682 seconds.
  path: Assets/Scenes/MemoryMatch/Standard PB (1).prefab
  artifactKey: Guid(416cb3f583999dc45b68a8621bc7de9b) Importer(815301076,1909f56bfc062723c751e8b465ee728b)
Start importing Assets/Scenes/MemoryMatch/Standard PB (1).prefab using Guid(416cb3f583999dc45b68a8621bc7de9b) Importer(815301076,1909f56bfc062723c751e8b465ee728b)  -> (artifact id: 'b930d0335cd6b206fdf098eb87f45471') in 0.011427 seconds
  Import took 0.029537 seconds .

========================================================================
Received Import Request.
  Time since last request: 0.002580 seconds.
  path: Assets/Scenes/MemoryMatch/Standard PB (1).prefab
  artifactKey: Guid(416cb3f583999dc45b68a8621bc7de9b) Importer(815301076,1909f56bfc062723c751e8b465ee728b)
Start importing Assets/Scenes/MemoryMatch/Standard PB (1).prefab using Guid(416cb3f583999dc45b68a8621bc7de9b) Importer(815301076,1909f56bfc062723c751e8b465ee728b)  -> (artifact id: 'b930d0335cd6b206fdf098eb87f45471') in 0.007953 seconds
  Import took 0.012988 seconds .

========================================================================
Received Import Request.
  Time since last request: 7.085949 seconds.
  path: Assets/Scenes/MemoryMatch/Correct.prefab
  artifactKey: Guid(416cb3f583999dc45b68a8621bc7de9b) Importer(815301076,1909f56bfc062723c751e8b465ee728b)
Start importing Assets/Scenes/MemoryMatch/Correct.prefab using Guid(416cb3f583999dc45b68a8621bc7de9b) Importer(815301076,1909f56bfc062723c751e8b465ee728b)  -> (artifact id: '284190226d9db9d5719d920b70c9540c') in 0.011496 seconds
  Import took 0.024715 seconds .

========================================================================
Received Import Request.
  Time since last request: 35.065865 seconds.
  path: Assets/Scenes/MemoryMatch/Correct.prefab
  artifactKey: Guid(416cb3f583999dc45b68a8621bc7de9b) Importer(815301076,1909f56bfc062723c751e8b465ee728b)
Start importing Assets/Scenes/MemoryMatch/Correct.prefab using Guid(416cb3f583999dc45b68a8621bc7de9b) Importer(815301076,1909f56bfc062723c751e8b465ee728b)  -> (artifact id: '3b35820e25e06561fb46a18f87fbc40e') in 0.010709 seconds
  Import took 0.016429 seconds .

========================================================================
Received Import Request.
  Time since last request: 0.837981 seconds.
  path: Assets/Scenes/MemoryMatch/Correct.prefab
  artifactKey: Guid(416cb3f583999dc45b68a8621bc7de9b) Importer(815301076,1909f56bfc062723c751e8b465ee728b)
Start importing Assets/Scenes/MemoryMatch/Correct.prefab using Guid(416cb3f583999dc45b68a8621bc7de9b) Importer(815301076,1909f56bfc062723c751e8b465ee728b)  -> (artifact id: '72885044e702beb4844c72d05b3fc165') in 0.007624 seconds
  Import took 0.013343 seconds .

========================================================================
Received Import Request.
  Time since last request: 0.588062 seconds.
  path: Assets/Scenes/MemoryMatch/Correct.prefab
  artifactKey: Guid(416cb3f583999dc45b68a8621bc7de9b) Importer(815301076,1909f56bfc062723c751e8b465ee728b)
Start importing Assets/Scenes/MemoryMatch/Correct.prefab using Guid(416cb3f583999dc45b68a8621bc7de9b) Importer(815301076,1909f56bfc062723c751e8b465ee728b)  -> (artifact id: 'd6406fbc3b5ce7038a48119b09344220') in 0.008050 seconds
  Import took 0.066729 seconds .

========================================================================
Received Import Request.
  Time since last request: 5.525341 seconds.
  path: Assets/Scenes/MemoryMatch/Wrong.prefab
  artifactKey: Guid(c3ea5f39c1610894d974667551c498a9) Importer(815301076,1909f56bfc062723c751e8b465ee728b)
Start importing Assets/Scenes/MemoryMatch/Wrong.prefab using Guid(c3ea5f39c1610894d974667551c498a9) Importer(815301076,1909f56bfc062723c751e8b465ee728b)  -> (artifact id: 'f76cf31c00f80724065da5e6ce2d9c44') in 0.033768 seconds
  Import took 0.077635 seconds .

========================================================================
Received Import Request.
  Time since last request: 1.146898 seconds.
  path: Assets/Scenes/MemoryMatch/Wrong.prefab
  artifactKey: Guid(c3ea5f39c1610894d974667551c498a9) Importer(815301076,1909f56bfc062723c751e8b465ee728b)
Start importing Assets/Scenes/MemoryMatch/Wrong.prefab using Guid(c3ea5f39c1610894d974667551c498a9) Importer(815301076,1909f56bfc062723c751e8b465ee728b)  -> (artifact id: 'e0d9e9d1677c917300dcdfe4dbbb9bd8') in 0.038339 seconds
  Import took 0.076316 seconds .

========================================================================
Received Prepare
Registering precompiled user dll's ...
Registered in 0.001564 seconds.
Begin MonoManager ReloadAssembly
Native extension for WindowsStandalone target not found
Native extension for WebGL target not found
Refreshing native plugins compatible for Editor in 0.86 ms, found 1 plugins.
Preloading 0 native plugins for Editor in 0.00 ms.
Mono: successfully reloaded assembly
- Completed reload, in  0.891 seconds
Platform modules already initialized, skipping
Shader 'Universal Render Pipeline/Particles/Lit': fallback shader 'Universal Render Pipeline/Particles/SimpleLit' not found
Refreshing native plugins compatible for Editor in 0.78 ms, found 1 plugins.
Preloading 0 native plugins for Editor in 0.00 ms.
Unloading 3144 Unused Serialized files (Serialized files now loaded: 0)
System memory in use before: 153.5 MB.
System memory in use after: 153.7 MB.

Unloading 9 unused Assets to reduce memory usage. Loaded Objects now: 3852.
Total: 3.426500 ms (FindLiveObjects: 0.517500 ms CreateObjectMapping: 0.085200 ms MarkObjects: 2.805700 ms  DeleteObjects: 0.017100 ms)

========================================================================
Received Prepare
Registering precompiled user dll's ...
Registered in 0.001319 seconds.
Begin MonoManager ReloadAssembly
Native extension for WindowsStandalone target not found
Native extension for WebGL target not found
Refreshing native plugins compatible for Editor in 0.76 ms, found 1 plugins.
Preloading 0 native plugins for Editor in 0.00 ms.
Mono: successfully reloaded assembly
- Completed reload, in  0.789 seconds
Platform modules already initialized, skipping
Shader 'Universal Render Pipeline/Particles/Lit': fallback shader 'Universal Render Pipeline/Particles/SimpleLit' not found
Refreshing native plugins compatible for Editor in 0.82 ms, found 1 plugins.
Preloading 0 native plugins for Editor in 0.00 ms.
Unloading 3144 Unused Serialized files (Serialized files now loaded: 0)
System memory in use before: 153.5 MB.
System memory in use after: 153.7 MB.

Unloading 9 unused Assets to reduce memory usage. Loaded Objects now: 3855.
Total: 2.906700 ms (FindLiveObjects: 0.506900 ms CreateObjectMapping: 0.092000 ms MarkObjects: 2.284600 ms  DeleteObjects: 0.021500 ms)

========================================================================
Received Import Request.
  Time since last request: 1221.765161 seconds.
  path: Assets/ART/ShazakLogo
  artifactKey: Guid(6ef43d1eaffc56143b907dd9550c4a39) Importer(815301076,1909f56bfc062723c751e8b465ee728b)
Start importing Assets/ART/ShazakLogo using Guid(6ef43d1eaffc56143b907dd9550c4a39) Importer(815301076,1909f56bfc062723c751e8b465ee728b)  -> (artifact id: '1332df51b7a14f857a2a440086abf18e') in 0.045447 seconds
  Import took 0.077363 seconds .

========================================================================
Received Import Request.
  Time since last request: 36.867377 seconds.
  path: Assets/ART/ShazakLogo/Shazak Icon - White.png
  artifactKey: Guid(6476a4bcb3c95fd46a83308053ef4464) Importer(815301076,1909f56bfc062723c751e8b465ee728b)
Start importing Assets/ART/ShazakLogo/Shazak Icon - White.png using Guid(6476a4bcb3c95fd46a83308053ef4464) Importer(815301076,1909f56bfc062723c751e8b465ee728b)  -> (artifact id: '558eacaab94474d4be545be0439af167') in 0.071842 seconds
  Import took 0.105107 seconds .

========================================================================
Received Import Request.
  Time since last request: 20.255872 seconds.
  path: Assets/ART/ShazakLogo/Shazak Icon - Black.png
  artifactKey: Guid(6810a9c0e30b05b4bb1f3dde1c894baf) Importer(815301076,1909f56bfc062723c751e8b465ee728b)
Start importing Assets/ART/ShazakLogo/Shazak Icon - Black.png using Guid(6810a9c0e30b05b4bb1f3dde1c894baf) Importer(815301076,1909f56bfc062723c751e8b465ee728b)  -> (artifact id: '057b6b70fb2ed4d9b686a8f0f762172f') in 0.028090 seconds
  Import took 0.075758 seconds .

========================================================================
Received Prepare
Registering precompiled user dll's ...
Registered in 0.001138 seconds.
Begin MonoManager ReloadAssembly
Native extension for WindowsStandalone target not found
Native extension for WebGL target not found
Refreshing native plugins compatible for Editor in 0.79 ms, found 1 plugins.
Preloading 0 native plugins for Editor in 0.00 ms.
Mono: successfully reloaded assembly
- Completed reload, in  0.800 seconds
Platform modules already initialized, skipping
Shader 'Universal Render Pipeline/Particles/Lit': fallback shader 'Universal Render Pipeline/Particles/SimpleLit' not found
Refreshing native plugins compatible for Editor in 0.76 ms, found 1 plugins.
Preloading 0 native plugins for Editor in 0.00 ms.
Unloading 3144 Unused Serialized files (Serialized files now loaded: 0)
System memory in use before: 153.5 MB.
System memory in use after: 153.7 MB.

Unloading 9 unused Assets to reduce memory usage. Loaded Objects now: 3861.
Total: 2.997900 ms (FindLiveObjects: 0.534700 ms CreateObjectMapping: 0.096100 ms MarkObjects: 2.348700 ms  DeleteObjects: 0.017500 ms)

========================================================================
Received Prepare
Registering precompiled user dll's ...
Registered in 0.001418 seconds.
Begin MonoManager ReloadAssembly
Native extension for WindowsStandalone target not found
Native extension for WebGL target not found
Refreshing native plugins compatible for Editor in 0.83 ms, found 1 plugins.
Preloading 0 native plugins for Editor in 0.00 ms.
Mono: successfully reloaded assembly
- Completed reload, in  0.915 seconds
Platform modules already initialized, skipping
Shader 'Universal Render Pipeline/Particles/Lit': fallback shader 'Universal Render Pipeline/Particles/SimpleLit' not found
Refreshing native plugins compatible for Editor in 0.76 ms, found 1 plugins.
Preloading 0 native plugins for Editor in 0.00 ms.
Unloading 3144 Unused Serialized files (Serialized files now loaded: 0)
System memory in use before: 153.5 MB.
System memory in use after: 153.7 MB.

Unloading 9 unused Assets to reduce memory usage. Loaded Objects now: 3864.
Total: 2.357500 ms (FindLiveObjects: 0.383300 ms CreateObjectMapping: 0.085500 ms MarkObjects: 1.873300 ms  DeleteObjects: 0.014300 ms)

========================================================================
Received Prepare
Registering precompiled user dll's ...
Registered in 0.001192 seconds.
Begin MonoManager ReloadAssembly
Native extension for WindowsStandalone target not found
Native extension for WebGL target not found
Refreshing native plugins compatible for Editor in 0.78 ms, found 1 plugins.
Preloading 0 native plugins for Editor in 0.00 ms.
Mono: successfully reloaded assembly
- Completed reload, in  0.834 seconds
Platform modules already initialized, skipping
Shader 'Universal Render Pipeline/Particles/Lit': fallback shader 'Universal Render Pipeline/Particles/SimpleLit' not found
Refreshing native plugins compatible for Editor in 0.76 ms, found 1 plugins.
Preloading 0 native plugins for Editor in 0.00 ms.
Unloading 3144 Unused Serialized files (Serialized files now loaded: 0)
System memory in use before: 153.5 MB.
System memory in use after: 153.7 MB.

Unloading 9 unused Assets to reduce memory usage. Loaded Objects now: 3867.
Total: 5.373600 ms (FindLiveObjects: 0.662300 ms CreateObjectMapping: 0.111800 ms MarkObjects: 4.568300 ms  DeleteObjects: 0.029300 ms)

========================================================================
Received Import Request.
  Time since last request: 402.594703 seconds.
  path: Assets/ART/ShazakLogo/Shazak Icon - Black.svg
  artifactKey: Guid(4550d63de364ff14fa33d9feed37353d) Importer(815301076,1909f56bfc062723c751e8b465ee728b)
Start importing Assets/ART/ShazakLogo/Shazak Icon - Black.svg using Guid(4550d63de364ff14fa33d9feed37353d) Importer(815301076,1909f56bfc062723c751e8b465ee728b)  -> (artifact id: 'ecfe6a00e0309f9f763f23ebebe8e36f') in 0.016386 seconds
  Import took 0.022198 seconds .

========================================================================
Received Prepare
Registering precompiled user dll's ...
Registered in 0.001131 seconds.
Begin MonoManager ReloadAssembly
Native extension for WindowsStandalone target not found
Native extension for WebGL target not found
Refreshing native plugins compatible for Editor in 0.93 ms, found 1 plugins.
Preloading 0 native plugins for Editor in 0.00 ms.
Mono: successfully reloaded assembly
- Completed reload, in  0.806 seconds
Platform modules already initialized, skipping
Shader 'Universal Render Pipeline/Particles/Lit': fallback shader 'Universal Render Pipeline/Particles/SimpleLit' not found
Refreshing native plugins compatible for Editor in 1.06 ms, found 1 plugins.
Preloading 0 native plugins for Editor in 0.00 ms.
Unloading 3144 Unused Serialized files (Serialized files now loaded: 0)
System memory in use before: 153.5 MB.
System memory in use after: 153.7 MB.

Unloading 9 unused Assets to reduce memory usage. Loaded Objects now: 3870.
Total: 2.474900 ms (FindLiveObjects: 0.414200 ms CreateObjectMapping: 0.098600 ms MarkObjects: 1.945500 ms  DeleteObjects: 0.015600 ms)

========================================================================
Received Import Request.
  Time since last request: 1008.109619 seconds.
  path: Assets/Modern UI Pack/Read Me.txt
  artifactKey: Guid(96b7ae355c0c67a40abb31b7312bba82) Importer(815301076,1909f56bfc062723c751e8b465ee728b)
Start importing Assets/Modern UI Pack/Read Me.txt using Guid(96b7ae355c0c67a40abb31b7312bba82) Importer(815301076,1909f56bfc062723c751e8b465ee728b)  -> (artifact id: 'f51a7fbe33d8168dfbada4d08accd551') in 0.102246 seconds
  Import took 0.143339 seconds .

========================================================================
Received Prepare
Registering precompiled user dll's ...
Registered in 0.001293 seconds.
Begin MonoManager ReloadAssembly
Native extension for WindowsStandalone target not found
Native extension for WebGL target not found
Refreshing native plugins compatible for Editor in 0.77 ms, found 1 plugins.
Preloading 0 native plugins for Editor in 0.00 ms.
Mono: successfully reloaded assembly
- Completed reload, in  0.793 seconds
Platform modules already initialized, skipping
Shader 'Universal Render Pipeline/Particles/Lit': fallback shader 'Universal Render Pipeline/Particles/SimpleLit' not found
Refreshing native plugins compatible for Editor in 0.80 ms, found 1 plugins.
Preloading 0 native plugins for Editor in 0.00 ms.
Unloading 3144 Unused Serialized files (Serialized files now loaded: 0)
System memory in use before: 153.5 MB.
System memory in use after: 153.8 MB.

Unloading 9 unused Assets to reduce memory usage. Loaded Objects now: 3873.
Total: 2.463200 ms (FindLiveObjects: 0.396300 ms CreateObjectMapping: 0.090700 ms MarkObjects: 1.959600 ms  DeleteObjects: 0.015700 ms)

========================================================================
Received Prepare
Registering precompiled user dll's ...
Registered in 0.044897 seconds.
Begin MonoManager ReloadAssembly
Native extension for WindowsStandalone target not found
Native extension for WebGL target not found
Refreshing native plugins compatible for Editor in 0.79 ms, found 1 plugins.
Preloading 0 native plugins for Editor in 0.00 ms.
Mono: successfully reloaded assembly
- Completed reload, in  1.263 seconds
Platform modules already initialized, skipping
Shader 'Universal Render Pipeline/Particles/Lit': fallback shader 'Universal Render Pipeline/Particles/SimpleLit' not found
Refreshing native plugins compatible for Editor in 0.77 ms, found 1 plugins.
Preloading 0 native plugins for Editor in 0.00 ms.
Unloading 3144 Unused Serialized files (Serialized files now loaded: 0)
System memory in use before: 153.6 MB.
System memory in use after: 153.8 MB.

Unloading 9 unused Assets to reduce memory usage. Loaded Objects now: 3876.
Total: 2.463400 ms (FindLiveObjects: 0.439800 ms CreateObjectMapping: 0.087200 ms MarkObjects: 1.919800 ms  DeleteObjects: 0.015500 ms)

========================================================================
Received Import Request.
  Time since last request: 1391.139464 seconds.
  path: Assets/Scenes/MemoryMatch/---Score---.prefab
  artifactKey: Guid(5426893a4c78d6243af1b7eac8853b43) Importer(815301076,1909f56bfc062723c751e8b465ee728b)
Start importing Assets/Scenes/MemoryMatch/---Score---.prefab using Guid(5426893a4c78d6243af1b7eac8853b43) Importer(815301076,1909f56bfc062723c751e8b465ee728b)  -> (artifact id: 'a7d0d77fb72558ad71add780affa0ee8') in 0.817998 seconds
  Import took 0.847908 seconds .

========================================================================
Received Prepare
Registering precompiled user dll's ...
Registered in 0.001286 seconds.
Begin MonoManager ReloadAssembly
Native extension for WindowsStandalone target not found
Native extension for WebGL target not found
Refreshing native plugins compatible for Editor in 0.77 ms, found 1 plugins.
Preloading 0 native plugins for Editor in 0.00 ms.
Mono: successfully reloaded assembly
- Completed reload, in  0.893 seconds
Platform modules already initialized, skipping
Shader 'Universal Render Pipeline/Particles/Lit': fallback shader 'Universal Render Pipeline/Particles/SimpleLit' not found
Refreshing native plugins compatible for Editor in 0.84 ms, found 1 plugins.
Preloading 0 native plugins for Editor in 0.00 ms.
Unloading 3144 Unused Serialized files (Serialized files now loaded: 0)
System memory in use before: 153.7 MB.
System memory in use after: 154.0 MB.

Unloading 9 unused Assets to reduce memory usage. Loaded Objects now: 3915.
Total: 2.993600 ms (FindLiveObjects: 0.435700 ms CreateObjectMapping: 0.087800 ms MarkObjects: 2.449700 ms  DeleteObjects: 0.019400 ms)

========================================================================
Received Prepare
Registering precompiled user dll's ...
Registered in 0.001187 seconds.
Begin MonoManager ReloadAssembly
Native extension for WindowsStandalone target not found
Native extension for WebGL target not found
Refreshing native plugins compatible for Editor in 0.77 ms, found 1 plugins.
Preloading 0 native plugins for Editor in 0.00 ms.
Mono: successfully reloaded assembly
- Completed reload, in  0.844 seconds
Platform modules already initialized, skipping
Shader 'Universal Render Pipeline/Particles/Lit': fallback shader 'Universal Render Pipeline/Particles/SimpleLit' not found
Refreshing native plugins compatible for Editor in 0.77 ms, found 1 plugins.
Preloading 0 native plugins for Editor in 0.00 ms.
Unloading 3144 Unused Serialized files (Serialized files now loaded: 0)
System memory in use before: 153.7 MB.
System memory in use after: 154.0 MB.

Unloading 9 unused Assets to reduce memory usage. Loaded Objects now: 3918.
Total: 3.446800 ms (FindLiveObjects: 0.426800 ms CreateObjectMapping: 0.100000 ms MarkObjects: 2.895200 ms  DeleteObjects: 0.023600 ms)

========================================================================
Received Prepare
Registering precompiled user dll's ...
Registered in 0.001221 seconds.
Begin MonoManager ReloadAssembly
Native extension for WindowsStandalone target not found
Native extension for WebGL target not found
Refreshing native plugins compatible for Editor in 0.78 ms, found 1 plugins.
Preloading 0 native plugins for Editor in 0.00 ms.
Mono: successfully reloaded assembly
- Completed reload, in  0.810 seconds
Platform modules already initialized, skipping
Shader 'Universal Render Pipeline/Particles/Lit': fallback shader 'Universal Render Pipeline/Particles/SimpleLit' not found
Refreshing native plugins compatible for Editor in 0.77 ms, found 1 plugins.
Preloading 0 native plugins for Editor in 0.00 ms.
Unloading 3144 Unused Serialized files (Serialized files now loaded: 0)
System memory in use before: 153.8 MB.
System memory in use after: 154.0 MB.

Unloading 9 unused Assets to reduce memory usage. Loaded Objects now: 3921.
Total: 2.693900 ms (FindLiveObjects: 0.426700 ms CreateObjectMapping: 0.171100 ms MarkObjects: 2.079000 ms  DeleteObjects: 0.016400 ms)

========================================================================
Received Prepare
Registering precompiled user dll's ...
Registered in 0.001133 seconds.
Begin MonoManager ReloadAssembly
Native extension for WindowsStandalone target not found
Native extension for WebGL target not found
Refreshing native plugins compatible for Editor in 0.77 ms, found 1 plugins.
Preloading 0 native plugins for Editor in 0.00 ms.
Mono: successfully reloaded assembly
- Completed reload, in  0.812 seconds
Platform modules already initialized, skipping
Shader 'Universal Render Pipeline/Particles/Lit': fallback shader 'Universal Render Pipeline/Particles/SimpleLit' not found
Refreshing native plugins compatible for Editor in 0.82 ms, found 1 plugins.
Preloading 0 native plugins for Editor in 0.00 ms.
Unloading 3144 Unused Serialized files (Serialized files now loaded: 0)
System memory in use before: 153.8 MB.
System memory in use after: 154.0 MB.

Unloading 9 unused Assets to reduce memory usage. Loaded Objects now: 3924.
Total: 2.548800 ms (FindLiveObjects: 0.518400 ms CreateObjectMapping: 0.092400 ms MarkObjects: 1.921000 ms  DeleteObjects: 0.015200 ms)

========================================================================
Received Prepare
Registering precompiled user dll's ...
Registered in 0.001189 seconds.
Begin MonoManager ReloadAssembly
Native extension for WindowsStandalone target not found
Native extension for WebGL target not found
Refreshing native plugins compatible for Editor in 0.81 ms, found 1 plugins.
Preloading 0 native plugins for Editor in 0.00 ms.
Mono: successfully reloaded assembly
- Completed reload, in  0.911 seconds
Platform modules already initialized, skipping
Shader 'Universal Render Pipeline/Particles/Lit': fallback shader 'Universal Render Pipeline/Particles/SimpleLit' not found
Refreshing native plugins compatible for Editor in 0.78 ms, found 1 plugins.
Preloading 0 native plugins for Editor in 0.00 ms.
Unloading 3144 Unused Serialized files (Serialized files now loaded: 0)
System memory in use before: 153.8 MB.
System memory in use after: 154.0 MB.

Unloading 9 unused Assets to reduce memory usage. Loaded Objects now: 3927.
Total: 3.848200 ms (FindLiveObjects: 0.648300 ms CreateObjectMapping: 0.106400 ms MarkObjects: 3.074100 ms  DeleteObjects: 0.018100 ms)

========================================================================
Received Prepare
Registering precompiled user dll's ...
Registered in 0.001364 seconds.
Begin MonoManager ReloadAssembly
Native extension for WindowsStandalone target not found
Native extension for WebGL target not found
Refreshing native plugins compatible for Editor in 0.76 ms, found 1 plugins.
Preloading 0 native plugins for Editor in 0.00 ms.
Mono: successfully reloaded assembly
- Completed reload, in  0.839 seconds
Platform modules already initialized, skipping
Shader 'Universal Render Pipeline/Particles/Lit': fallback shader 'Universal Render Pipeline/Particles/SimpleLit' not found
Refreshing native plugins compatible for Editor in 0.90 ms, found 1 plugins.
Preloading 0 native plugins for Editor in 0.00 ms.
Unloading 3144 Unused Serialized files (Serialized files now loaded: 0)
System memory in use before: 153.8 MB.
System memory in use after: 154.0 MB.

Unloading 9 unused Assets to reduce memory usage. Loaded Objects now: 3930.
Total: 2.650600 ms (FindLiveObjects: 0.350600 ms CreateObjectMapping: 0.100100 ms MarkObjects: 2.181900 ms  DeleteObjects: 0.016900 ms)

========================================================================
Received Prepare
Registering precompiled user dll's ...
Registered in 0.001299 seconds.
Begin MonoManager ReloadAssembly
Native extension for WindowsStandalone target not found
Native extension for WebGL target not found
Refreshing native plugins compatible for Editor in 0.79 ms, found 1 plugins.
Preloading 0 native plugins for Editor in 0.00 ms.
Mono: successfully reloaded assembly
- Completed reload, in  1.183 seconds
Platform modules already initialized, skipping
Shader 'Universal Render Pipeline/Particles/Lit': fallback shader 'Universal Render Pipeline/Particles/SimpleLit' not found
Refreshing native plugins compatible for Editor in 0.84 ms, found 1 plugins.
Preloading 0 native plugins for Editor in 0.00 ms.
Unloading 3145 Unused Serialized files (Serialized files now loaded: 0)
System memory in use before: 153.8 MB.
System memory in use after: 154.0 MB.

Unloading 9 unused Assets to reduce memory usage. Loaded Objects now: 3934.
Total: 3.339700 ms (FindLiveObjects: 0.738800 ms CreateObjectMapping: 0.144100 ms MarkObjects: 2.435300 ms  DeleteObjects: 0.020400 ms)

========================================================================
Received Prepare
Registering precompiled user dll's ...
Registered in 0.001317 seconds.
Begin MonoManager ReloadAssembly
Native extension for WindowsStandalone target not found
Native extension for WebGL target not found
Refreshing native plugins compatible for Editor in 0.76 ms, found 1 plugins.
Preloading 0 native plugins for Editor in 0.00 ms.
Mono: successfully reloaded assembly
- Completed reload, in  0.881 seconds
Platform modules already initialized, skipping
Shader 'Universal Render Pipeline/Particles/Lit': fallback shader 'Universal Render Pipeline/Particles/SimpleLit' not found
Refreshing native plugins compatible for Editor in 0.76 ms, found 1 plugins.
Preloading 0 native plugins for Editor in 0.00 ms.
Unloading 3145 Unused Serialized files (Serialized files now loaded: 0)
System memory in use before: 153.8 MB.
System memory in use after: 154.0 MB.

Unloading 9 unused Assets to reduce memory usage. Loaded Objects now: 3937.
Total: 2.771400 ms (FindLiveObjects: 0.403200 ms CreateObjectMapping: 0.096400 ms MarkObjects: 2.251100 ms  DeleteObjects: 0.019000 ms)

========================================================================
Received Import Request.
  Time since last request: 2115.072337 seconds.
  path: Assets/SCRIPTS/SCORE/ScoreCoinAnima.cs
  artifactKey: Guid(24ab25090b176194a8ba78f07022559e) Importer(815301076,1909f56bfc062723c751e8b465ee728b)
Start importing Assets/SCRIPTS/SCORE/ScoreCoinAnima.cs using Guid(24ab25090b176194a8ba78f07022559e) Importer(815301076,1909f56bfc062723c751e8b465ee728b)  -> (artifact id: '6eaf5606f6945779a1abd959041d1c8d') in 0.135054 seconds
  Import took 0.140337 seconds .

========================================================================
Received Import Request.
  Time since last request: 165.930363 seconds.
  path: Assets/serwe
  artifactKey: Guid(64e660973b64dd140a37aecf4c8cd668) Importer(815301076,1909f56bfc062723c751e8b465ee728b)
Start importing Assets/serwe using Guid(64e660973b64dd140a37aecf4c8cd668) Importer(815301076,1909f56bfc062723c751e8b465ee728b)  -> (artifact id: '134d740c643d6a1f55ecfb57c9abc272') in 0.005730 seconds
  Import took 0.039471 seconds .

========================================================================
Received Import Request.
  Time since last request: 167.404422 seconds.
  path: Assets/serwe/lantern.blend
  artifactKey: Guid(2c5844804e0f91f44bc6a8a62ead6d73) Importer(815301076,1909f56bfc062723c751e8b465ee728b)
Start importing Assets/serwe/lantern.blend using Guid(2c5844804e0f91f44bc6a8a62ead6d73) Importer(815301076,1909f56bfc062723c751e8b465ee728b)  -> (artifact id: 'd3daf8eb936e00d53af1f61a365e0aa3') in 0.684502 seconds
  Import took 0.821520 seconds .

========================================================================
Received Import Request.
  Time since last request: 0.000180 seconds.
  path: Assets/serwe/lantern.fbx
  artifactKey: Guid(a827f46fac9541f4b9f746de7e04255f) Importer(815301076,1909f56bfc062723c751e8b465ee728b)
Start importing Assets/serwe/lantern.fbx using Guid(a827f46fac9541f4b9f746de7e04255f) Importer(815301076,1909f56bfc062723c751e8b465ee728b)  -> (artifact id: 'bfd9bb87fab36c4d033b150de452b661') in 0.071725 seconds
  Import took 0.265609 seconds .

========================================================================
Received Import Request.
  Time since last request: 0.000223 seconds.
  path: Assets/serwe/lantern_metallic.png
  artifactKey: Guid(065b850fae622f5439ec867660f0f507) Importer(815301076,1909f56bfc062723c751e8b465ee728b)
Start importing Assets/serwe/lantern_metallic.png using Guid(065b850fae622f5439ec867660f0f507) Importer(815301076,1909f56bfc062723c751e8b465ee728b)  -> (artifact id: '7b731c3aa7433f2ee2ed67e7e32ee446') in 0.244428 seconds
  Import took 0.249554 seconds .

========================================================================
Received Import Request.
  Time since last request: 0.000204 seconds.
  path: Assets/serwe/lantern_color.png
  artifactKey: Guid(8638957303807874395cbd245e0de535) Importer(815301076,1909f56bfc062723c751e8b465ee728b)
Start importing Assets/serwe/lantern_color.png using Guid(8638957303807874395cbd245e0de535) Importer(815301076,1909f56bfc062723c751e8b465ee728b)  -> (artifact id: 'a7f87d035f9e7fe3cfc26afa3fdd391d') in 0.050383 seconds
  Import took 0.074402 seconds .

========================================================================
Received Import Request.
  Time since last request: 0.000190 seconds.
  path: Assets/serwe/lantern_transmission.png
  artifactKey: Guid(4a8d52e2c649a5e489dd0e07288e3cfe) Importer(815301076,1909f56bfc062723c751e8b465ee728b)
Start importing Assets/serwe/lantern_transmission.png using Guid(4a8d52e2c649a5e489dd0e07288e3cfe) Importer(815301076,1909f56bfc062723c751e8b465ee728b)  -> (artifact id: 'a94daff13129116783adcda08270a177') in 0.088291 seconds
  Import took 0.119388 seconds .

========================================================================
Received Import Request.
  Time since last request: 0.000183 seconds.
  path: Assets/serwe/lantern_roughness.png
  artifactKey: Guid(858c53bc42ef6c849b2617a7ab9c8b8e) Importer(815301076,1909f56bfc062723c751e8b465ee728b)
Start importing Assets/serwe/lantern_roughness.png using Guid(858c53bc42ef6c849b2617a7ab9c8b8e) Importer(815301076,1909f56bfc062723c751e8b465ee728b)  -> (artifact id: '32e93a0f0654c8e04d97afb60e6d8df2') in 0.010828 seconds
  Import took 0.070782 seconds .

========================================================================
Received Import Request.
  Time since last request: 11.397868 seconds.
  path: Assets/serwe/New Scene.unity
  artifactKey: Guid(9f8bbb37899085f4991ee71482a35450) Importer(815301076,1909f56bfc062723c751e8b465ee728b)
Start importing Assets/serwe/New Scene.unity using Guid(9f8bbb37899085f4991ee71482a35450) Importer(815301076,1909f56bfc062723c751e8b465ee728b)  -> (artifact id: 'c17962ad9bf2aaf9a72007cd73447725') in 0.005827 seconds
  Import took 0.032856 seconds .

========================================================================
Received Import Request.
  Time since last request: 70.540914 seconds.
  path: Assets/serwe/lantern.fbx
  artifactKey: Guid(a827f46fac9541f4b9f746de7e04255f) Importer(815301076,1909f56bfc062723c751e8b465ee728b)
Start importing Assets/serwe/lantern.fbx using Guid(a827f46fac9541f4b9f746de7e04255f) Importer(815301076,1909f56bfc062723c751e8b465ee728b)  -> (artifact id: '6de3d8fb473dc124d366e48d229e42ad') in 0.101407 seconds
  Import took 0.212068 seconds .

========================================================================
Received Import Request.
  Time since last request: 0.000189 seconds.
  path: Assets/serwe/lantern.mat
  artifactKey: Guid(c535cfd6e40268e44ae70a9f572eecc0) Importer(815301076,1909f56bfc062723c751e8b465ee728b)
Start importing Assets/serwe/lantern.mat using Guid(c535cfd6e40268e44ae70a9f572eecc0) Importer(815301076,1909f56bfc062723c751e8b465ee728b)  -> (artifact id: '8f2e1d89df2755771d5e27837bedfae6') in 0.027166 seconds
  Import took 0.031942 seconds .

========================================================================
Received Import Request.
  Time since last request: 0.000223 seconds.
  path: Assets/serwe/outline.mat
  artifactKey: Guid(64c47aa3305cd5d4e990b3657682b5fe) Importer(815301076,1909f56bfc062723c751e8b465ee728b)
Start importing Assets/serwe/outline.mat using Guid(64c47aa3305cd5d4e990b3657682b5fe) Importer(815301076,1909f56bfc062723c751e8b465ee728b)  -> (artifact id: 'a56254ba5ed268be9216ed43771e599e') in 0.062861 seconds
  Import took 0.068243 seconds .

========================================================================
Received Import Request.
  Time since last request: 0.000163 seconds.
  path: Assets/serwe/lantern.mat
  artifactKey: Guid(c535cfd6e40268e44ae70a9f572eecc0) Importer(815301076,1909f56bfc062723c751e8b465ee728b)
Start importing Assets/serwe/lantern.mat using Guid(c535cfd6e40268e44ae70a9f572eecc0) Importer(815301076,1909f56bfc062723c751e8b465ee728b)  -> (artifact id: '8f2e1d89df2755771d5e27837bedfae6') in 0.141797 seconds
  Import took 0.146745 seconds .

========================================================================
Received Import Request.
  Time since last request: 0.000185 seconds.
  path: Assets/serwe/outline.mat
  artifactKey: Guid(64c47aa3305cd5d4e990b3657682b5fe) Importer(815301076,1909f56bfc062723c751e8b465ee728b)
Start importing Assets/serwe/outline.mat using Guid(64c47aa3305cd5d4e990b3657682b5fe) Importer(815301076,1909f56bfc062723c751e8b465ee728b)  -> (artifact id: 'a56254ba5ed268be9216ed43771e599e') in 0.016285 seconds
  Import took 0.020753 seconds .

========================================================================
Received Import Request.
  Time since last request: 183.575769 seconds.
  path: Assets/serwe/lantern.mat
  artifactKey: Guid(c535cfd6e40268e44ae70a9f572eecc0) Importer(815301076,1909f56bfc062723c751e8b465ee728b)
Start importing Assets/serwe/lantern.mat using Guid(c535cfd6e40268e44ae70a9f572eecc0) Importer(815301076,1909f56bfc062723c751e8b465ee728b)  -> (artifact id: '8f00d8b2eb581007317ffc4b53a02c36') in 0.170154 seconds
  Import took 0.224580 seconds .

========================================================================
Received Import Request.
  Time since last request: 9.327908 seconds.
  path: Assets/Scenes/MemoryMatch/MemoryMatch.unity
  artifactKey: Guid(da725bb3b25473f40924518579b4c7b9) Importer(815301076,1909f56bfc062723c751e8b465ee728b)
Start importing Assets/Scenes/MemoryMatch/MemoryMatch.unity using Guid(da725bb3b25473f40924518579b4c7b9) Importer(815301076,1909f56bfc062723c751e8b465ee728b)  -> (artifact id: '2cb870084af012f242a527443d4e141c') in 0.002525 seconds
  Import took 0.030256 seconds .

========================================================================
Received Prepare
Registering precompiled user dll's ...
Registered in 0.002001 seconds.
Begin MonoManager ReloadAssembly
Native extension for WindowsStandalone target not found
Native extension for WebGL target not found
Refreshing native plugins compatible for Editor in 0.75 ms, found 1 plugins.
Preloading 0 native plugins for Editor in 0.00 ms.
Mono: successfully reloaded assembly
- Completed reload, in  2.365 seconds
Platform modules already initialized, skipping
Shader 'Universal Render Pipeline/Particles/Lit': fallback shader 'Universal Render Pipeline/Particles/SimpleLit' not found
Refreshing native plugins compatible for Editor in 0.76 ms, found 1 plugins.
Preloading 0 native plugins for Editor in 0.00 ms.
Unloading 3145 Unused Serialized files (Serialized files now loaded: 0)
System memory in use before: 154.1 MB.
System memory in use after: 154.3 MB.

Unloading 9 unused Assets to reduce memory usage. Loaded Objects now: 3976.
Total: 2.846900 ms (FindLiveObjects: 0.427500 ms CreateObjectMapping: 0.086300 ms MarkObjects: 2.312800 ms  DeleteObjects: 0.019200 ms)

========================================================================
Received Prepare
Registering precompiled user dll's ...
Registered in 0.027548 seconds.
Begin MonoManager ReloadAssembly
Native extension for WindowsStandalone target not found
Native extension for WebGL target not found
Refreshing native plugins compatible for Editor in 0.81 ms, found 1 plugins.
Preloading 0 native plugins for Editor in 0.00 ms.
Mono: successfully reloaded assembly
- Completed reload, in  1.965 seconds
Platform modules already initialized, skipping
Shader 'Universal Render Pipeline/Particles/Lit': fallback shader 'Universal Render Pipeline/Particles/SimpleLit' not found
Refreshing native plugins compatible for Editor in 0.79 ms, found 1 plugins.
Preloading 0 native plugins for Editor in 0.00 ms.
Unloading 3145 Unused Serialized files (Serialized files now loaded: 0)
System memory in use before: 154.1 MB.
System memory in use after: 154.3 MB.

Unloading 9 unused Assets to reduce memory usage. Loaded Objects now: 3979.
Total: 2.435600 ms (FindLiveObjects: 0.421600 ms CreateObjectMapping: 0.089300 ms MarkObjects: 1.910100 ms  DeleteObjects: 0.013700 ms)

========================================================================
Received Import Request.
  Time since last request: 4983.943562 seconds.
  path: Assets/SCRIPTS/MemoryMatch/MemoryMatchController.cs
  artifactKey: Guid(b94f64f02e3bd7a409307f5608396711) Importer(815301076,1909f56bfc062723c751e8b465ee728b)
Start importing Assets/SCRIPTS/MemoryMatch/MemoryMatchController.cs using Guid(b94f64f02e3bd7a409307f5608396711) Importer(815301076,1909f56bfc062723c751e8b465ee728b)  -> (artifact id: 'af53b43619cd4eb80b43ff6b15f148d2') in 0.146923 seconds
  Import took 0.259227 seconds .

========================================================================
Received Import Request.
  Time since last request: 240.229480 seconds.
  path: Assets/SCRIPTS/MemoryMatch/MemoryMatchController.cs
  artifactKey: Guid(b94f64f02e3bd7a409307f5608396711) Importer(815301076,1909f56bfc062723c751e8b465ee728b)
Start importing Assets/SCRIPTS/MemoryMatch/MemoryMatchController.cs using Guid(b94f64f02e3bd7a409307f5608396711) Importer(815301076,1909f56bfc062723c751e8b465ee728b)  -> (artifact id: '88a89add10924fb9af7f950ee7496fb8') in 0.005515 seconds
  Import took 0.598487 seconds .

========================================================================
Received Prepare
Registering precompiled user dll's ...
Registered in 0.545212 seconds.
Begin MonoManager ReloadAssembly
Native extension for WindowsStandalone target not found
Native extension for WebGL target not found
Refreshing native plugins compatible for Editor in 0.80 ms, found 1 plugins.
Preloading 0 native plugins for Editor in 0.00 ms.
Mono: successfully reloaded assembly
- Completed reload, in  5.312 seconds
Platform modules already initialized, skipping
Shader 'Universal Render Pipeline/Particles/Lit': fallback shader 'Universal Render Pipeline/Particles/SimpleLit' not found
Refreshing native plugins compatible for Editor in 0.79 ms, found 1 plugins.
Preloading 0 native plugins for Editor in 0.00 ms.
Unloading 3145 Unused Serialized files (Serialized files now loaded: 0)
System memory in use before: 154.1 MB.
System memory in use after: 154.3 MB.

Unloading 9 unused Assets to reduce memory usage. Loaded Objects now: 3982.
Total: 2.601300 ms (FindLiveObjects: 0.434400 ms CreateObjectMapping: 0.102200 ms MarkObjects: 2.045400 ms  DeleteObjects: 0.018200 ms)

========================================================================
Received Import Request.
  Time since last request: 394.564041 seconds.
  path: Assets/ART/RawImage.prefab
  artifactKey: Guid(3a4cad3c55107c242ba1da1cf542a162) Importer(815301076,1909f56bfc062723c751e8b465ee728b)
Start importing Assets/ART/RawImage.prefab using Guid(3a4cad3c55107c242ba1da1cf542a162) Importer(815301076,1909f56bfc062723c751e8b465ee728b)  -> (artifact id: 'afc7ea5aed7f91abbc137421ab257370') in 0.469407 seconds
  Import took 0.549081 seconds .

========================================================================
Received Prepare
Registering precompiled user dll's ...
Registered in 0.348017 seconds.
Begin MonoManager ReloadAssembly
Native extension for WindowsStandalone target not found
Native extension for WebGL target not found
Refreshing native plugins compatible for Editor in 0.84 ms, found 1 plugins.
Preloading 0 native plugins for Editor in 0.00 ms.
Mono: successfully reloaded assembly
- Completed reload, in  4.995 seconds
Platform modules already initialized, skipping
Shader 'Universal Render Pipeline/Particles/Lit': fallback shader 'Universal Render Pipeline/Particles/SimpleLit' not found
Refreshing native plugins compatible for Editor in 0.76 ms, found 1 plugins.
Preloading 0 native plugins for Editor in 0.00 ms.
Unloading 3145 Unused Serialized files (Serialized files now loaded: 0)
System memory in use before: 154.1 MB.
System memory in use after: 154.4 MB.

Unloading 9 unused Assets to reduce memory usage. Loaded Objects now: 3985.
Total: 2.460300 ms (FindLiveObjects: 0.372100 ms CreateObjectMapping: 0.102300 ms MarkObjects: 1.970100 ms  DeleteObjects: 0.014900 ms)

========================================================================
Received Prepare
Registering precompiled user dll's ...
Registered in 0.001241 seconds.
Begin MonoManager ReloadAssembly
Native extension for WindowsStandalone target not found
Native extension for WebGL target not found
Refreshing native plugins compatible for Editor in 0.82 ms, found 1 plugins.
Preloading 0 native plugins for Editor in 0.00 ms.
Mono: successfully reloaded assembly
- Completed reload, in  1.059 seconds
Platform modules already initialized, skipping
Shader 'Universal Render Pipeline/Particles/Lit': fallback shader 'Universal Render Pipeline/Particles/SimpleLit' not found
Refreshing native plugins compatible for Editor in 1.06 ms, found 1 plugins.
Preloading 0 native plugins for Editor in 0.00 ms.
Unloading 3145 Unused Serialized files (Serialized files now loaded: 0)
System memory in use before: 154.1 MB.
System memory in use after: 154.4 MB.

Unloading 9 unused Assets to reduce memory usage. Loaded Objects now: 3988.
Total: 5.064800 ms (FindLiveObjects: 0.529300 ms CreateObjectMapping: 0.094000 ms MarkObjects: 4.423300 ms  DeleteObjects: 0.017000 ms)

